<?xml version="1.0" encoding="UTF-8" standalone="no"?>
<!DOCTYPE log SYSTEM "logger.dtd">
<log>
<record>
  <date>2018-08-28T14:11:34</date>
  <millis>1535454694427</millis>
  <sequence>0</sequence>
  <level>START</level>
  <class>com.kms.katalon.core.logging.KeywordLogger</class>
  <method>startSuite</method>
  <thread>1</thread>
  <message>Start Test Suite : Test Suites/Scenario1/Routing PG</message>
  <nestedLevel>0</nestedLevel>
  <property name="name">Routing PG</property>
  <property name="description">\u041F\u043E\u0441\u0442\u0430\u043D\u043E\u0432\u043A\u0430 \u041F\u0417 \u043D\u0430 \u043C\u0430\u0440\u0448\u0440\u0443\u0442 \u0443\u0442\u0432\u0435\u0440\u0436\u0434\u0435\u043D\u0438\u044F</property>
  <property name="id">Test Suites/Scenario1/Routing PG</property>
</record>
<record>
  <date>2018-08-28T14:11:34</date>
  <millis>1535454694443</millis>
  <sequence>1</sequence>
  <level>RUN_DATA</level>
  <class>com.kms.katalon.core.logging.KeywordLogger</class>
  <method>logMessage</method>
  <thread>1</thread>
  <message>Logging run data &amp;apos;hostName&amp;apos; with value &amp;apos;ex64 - ex64&amp;apos;</message>
  <nestedLevel>0</nestedLevel>
  <property name="hostName">ex64 - ex64</property>
</record>
<record>
  <date>2018-08-28T14:11:34</date>
  <millis>1535454694444</millis>
  <sequence>2</sequence>
  <level>RUN_DATA</level>
  <class>com.kms.katalon.core.logging.KeywordLogger</class>
  <method>logMessage</method>
  <thread>1</thread>
  <message>Logging run data &amp;apos;os&amp;apos; with value &amp;apos;Windows 7 64bit&amp;apos;</message>
  <nestedLevel>0</nestedLevel>
  <property name="os">Windows 7 64bit</property>
</record>
<record>
  <date>2018-08-28T14:11:34</date>
  <millis>1535454694444</millis>
  <sequence>3</sequence>
  <level>RUN_DATA</level>
  <class>com.kms.katalon.core.logging.KeywordLogger</class>
  <method>logMessage</method>
  <thread>1</thread>
  <message>Logging run data &amp;apos;hostAddress&amp;apos; with value &amp;apos;192.168.20.109&amp;apos;</message>
  <nestedLevel>0</nestedLevel>
  <property name="hostAddress">192.168.20.109</property>
</record>
<record>
  <date>2018-08-28T14:11:34</date>
  <millis>1535454694445</millis>
  <sequence>4</sequence>
  <level>RUN_DATA</level>
  <class>com.kms.katalon.core.logging.KeywordLogger</class>
  <method>logMessage</method>
  <thread>1</thread>
  <message>Logging run data &amp;apos;katalonVersion&amp;apos; with value &amp;apos;5.6.1.1&amp;apos;</message>
  <nestedLevel>0</nestedLevel>
  <property name="katalonVersion">5.6.1.1</property>
</record>
<record>
  <date>2018-08-28T14:11:34</date>
  <millis>1535454694643</millis>
  <sequence>5</sequence>
  <level>START</level>
  <class>com.kms.katalon.core.logging.KeywordLogger</class>
  <method>startTest</method>
  <thread>1</thread>
  <message>Start Test Case : Test Cases/Base/Schedule plan/Routing PG</message>
  <nestedLevel>1</nestedLevel>
  <property name="name">Test Cases/Base/Schedule plan/Routing PG</property>
  <property name="description">\u041F\u043E\u0441\u0442\u0430\u043D\u043E\u0432\u043A\u0430 \u043F\u043B\u0430\u043D\u0430 \u0437\u0430\u043A\u0443\u043F\u043E\u043A \u043D\u0430 \u043C\u0430\u0440\u0448\u0440\u0443\u0442 \u0443\u0442\u0432\u0435\u0440\u0436\u0434\u0435\u043D\u0438\u044F</property>
  <property name="id">Test Cases/Base/Schedule plan/Routing PG</property>
  <property name="source">T:\\Katalon Studio\\E1\\Test Cases\\Base\\Schedule plan\\Routing PG.tc</property>
  <property name="isOptional">false</property>
</record>
<record>
  <date>2018-08-28T14:11:34</date>
  <millis>1535454694660</millis>
  <sequence>6</sequence>
  <level>INFO</level>
  <class>com.kms.katalon.core.logging.KeywordLogger</class>
  <method>logMessage</method>
  <thread>1</thread>
  <message>Evaluating variables for test case</message>
  <nestedLevel>1</nestedLevel>
</record>
<record>
  <date>2018-08-28T14:11:35</date>
  <millis>1535454695005</millis>
  <sequence>7</sequence>
  <level>START</level>
  <class>com.kms.katalon.core.logging.KeywordLogger</class>
  <method>startKeyword</method>
  <thread>1</thread>
  <message>Start action : callTestCase</message>
  <nestedLevel>1</nestedLevel>
  <property name="startLine">23</property>
  <property name="stepIndex">1</property>
  <property name="description">\u0410\u0432\u0442\u043E\u0440\u0438\u0437\u0430\u0446\u0438\u044F \u0438\u0441\u043F\u043E\u043B\u043D\u0438\u0442\u0435\u043B\u0435\u043C \u0437\u0430\u043A\u0430\u0437\u0447\u0438\u043A\u0430</property>
</record>
<record>
  <date>2018-08-28T14:11:35</date>
  <millis>1535454695057</millis>
  <sequence>8</sequence>
  <level>INFO</level>
  <class>com.kms.katalon.core.logging.KeywordLogger</class>
  <method>logMessage</method>
  <thread>1</thread>
  <message>Checking called Test Case</message>
  <nestedLevel>1</nestedLevel>
</record>
<record>
  <date>2018-08-28T14:11:35</date>
  <millis>1535454695058</millis>
  <sequence>9</sequence>
  <level>INFO</level>
  <class>com.kms.katalon.core.logging.KeywordLogger</class>
  <method>logMessage</method>
  <thread>1</thread>
  <message>Starting to call Test Case &amp;apos;Test Cases/Base/Authorization&amp;apos;</message>
  <nestedLevel>1</nestedLevel>
</record>
<record>
  <date>2018-08-28T14:11:35</date>
  <millis>1535454695121</millis>
  <sequence>10</sequence>
  <level>START</level>
  <class>com.kms.katalon.core.logging.KeywordLogger</class>
  <method>startTest</method>
  <thread>1</thread>
  <message>Start Test Case : Test Cases/Base/Authorization</message>
  <nestedLevel>2</nestedLevel>
  <property name="name">Test Cases/Base/Authorization</property>
  <property name="description"></property>
  <property name="id">Test Cases/Base/Authorization</property>
  <property name="source">T:\\Katalon Studio\\E1\\Test Cases\\Base\\Authorization.tc</property>
  <property name="isOptional">false</property>
</record>
<record>
  <date>2018-08-28T14:11:35</date>
  <millis>1535454695138</millis>
  <sequence>11</sequence>
  <level>INFO</level>
  <class>com.kms.katalon.core.logging.KeywordLogger</class>
  <method>logMessage</method>
  <thread>1</thread>
  <message>Evaluating variables for test case</message>
  <nestedLevel>2</nestedLevel>
</record>
<record>
  <date>2018-08-28T14:11:35</date>
  <millis>1535454695261</millis>
  <sequence>12</sequence>
  <level>START</level>
  <class>com.kms.katalon.core.logging.KeywordLogger</class>
  <method>startKeyword</method>
  <thread>1</thread>
  <message>Start action : openBrowser</message>
  <nestedLevel>1</nestedLevel>
  <property name="startLine">23</property>
  <property name="stepIndex">1</property>
  <property name="description">\u041E\u0442\u043A\u0440\u044B\u0432\u0430\u0435\u0442\u0441\u044F \u0431\u0440\u0430\u0443\u0437\u0435\u0440</property>
</record>
<record>
  <date>2018-08-28T14:11:35</date>
  <millis>1535454695274</millis>
  <sequence>13</sequence>
  <level>INFO</level>
  <class>com.kms.katalon.core.logging.KeywordLogger</class>
  <method>logMessage</method>
  <thread>1</thread>
  <message>Checking test data id</message>
  <nestedLevel>2</nestedLevel>
</record>
<record>
  <date>2018-08-28T14:11:35</date>
  <millis>1535454695274</millis>
  <sequence>14</sequence>
  <level>INFO</level>
  <class>com.kms.katalon.core.logging.KeywordLogger</class>
  <method>logMessage</method>
  <thread>1</thread>
  <message>Finding test data with id &amp;apos;Data Files/Excel/Server&amp;apos;</message>
  <nestedLevel>2</nestedLevel>
</record>
<record>
  <date>2018-08-28T14:11:35</date>
  <millis>1535454695276</millis>
  <sequence>15</sequence>
  <level>INFO</level>
  <class>com.kms.katalon.core.logging.KeywordLogger</class>
  <method>logMessage</method>
  <thread>1</thread>
  <message>Test data is excel file, reading excel file</message>
  <nestedLevel>2</nestedLevel>
</record>
<record>
  <date>2018-08-28T14:11:35</date>
  <millis>1535454695278</millis>
  <sequence>16</sequence>
  <level>INFO</level>
  <class>com.kms.katalon.core.logging.KeywordLogger</class>
  <method>logMessage</method>
  <thread>1</thread>
  <message>Reading excel file with source file &amp;apos;T:\\Katalon Studio\\E1\\Test Data\\Test data.xlsx&amp;apos; and sheet name &amp;apos;Server&amp;apos;</message>
  <nestedLevel>2</nestedLevel>
</record>
<record>
  <date>2018-08-28T14:11:36</date>
  <millis>1535454696095</millis>
  <sequence>17</sequence>
  <level>INFO</level>
  <class>com.kms.katalon.core.logging.KeywordLogger</class>
  <method>logMessage</method>
  <thread>1</thread>
  <message>Checking test data id</message>
  <nestedLevel>2</nestedLevel>
</record>
<record>
  <date>2018-08-28T14:11:36</date>
  <millis>1535454696096</millis>
  <sequence>18</sequence>
  <level>INFO</level>
  <class>com.kms.katalon.core.logging.KeywordLogger</class>
  <method>logMessage</method>
  <thread>1</thread>
  <message>Finding test data with id &amp;apos;Data Files/Excel/User&amp;apos;</message>
  <nestedLevel>2</nestedLevel>
</record>
<record>
  <date>2018-08-28T14:11:36</date>
  <millis>1535454696099</millis>
  <sequence>19</sequence>
  <level>INFO</level>
  <class>com.kms.katalon.core.logging.KeywordLogger</class>
  <method>logMessage</method>
  <thread>1</thread>
  <message>Test data is excel file, reading excel file</message>
  <nestedLevel>2</nestedLevel>
</record>
<record>
  <date>2018-08-28T14:11:36</date>
  <millis>1535454696099</millis>
  <sequence>20</sequence>
  <level>INFO</level>
  <class>com.kms.katalon.core.logging.KeywordLogger</class>
  <method>logMessage</method>
  <thread>1</thread>
  <message>Reading excel file with source file &amp;apos;T:\\Katalon Studio\\E1\\Test Data\\Test data.xlsx&amp;apos; and sheet name &amp;apos;User&amp;apos;</message>
  <nestedLevel>2</nestedLevel>
</record>
<record>
  <date>2018-08-28T14:11:36</date>
  <millis>1535454696132</millis>
  <sequence>21</sequence>
  <level>INFO</level>
  <class>com.kms.katalon.core.logging.KeywordLogger</class>
  <method>logMessage</method>
  <thread>1</thread>
  <message>Checking test data id</message>
  <nestedLevel>2</nestedLevel>
</record>
<record>
  <date>2018-08-28T14:11:36</date>
  <millis>1535454696132</millis>
  <sequence>22</sequence>
  <level>INFO</level>
  <class>com.kms.katalon.core.logging.KeywordLogger</class>
  <method>logMessage</method>
  <thread>1</thread>
  <message>Finding test data with id &amp;apos;Data Files/Excel/User&amp;apos;</message>
  <nestedLevel>2</nestedLevel>
</record>
<record>
  <date>2018-08-28T14:11:36</date>
  <millis>1535454696135</millis>
  <sequence>23</sequence>
  <level>INFO</level>
  <class>com.kms.katalon.core.logging.KeywordLogger</class>
  <method>logMessage</method>
  <thread>1</thread>
  <message>Test data is excel file, reading excel file</message>
  <nestedLevel>2</nestedLevel>
</record>
<record>
  <date>2018-08-28T14:11:36</date>
  <millis>1535454696135</millis>
  <sequence>24</sequence>
  <level>INFO</level>
  <class>com.kms.katalon.core.logging.KeywordLogger</class>
  <method>logMessage</method>
  <thread>1</thread>
  <message>Reading excel file with source file &amp;apos;T:\\Katalon Studio\\E1\\Test Data\\Test data.xlsx&amp;apos; and sheet name &amp;apos;User&amp;apos;</message>
  <nestedLevel>2</nestedLevel>
</record>
<record>
  <date>2018-08-28T14:11:36</date>
  <millis>1535454696178</millis>
  <sequence>25</sequence>
  <level>INFO</level>
  <class>com.kms.katalon.core.logging.KeywordLogger</class>
  <method>logMessage</method>
  <thread>1</thread>
  <message>Checking test data id</message>
  <nestedLevel>2</nestedLevel>
</record>
<record>
  <date>2018-08-28T14:11:36</date>
  <millis>1535454696178</millis>
  <sequence>26</sequence>
  <level>INFO</level>
  <class>com.kms.katalon.core.logging.KeywordLogger</class>
  <method>logMessage</method>
  <thread>1</thread>
  <message>Finding test data with id &amp;apos;Data Files/Excel/Server&amp;apos;</message>
  <nestedLevel>2</nestedLevel>
</record>
<record>
  <date>2018-08-28T14:11:36</date>
  <millis>1535454696181</millis>
  <sequence>27</sequence>
  <level>INFO</level>
  <class>com.kms.katalon.core.logging.KeywordLogger</class>
  <method>logMessage</method>
  <thread>1</thread>
  <message>Test data is excel file, reading excel file</message>
  <nestedLevel>2</nestedLevel>
</record>
<record>
  <date>2018-08-28T14:11:36</date>
  <millis>1535454696181</millis>
  <sequence>28</sequence>
  <level>INFO</level>
  <class>com.kms.katalon.core.logging.KeywordLogger</class>
  <method>logMessage</method>
  <thread>1</thread>
  <message>Reading excel file with source file &amp;apos;T:\\Katalon Studio\\E1\\Test Data\\Test data.xlsx&amp;apos; and sheet name &amp;apos;Server&amp;apos;</message>
  <nestedLevel>2</nestedLevel>
</record>
<record>
  <date>2018-08-28T14:11:36</date>
  <millis>1535454696207</millis>
  <sequence>29</sequence>
  <level>INFO</level>
  <class>com.kms.katalon.core.logging.KeywordLogger</class>
  <method>logMessage</method>
  <thread>1</thread>
  <message>Checking test data id</message>
  <nestedLevel>2</nestedLevel>
</record>
<record>
  <date>2018-08-28T14:11:36</date>
  <millis>1535454696207</millis>
  <sequence>30</sequence>
  <level>INFO</level>
  <class>com.kms.katalon.core.logging.KeywordLogger</class>
  <method>logMessage</method>
  <thread>1</thread>
  <message>Finding test data with id &amp;apos;Data Files/Excel/User&amp;apos;</message>
  <nestedLevel>2</nestedLevel>
</record>
<record>
  <date>2018-08-28T14:11:36</date>
  <millis>1535454696210</millis>
  <sequence>31</sequence>
  <level>INFO</level>
  <class>com.kms.katalon.core.logging.KeywordLogger</class>
  <method>logMessage</method>
  <thread>1</thread>
  <message>Test data is excel file, reading excel file</message>
  <nestedLevel>2</nestedLevel>
</record>
<record>
  <date>2018-08-28T14:11:36</date>
  <millis>1535454696211</millis>
  <sequence>32</sequence>
  <level>INFO</level>
  <class>com.kms.katalon.core.logging.KeywordLogger</class>
  <method>logMessage</method>
  <thread>1</thread>
  <message>Reading excel file with source file &amp;apos;T:\\Katalon Studio\\E1\\Test Data\\Test data.xlsx&amp;apos; and sheet name &amp;apos;User&amp;apos;</message>
  <nestedLevel>2</nestedLevel>
</record>
<record>
  <date>2018-08-28T14:11:36</date>
  <millis>1535454696291</millis>
  <sequence>33</sequence>
  <level>INFO</level>
  <class>com.kms.katalon.core.logging.KeywordLogger</class>
  <method>logMessage</method>
  <thread>1</thread>
  <message>Checking test data id</message>
  <nestedLevel>2</nestedLevel>
</record>
<record>
  <date>2018-08-28T14:11:36</date>
  <millis>1535454696292</millis>
  <sequence>34</sequence>
  <level>INFO</level>
  <class>com.kms.katalon.core.logging.KeywordLogger</class>
  <method>logMessage</method>
  <thread>1</thread>
  <message>Finding test data with id &amp;apos;Data Files/Excel/User&amp;apos;</message>
  <nestedLevel>2</nestedLevel>
</record>
<record>
  <date>2018-08-28T14:11:36</date>
  <millis>1535454696295</millis>
  <sequence>35</sequence>
  <level>INFO</level>
  <class>com.kms.katalon.core.logging.KeywordLogger</class>
  <method>logMessage</method>
  <thread>1</thread>
  <message>Test data is excel file, reading excel file</message>
  <nestedLevel>2</nestedLevel>
</record>
<record>
  <date>2018-08-28T14:11:36</date>
  <millis>1535454696296</millis>
  <sequence>36</sequence>
  <level>INFO</level>
  <class>com.kms.katalon.core.logging.KeywordLogger</class>
  <method>logMessage</method>
  <thread>1</thread>
  <message>Reading excel file with source file &amp;apos;T:\\Katalon Studio\\E1\\Test Data\\Test data.xlsx&amp;apos; and sheet name &amp;apos;User&amp;apos;</message>
  <nestedLevel>2</nestedLevel>
</record>
<record>
  <date>2018-08-28T14:11:36</date>
  <millis>1535454696319</millis>
  <sequence>37</sequence>
  <level>INFO</level>
  <class>com.kms.katalon.core.logging.KeywordLogger</class>
  <method>logMessage</method>
  <thread>1</thread>
  <message>Checking test data id</message>
  <nestedLevel>2</nestedLevel>
</record>
<record>
  <date>2018-08-28T14:11:36</date>
  <millis>1535454696319</millis>
  <sequence>38</sequence>
  <level>INFO</level>
  <class>com.kms.katalon.core.logging.KeywordLogger</class>
  <method>logMessage</method>
  <thread>1</thread>
  <message>Finding test data with id &amp;apos;Data Files/Excel/User&amp;apos;</message>
  <nestedLevel>2</nestedLevel>
</record>
<record>
  <date>2018-08-28T14:11:36</date>
  <millis>1535454696321</millis>
  <sequence>39</sequence>
  <level>INFO</level>
  <class>com.kms.katalon.core.logging.KeywordLogger</class>
  <method>logMessage</method>
  <thread>1</thread>
  <message>Test data is excel file, reading excel file</message>
  <nestedLevel>2</nestedLevel>
</record>
<record>
  <date>2018-08-28T14:11:36</date>
  <millis>1535454696321</millis>
  <sequence>40</sequence>
  <level>INFO</level>
  <class>com.kms.katalon.core.logging.KeywordLogger</class>
  <method>logMessage</method>
  <thread>1</thread>
  <message>Reading excel file with source file &amp;apos;T:\\Katalon Studio\\E1\\Test Data\\Test data.xlsx&amp;apos; and sheet name &amp;apos;User&amp;apos;</message>
  <nestedLevel>2</nestedLevel>
</record>
<record>
  <date>2018-08-28T14:11:36</date>
  <millis>1535454696343</millis>
  <sequence>41</sequence>
  <level>INFO</level>
  <class>com.kms.katalon.core.logging.KeywordLogger</class>
  <method>logMessage</method>
  <thread>1</thread>
  <message>Checking test data id</message>
  <nestedLevel>2</nestedLevel>
</record>
<record>
  <date>2018-08-28T14:11:36</date>
  <millis>1535454696344</millis>
  <sequence>42</sequence>
  <level>INFO</level>
  <class>com.kms.katalon.core.logging.KeywordLogger</class>
  <method>logMessage</method>
  <thread>1</thread>
  <message>Finding test data with id &amp;apos;Data Files/Excel/Server&amp;apos;</message>
  <nestedLevel>2</nestedLevel>
</record>
<record>
  <date>2018-08-28T14:11:36</date>
  <millis>1535454696350</millis>
  <sequence>43</sequence>
  <level>INFO</level>
  <class>com.kms.katalon.core.logging.KeywordLogger</class>
  <method>logMessage</method>
  <thread>1</thread>
  <message>Test data is excel file, reading excel file</message>
  <nestedLevel>2</nestedLevel>
</record>
<record>
  <date>2018-08-28T14:11:36</date>
  <millis>1535454696351</millis>
  <sequence>44</sequence>
  <level>INFO</level>
  <class>com.kms.katalon.core.logging.KeywordLogger</class>
  <method>logMessage</method>
  <thread>1</thread>
  <message>Reading excel file with source file &amp;apos;T:\\Katalon Studio\\E1\\Test Data\\Test data.xlsx&amp;apos; and sheet name &amp;apos;Server&amp;apos;</message>
  <nestedLevel>2</nestedLevel>
</record>
<record>
  <date>2018-08-28T14:11:36</date>
  <millis>1535454696379</millis>
  <sequence>45</sequence>
  <level>INFO</level>
  <class>com.kms.katalon.core.logging.KeywordLogger</class>
  <method>logMessage</method>
  <thread>1</thread>
  <message>Checking test data id</message>
  <nestedLevel>2</nestedLevel>
</record>
<record>
  <date>2018-08-28T14:11:36</date>
  <millis>1535454696379</millis>
  <sequence>46</sequence>
  <level>INFO</level>
  <class>com.kms.katalon.core.logging.KeywordLogger</class>
  <method>logMessage</method>
  <thread>1</thread>
  <message>Finding test data with id &amp;apos;Data Files/Excel/User&amp;apos;</message>
  <nestedLevel>2</nestedLevel>
</record>
<record>
  <date>2018-08-28T14:11:36</date>
  <millis>1535454696381</millis>
  <sequence>47</sequence>
  <level>INFO</level>
  <class>com.kms.katalon.core.logging.KeywordLogger</class>
  <method>logMessage</method>
  <thread>1</thread>
  <message>Test data is excel file, reading excel file</message>
  <nestedLevel>2</nestedLevel>
</record>
<record>
  <date>2018-08-28T14:11:36</date>
  <millis>1535454696381</millis>
  <sequence>48</sequence>
  <level>INFO</level>
  <class>com.kms.katalon.core.logging.KeywordLogger</class>
  <method>logMessage</method>
  <thread>1</thread>
  <message>Reading excel file with source file &amp;apos;T:\\Katalon Studio\\E1\\Test Data\\Test data.xlsx&amp;apos; and sheet name &amp;apos;User&amp;apos;</message>
  <nestedLevel>2</nestedLevel>
</record>
<record>
  <date>2018-08-28T14:11:36</date>
  <millis>1535454696413</millis>
  <sequence>49</sequence>
  <level>INFO</level>
  <class>com.kms.katalon.core.logging.KeywordLogger</class>
  <method>logMessage</method>
  <thread>1</thread>
  <message>Checking test data id</message>
  <nestedLevel>2</nestedLevel>
</record>
<record>
  <date>2018-08-28T14:11:36</date>
  <millis>1535454696414</millis>
  <sequence>50</sequence>
  <level>INFO</level>
  <class>com.kms.katalon.core.logging.KeywordLogger</class>
  <method>logMessage</method>
  <thread>1</thread>
  <message>Finding test data with id &amp;apos;Data Files/Excel/User&amp;apos;</message>
  <nestedLevel>2</nestedLevel>
</record>
<record>
  <date>2018-08-28T14:11:36</date>
  <millis>1535454696416</millis>
  <sequence>51</sequence>
  <level>INFO</level>
  <class>com.kms.katalon.core.logging.KeywordLogger</class>
  <method>logMessage</method>
  <thread>1</thread>
  <message>Test data is excel file, reading excel file</message>
  <nestedLevel>2</nestedLevel>
</record>
<record>
  <date>2018-08-28T14:11:36</date>
  <millis>1535454696416</millis>
  <sequence>52</sequence>
  <level>INFO</level>
  <class>com.kms.katalon.core.logging.KeywordLogger</class>
  <method>logMessage</method>
  <thread>1</thread>
  <message>Reading excel file with source file &amp;apos;T:\\Katalon Studio\\E1\\Test Data\\Test data.xlsx&amp;apos; and sheet name &amp;apos;User&amp;apos;</message>
  <nestedLevel>2</nestedLevel>
</record>
<record>
  <date>2018-08-28T14:11:36</date>
  <millis>1535454696436</millis>
  <sequence>53</sequence>
  <level>INFO</level>
  <class>com.kms.katalon.core.logging.KeywordLogger</class>
  <method>logMessage</method>
  <thread>1</thread>
  <message>Checking test data id</message>
  <nestedLevel>2</nestedLevel>
</record>
<record>
  <date>2018-08-28T14:11:36</date>
  <millis>1535454696436</millis>
  <sequence>54</sequence>
  <level>INFO</level>
  <class>com.kms.katalon.core.logging.KeywordLogger</class>
  <method>logMessage</method>
  <thread>1</thread>
  <message>Finding test data with id &amp;apos;Data Files/Excel/User&amp;apos;</message>
  <nestedLevel>2</nestedLevel>
</record>
<record>
  <date>2018-08-28T14:11:36</date>
  <millis>1535454696438</millis>
  <sequence>55</sequence>
  <level>INFO</level>
  <class>com.kms.katalon.core.logging.KeywordLogger</class>
  <method>logMessage</method>
  <thread>1</thread>
  <message>Test data is excel file, reading excel file</message>
  <nestedLevel>2</nestedLevel>
</record>
<record>
  <date>2018-08-28T14:11:36</date>
  <millis>1535454696438</millis>
  <sequence>56</sequence>
  <level>INFO</level>
  <class>com.kms.katalon.core.logging.KeywordLogger</class>
  <method>logMessage</method>
  <thread>1</thread>
  <message>Reading excel file with source file &amp;apos;T:\\Katalon Studio\\E1\\Test Data\\Test data.xlsx&amp;apos; and sheet name &amp;apos;User&amp;apos;</message>
  <nestedLevel>2</nestedLevel>
</record>
<record>
  <date>2018-08-28T14:11:36</date>
  <millis>1535454696480</millis>
  <sequence>57</sequence>
  <level>INFO</level>
  <class>com.kms.katalon.core.logging.KeywordLogger</class>
  <method>logMessage</method>
  <thread>1</thread>
  <message>Checking test data id</message>
  <nestedLevel>2</nestedLevel>
</record>
<record>
  <date>2018-08-28T14:11:36</date>
  <millis>1535454696481</millis>
  <sequence>58</sequence>
  <level>INFO</level>
  <class>com.kms.katalon.core.logging.KeywordLogger</class>
  <method>logMessage</method>
  <thread>1</thread>
  <message>Finding test data with id &amp;apos;Data Files/Excel/User&amp;apos;</message>
  <nestedLevel>2</nestedLevel>
</record>
<record>
  <date>2018-08-28T14:11:36</date>
  <millis>1535454696485</millis>
  <sequence>59</sequence>
  <level>INFO</level>
  <class>com.kms.katalon.core.logging.KeywordLogger</class>
  <method>logMessage</method>
  <thread>1</thread>
  <message>Test data is excel file, reading excel file</message>
  <nestedLevel>2</nestedLevel>
</record>
<record>
  <date>2018-08-28T14:11:36</date>
  <millis>1535454696486</millis>
  <sequence>60</sequence>
  <level>INFO</level>
  <class>com.kms.katalon.core.logging.KeywordLogger</class>
  <method>logMessage</method>
  <thread>1</thread>
  <message>Reading excel file with source file &amp;apos;T:\\Katalon Studio\\E1\\Test Data\\Test data.xlsx&amp;apos; and sheet name &amp;apos;User&amp;apos;</message>
  <nestedLevel>2</nestedLevel>
</record>
<record>
  <date>2018-08-28T14:11:36</date>
  <millis>1535454696555</millis>
  <sequence>61</sequence>
  <level>INFO</level>
  <class>com.kms.katalon.core.logging.KeywordLogger</class>
  <method>logMessage</method>
  <thread>1</thread>
  <message>Checking test data id</message>
  <nestedLevel>2</nestedLevel>
</record>
<record>
  <date>2018-08-28T14:11:36</date>
  <millis>1535454696556</millis>
  <sequence>62</sequence>
  <level>INFO</level>
  <class>com.kms.katalon.core.logging.KeywordLogger</class>
  <method>logMessage</method>
  <thread>1</thread>
  <message>Finding test data with id &amp;apos;Data Files/Excel/User&amp;apos;</message>
  <nestedLevel>2</nestedLevel>
</record>
<record>
  <date>2018-08-28T14:11:36</date>
  <millis>1535454696558</millis>
  <sequence>63</sequence>
  <level>INFO</level>
  <class>com.kms.katalon.core.logging.KeywordLogger</class>
  <method>logMessage</method>
  <thread>1</thread>
  <message>Test data is excel file, reading excel file</message>
  <nestedLevel>2</nestedLevel>
</record>
<record>
  <date>2018-08-28T14:11:36</date>
  <millis>1535454696559</millis>
  <sequence>64</sequence>
  <level>INFO</level>
  <class>com.kms.katalon.core.logging.KeywordLogger</class>
  <method>logMessage</method>
  <thread>1</thread>
  <message>Reading excel file with source file &amp;apos;T:\\Katalon Studio\\E1\\Test Data\\Test data.xlsx&amp;apos; and sheet name &amp;apos;User&amp;apos;</message>
  <nestedLevel>2</nestedLevel>
</record>
<record>
  <date>2018-08-28T14:11:36</date>
  <millis>1535454696581</millis>
  <sequence>65</sequence>
  <level>INFO</level>
  <class>com.kms.katalon.core.logging.KeywordLogger</class>
  <method>logMessage</method>
  <thread>1</thread>
  <message>Checking test data id</message>
  <nestedLevel>2</nestedLevel>
</record>
<record>
  <date>2018-08-28T14:11:36</date>
  <millis>1535454696581</millis>
  <sequence>66</sequence>
  <level>INFO</level>
  <class>com.kms.katalon.core.logging.KeywordLogger</class>
  <method>logMessage</method>
  <thread>1</thread>
  <message>Finding test data with id &amp;apos;Data Files/Excel/User&amp;apos;</message>
  <nestedLevel>2</nestedLevel>
</record>
<record>
  <date>2018-08-28T14:11:36</date>
  <millis>1535454696583</millis>
  <sequence>67</sequence>
  <level>INFO</level>
  <class>com.kms.katalon.core.logging.KeywordLogger</class>
  <method>logMessage</method>
  <thread>1</thread>
  <message>Test data is excel file, reading excel file</message>
  <nestedLevel>2</nestedLevel>
</record>
<record>
  <date>2018-08-28T14:11:36</date>
  <millis>1535454696584</millis>
  <sequence>68</sequence>
  <level>INFO</level>
  <class>com.kms.katalon.core.logging.KeywordLogger</class>
  <method>logMessage</method>
  <thread>1</thread>
  <message>Reading excel file with source file &amp;apos;T:\\Katalon Studio\\E1\\Test Data\\Test data.xlsx&amp;apos; and sheet name &amp;apos;User&amp;apos;</message>
  <nestedLevel>2</nestedLevel>
</record>
<record>
  <date>2018-08-28T14:11:36</date>
  <millis>1535454696668</millis>
  <sequence>69</sequence>
  <level>INFO</level>
  <class>com.kms.katalon.core.logging.KeywordLogger</class>
  <method>logMessage</method>
  <thread>1</thread>
  <message>Checking test data id</message>
  <nestedLevel>2</nestedLevel>
</record>
<record>
  <date>2018-08-28T14:11:36</date>
  <millis>1535454696669</millis>
  <sequence>70</sequence>
  <level>INFO</level>
  <class>com.kms.katalon.core.logging.KeywordLogger</class>
  <method>logMessage</method>
  <thread>1</thread>
  <message>Finding test data with id &amp;apos;Data Files/Excel/User&amp;apos;</message>
  <nestedLevel>2</nestedLevel>
</record>
<record>
  <date>2018-08-28T14:11:36</date>
  <millis>1535454696673</millis>
  <sequence>71</sequence>
  <level>INFO</level>
  <class>com.kms.katalon.core.logging.KeywordLogger</class>
  <method>logMessage</method>
  <thread>1</thread>
  <message>Test data is excel file, reading excel file</message>
  <nestedLevel>2</nestedLevel>
</record>
<record>
  <date>2018-08-28T14:11:36</date>
  <millis>1535454696674</millis>
  <sequence>72</sequence>
  <level>INFO</level>
  <class>com.kms.katalon.core.logging.KeywordLogger</class>
  <method>logMessage</method>
  <thread>1</thread>
  <message>Reading excel file with source file &amp;apos;T:\\Katalon Studio\\E1\\Test Data\\Test data.xlsx&amp;apos; and sheet name &amp;apos;User&amp;apos;</message>
  <nestedLevel>2</nestedLevel>
</record>
<record>
  <date>2018-08-28T14:11:36</date>
  <millis>1535454696828</millis>
  <sequence>73</sequence>
  <level>INFO</level>
  <class>com.kms.katalon.core.logging.KeywordLogger</class>
  <method>logMessage</method>
  <thread>1</thread>
  <message>Opening browser</message>
  <nestedLevel>2</nestedLevel>
</record>
<record>
  <date>2018-08-28T14:11:36</date>
  <millis>1535454696833</millis>
  <sequence>74</sequence>
  <level>INFO</level>
  <class>com.kms.katalon.core.logging.KeywordLogger</class>
  <method>logMessage</method>
  <thread>1</thread>
  <message>Starting &amp;apos;Firefox&amp;apos; driver</message>
  <nestedLevel>2</nestedLevel>
</record>
<record>
  <date>2018-08-28T14:11:36</date>
  <millis>1535454696877</millis>
  <sequence>75</sequence>
  <level>INFO</level>
  <class>com.kms.katalon.core.logging.KeywordLogger</class>
  <method>logMessage</method>
  <thread>1</thread>
  <message>User set Firefox profile preference: [&amp;apos;browser.privatebrowsing.autostart&amp;apos;, &amp;apos;true&amp;apos;]</message>
  <nestedLevel>2</nestedLevel>
</record>
<record>
  <date>2018-08-28T14:11:36</date>
  <millis>1535454696877</millis>
  <sequence>76</sequence>
  <level>INFO</level>
  <class>com.kms.katalon.core.logging.KeywordLogger</class>
  <method>logMessage</method>
  <thread>1</thread>
  <message>Action delay is set to 0 seconds</message>
  <nestedLevel>2</nestedLevel>
</record>
<record>
  <date>2018-08-28T14:11:40</date>
  <millis>1535454700453</millis>
  <sequence>78</sequence>
  <level>RUN_DATA</level>
  <class>com.kms.katalon.core.logging.KeywordLogger</class>
  <method>logMessage</method>
  <thread>1</thread>
  <message>Logging run data &amp;apos;sessionId&amp;apos; with value &amp;apos;b101f106-d4f1-4f4f-a042-cc5a527b84e9&amp;apos;</message>
  <nestedLevel>2</nestedLevel>
  <property name="sessionId">b101f106-d4f1-4f4f-a042-cc5a527b84e9</property>
</record>
<record>
  <date>2018-08-28T14:11:40</date>
  <millis>1535454700477</millis>
  <sequence>79</sequence>
  <level>RUN_DATA</level>
  <class>com.kms.katalon.core.logging.KeywordLogger</class>
  <method>logMessage</method>
  <thread>1</thread>
  <message>Logging run data &amp;apos;browser&amp;apos; with value &amp;apos;Firefox 61.0&amp;apos;</message>
  <nestedLevel>2</nestedLevel>
  <property name="browser">Firefox 61.0</property>
</record>
<record>
  <date>2018-08-28T14:11:40</date>
  <millis>1535454700477</millis>
  <sequence>80</sequence>
  <level>RUN_DATA</level>
  <class>com.kms.katalon.core.logging.KeywordLogger</class>
  <method>logMessage</method>
  <thread>1</thread>
  <message>Logging run data &amp;apos;platform&amp;apos; with value &amp;apos;Windows 7&amp;apos;</message>
  <nestedLevel>2</nestedLevel>
  <property name="platform">Windows 7</property>
</record>
<record>
  <date>2018-08-28T14:11:40</date>
  <millis>1535454700480</millis>
  <sequence>81</sequence>
  <level>RUN_DATA</level>
  <class>com.kms.katalon.core.logging.KeywordLogger</class>
  <method>logMessage</method>
  <thread>1</thread>
  <message>Logging run data &amp;apos;seleniumVersion&amp;apos; with value &amp;apos;3.7.1&amp;apos;</message>
  <nestedLevel>2</nestedLevel>
  <property name="seleniumVersion">3.7.1</property>
</record>
<record>
  <date>2018-08-28T14:11:40</date>
  <millis>1535454700481</millis>
  <sequence>82</sequence>
  <level>RUN_DATA</level>
  <class>com.kms.katalon.core.logging.KeywordLogger</class>
  <method>logMessage</method>
  <thread>1</thread>
  <message>Logging run data &amp;apos;proxyInformation&amp;apos; with value &amp;apos;ProxyInformation{proxyOption=NO_PROXY, proxyServerType=HTTP, password=, proxyServerAddress=, proxyServerPort=0}&amp;apos;</message>
  <nestedLevel>2</nestedLevel>
  <property name="proxyInformation">ProxyInformation{proxyOption=NO_PROXY, proxyServerType=HTTP, password=, proxyServerAddress=, proxyServerPort=0}</property>
</record>
<record>
  <date>2018-08-28T14:11:40</date>
  <millis>1535454700482</millis>
  <sequence>83</sequence>
  <level>INFO</level>
  <class>com.kms.katalon.core.logging.KeywordLogger</class>
  <method>logMessage</method>
  <thread>1</thread>
  <message>Navigating browser to: &amp;apos;http://10.100.70.20/edo&amp;apos;</message>
  <nestedLevel>2</nestedLevel>
</record>
<record>
  <date>2018-08-28T14:11:43</date>
  <millis>1535454703300</millis>
  <sequence>84</sequence>
  <level>PASSED</level>
  <class>com.kms.katalon.core.logging.KeywordLogger</class>
  <method>logMessage</method>
  <thread>1</thread>
  <message>Browser is opened with url: &amp;apos;http://10.100.70.20/edo&amp;apos;</message>
  <nestedLevel>2</nestedLevel>
</record>
<record>
  <date>2018-08-28T14:11:43</date>
  <millis>1535454703300</millis>
  <sequence>85</sequence>
  <level>END</level>
  <class>com.kms.katalon.core.logging.KeywordLogger</class>
  <method>endKeyword</method>
  <thread>1</thread>
  <message>End action : openBrowser</message>
  <nestedLevel>1</nestedLevel>
</record>
<record>
  <date>2018-08-28T14:11:43</date>
  <millis>1535454703301</millis>
  <sequence>86</sequence>
  <level>START</level>
  <class>com.kms.katalon.core.logging.KeywordLogger</class>
  <method>startKeyword</method>
  <thread>1</thread>
  <message>Start action : deleteAllCookies</message>
  <nestedLevel>1</nestedLevel>
  <property name="startLine">26</property>
  <property name="stepIndex">2</property>
  <property name="description">\u041E\u0447\u0438\u0449\u0430\u044E\u0442\u0441\u044F \u043A\u0443\u043A\u0438</property>
</record>
<record>
  <date>2018-08-28T14:11:43</date>
  <millis>1535454703315</millis>
  <sequence>87</sequence>
  <level>PASSED</level>
  <class>com.kms.katalon.core.logging.KeywordLogger</class>
  <method>logMessage</method>
  <thread>1</thread>
  <message>Delete all cookies successfully</message>
  <nestedLevel>2</nestedLevel>
</record>
<record>
  <date>2018-08-28T14:11:43</date>
  <millis>1535454703316</millis>
  <sequence>88</sequence>
  <level>END</level>
  <class>com.kms.katalon.core.logging.KeywordLogger</class>
  <method>endKeyword</method>
  <thread>1</thread>
  <message>End action : deleteAllCookies</message>
  <nestedLevel>1</nestedLevel>
</record>
<record>
  <date>2018-08-28T14:11:43</date>
  <millis>1535454703316</millis>
  <sequence>89</sequence>
  <level>START</level>
  <class>com.kms.katalon.core.logging.KeywordLogger</class>
  <method>startKeyword</method>
  <thread>1</thread>
  <message>Start action : refresh</message>
  <nestedLevel>1</nestedLevel>
  <property name="startLine">29</property>
  <property name="stepIndex">3</property>
  <property name="description">\u041E\u0431\u043D\u043E\u0432\u043B\u0435\u043D\u0438\u0435 \u0441\u0442\u0440\u0430\u043D\u0438\u0447\u043A\u0438</property>
</record>
<record>
  <date>2018-08-28T14:11:43</date>
  <millis>1535454703324</millis>
  <sequence>90</sequence>
  <level>INFO</level>
  <class>com.kms.katalon.core.logging.KeywordLogger</class>
  <method>logMessage</method>
  <thread>1</thread>
  <message>Refreshing</message>
  <nestedLevel>2</nestedLevel>
</record>
<record>
  <date>2018-08-28T14:11:45</date>
  <millis>1535454705823</millis>
  <sequence>91</sequence>
  <level>PASSED</level>
  <class>com.kms.katalon.core.logging.KeywordLogger</class>
  <method>logMessage</method>
  <thread>1</thread>
  <message>Refresh successfully</message>
  <nestedLevel>2</nestedLevel>
</record>
<record>
  <date>2018-08-28T14:11:45</date>
  <millis>1535454705823</millis>
  <sequence>92</sequence>
  <level>END</level>
  <class>com.kms.katalon.core.logging.KeywordLogger</class>
  <method>endKeyword</method>
  <thread>1</thread>
  <message>End action : refresh</message>
  <nestedLevel>1</nestedLevel>
</record>
<record>
  <date>2018-08-28T14:11:45</date>
  <millis>1535454705824</millis>
  <sequence>93</sequence>
  <level>START</level>
  <class>com.kms.katalon.core.logging.KeywordLogger</class>
  <method>startKeyword</method>
  <thread>1</thread>
  <message>Start action : maximizeWindow</message>
  <nestedLevel>1</nestedLevel>
  <property name="startLine">32</property>
  <property name="stepIndex">4</property>
  <property name="description">\u041C\u0430\u043A\u0441\u0438\u043C\u0430\u043B\u044C\u043D\u044B\u0439 \u044D\u043A\u0440\u0430\u043D \u0431\u0440\u0430\u0443\u0437\u0435\u0440\u0430</property>
</record>
<record>
  <date>2018-08-28T14:11:45</date>
  <millis>1535454705835</millis>
  <sequence>94</sequence>
  <level>INFO</level>
  <class>com.kms.katalon.core.logging.KeywordLogger</class>
  <method>logMessage</method>
  <thread>1</thread>
  <message>Maximizing current window</message>
  <nestedLevel>2</nestedLevel>
</record>
<record>
  <date>2018-08-28T14:11:45</date>
  <millis>1535454705921</millis>
  <sequence>95</sequence>
  <level>PASSED</level>
  <class>com.kms.katalon.core.logging.KeywordLogger</class>
  <method>logMessage</method>
  <thread>1</thread>
  <message>Current window maximized</message>
  <nestedLevel>2</nestedLevel>
</record>
<record>
  <date>2018-08-28T14:11:45</date>
  <millis>1535454705922</millis>
  <sequence>96</sequence>
  <level>END</level>
  <class>com.kms.katalon.core.logging.KeywordLogger</class>
  <method>endKeyword</method>
  <thread>1</thread>
  <message>End action : maximizeWindow</message>
  <nestedLevel>1</nestedLevel>
</record>
<record>
  <date>2018-08-28T14:11:45</date>
  <millis>1535454705923</millis>
  <sequence>97</sequence>
  <level>START</level>
  <class>com.kms.katalon.core.logging.KeywordLogger</class>
  <method>startKeyword</method>
  <thread>1</thread>
  <message>Start action : setText</message>
  <nestedLevel>1</nestedLevel>
  <property name="startLine">35</property>
  <property name="stepIndex">5</property>
  <property name="description">\u0412\u0432\u043E\u0434 \u043B\u043E\u0433\u0438\u043D\u0430</property>
</record>
<record>
  <date>2018-08-28T14:11:45</date>
  <millis>1535454705928</millis>
  <sequence>98</sequence>
  <level>INFO</level>
  <class>com.kms.katalon.core.logging.KeywordLogger</class>
  <method>logMessage</method>
  <thread>1</thread>
  <message>Finding Test Object with id &amp;apos;Object Repository/page_authorization/input_login&amp;apos;</message>
  <nestedLevel>2</nestedLevel>
</record>
<record>
  <date>2018-08-28T14:11:45</date>
  <millis>1535454705957</millis>
  <sequence>99</sequence>
  <level>INFO</level>
  <class>com.kms.katalon.core.logging.KeywordLogger</class>
  <method>logMessage</method>
  <thread>1</thread>
  <message>Checking object</message>
  <nestedLevel>2</nestedLevel>
</record>
<record>
  <date>2018-08-28T14:11:45</date>
  <millis>1535454705957</millis>
  <sequence>100</sequence>
  <level>INFO</level>
  <class>com.kms.katalon.core.logging.KeywordLogger</class>
  <method>logMessage</method>
  <thread>1</thread>
  <message>Checking text</message>
  <nestedLevel>2</nestedLevel>
</record>
<record>
  <date>2018-08-28T14:11:45</date>
  <millis>1535454705958</millis>
  <sequence>101</sequence>
  <level>INFO</level>
  <class>com.kms.katalon.core.logging.KeywordLogger</class>
  <method>logMessage</method>
  <thread>1</thread>
  <message>Checking timeout</message>
  <nestedLevel>2</nestedLevel>
</record>
<record>
  <date>2018-08-28T14:11:45</date>
  <millis>1535454705967</millis>
  <sequence>102</sequence>
  <level>INFO</level>
  <class>com.kms.katalon.core.logging.KeywordLogger</class>
  <method>logMessage</method>
  <thread>1</thread>
  <message>Finding web element with id: &amp;apos;Object Repository/page_authorization/input_login&amp;apos; located by &amp;apos;By.xpath: //*[@id = &amp;apos;content-login-username&amp;apos;]&amp;apos; in &amp;apos;120&amp;apos; second(s)</message>
  <nestedLevel>2</nestedLevel>
</record>
<record>
  <date>2018-08-28T14:11:45</date>
  <millis>1535454705989</millis>
  <sequence>103</sequence>
  <level>INFO</level>
  <class>com.kms.katalon.core.logging.KeywordLogger</class>
  <method>logMessage</method>
  <thread>1</thread>
  <message>Found 1 web elements with id: &amp;apos;Object Repository/page_authorization/input_login&amp;apos; located by &amp;apos;By.xpath: //*[@id = &amp;apos;content-login-username&amp;apos;]&amp;apos; in &amp;apos;120&amp;apos; second(s)</message>
  <nestedLevel>2</nestedLevel>
</record>
<record>
  <date>2018-08-28T14:11:45</date>
  <millis>1535454705990</millis>
  <sequence>104</sequence>
  <level>INFO</level>
  <class>com.kms.katalon.core.logging.KeywordLogger</class>
  <method>logMessage</method>
  <thread>1</thread>
  <message>Clearing text of object &amp;apos;Object Repository/page_authorization/input_login&amp;apos;</message>
  <nestedLevel>2</nestedLevel>
</record>
<record>
  <date>2018-08-28T14:11:46</date>
  <millis>1535454706015</millis>
  <sequence>105</sequence>
  <level>INFO</level>
  <class>com.kms.katalon.core.logging.KeywordLogger</class>
  <method>logMessage</method>
  <thread>1</thread>
  <message>Checking timeout</message>
  <nestedLevel>2</nestedLevel>
</record>
<record>
  <date>2018-08-28T14:11:46</date>
  <millis>1535454706016</millis>
  <sequence>106</sequence>
  <level>INFO</level>
  <class>com.kms.katalon.core.logging.KeywordLogger</class>
  <method>logMessage</method>
  <thread>1</thread>
  <message>Finding web element with id: &amp;apos;Object Repository/page_authorization/input_login&amp;apos; located by &amp;apos;By.xpath: //*[@id = &amp;apos;content-login-username&amp;apos;]&amp;apos; in &amp;apos;120&amp;apos; second(s)</message>
  <nestedLevel>2</nestedLevel>
</record>
<record>
  <date>2018-08-28T14:11:46</date>
  <millis>1535454706024</millis>
  <sequence>107</sequence>
  <level>INFO</level>
  <class>com.kms.katalon.core.logging.KeywordLogger</class>
  <method>logMessage</method>
  <thread>1</thread>
  <message>Found 1 web elements with id: &amp;apos;Object Repository/page_authorization/input_login&amp;apos; located by &amp;apos;By.xpath: //*[@id = &amp;apos;content-login-username&amp;apos;]&amp;apos; in &amp;apos;120&amp;apos; second(s)</message>
  <nestedLevel>2</nestedLevel>
</record>
<record>
  <date>2018-08-28T14:11:46</date>
  <millis>1535454706034</millis>
  <sequence>108</sequence>
  <level>INFO</level>
  <class>com.kms.katalon.core.logging.KeywordLogger</class>
  <method>logMessage</method>
  <thread>1</thread>
  <message>Setting text of object &amp;apos;Object Repository/page_authorization/input_login&amp;apos; to value &amp;apos;autoui202&amp;apos;</message>
  <nestedLevel>2</nestedLevel>
</record>
<record>
  <date>2018-08-28T14:11:46</date>
  <millis>1535454706107</millis>
  <sequence>109</sequence>
  <level>PASSED</level>
  <class>com.kms.katalon.core.logging.KeywordLogger</class>
  <method>logMessage</method>
  <thread>1</thread>
  <message>Text &amp;apos;autoui202&amp;apos; is set on object &amp;apos;Object Repository/page_authorization/input_login&amp;apos;</message>
  <nestedLevel>2</nestedLevel>
</record>
<record>
  <date>2018-08-28T14:11:46</date>
  <millis>1535454706109</millis>
  <sequence>110</sequence>
  <level>END</level>
  <class>com.kms.katalon.core.logging.KeywordLogger</class>
  <method>endKeyword</method>
  <thread>1</thread>
  <message>End action : setText</message>
  <nestedLevel>1</nestedLevel>
</record>
<record>
  <date>2018-08-28T14:11:46</date>
  <millis>1535454706109</millis>
  <sequence>111</sequence>
  <level>START</level>
  <class>com.kms.katalon.core.logging.KeywordLogger</class>
  <method>startKeyword</method>
  <thread>1</thread>
  <message>Start action : setText</message>
  <nestedLevel>1</nestedLevel>
  <property name="startLine">38</property>
  <property name="stepIndex">6</property>
  <property name="description">\u0412\u0432\u043E\u0434 \u043F\u0430\u0440\u043E\u043B\u044F</property>
</record>
<record>
  <date>2018-08-28T14:11:46</date>
  <millis>1535454706111</millis>
  <sequence>112</sequence>
  <level>INFO</level>
  <class>com.kms.katalon.core.logging.KeywordLogger</class>
  <method>logMessage</method>
  <thread>1</thread>
  <message>Finding Test Object with id &amp;apos;Object Repository/page_authorization/input_password&amp;apos;</message>
  <nestedLevel>2</nestedLevel>
</record>
<record>
  <date>2018-08-28T14:11:46</date>
  <millis>1535454706113</millis>
  <sequence>113</sequence>
  <level>INFO</level>
  <class>com.kms.katalon.core.logging.KeywordLogger</class>
  <method>logMessage</method>
  <thread>1</thread>
  <message>Checking object</message>
  <nestedLevel>2</nestedLevel>
</record>
<record>
  <date>2018-08-28T14:11:46</date>
  <millis>1535454706113</millis>
  <sequence>114</sequence>
  <level>INFO</level>
  <class>com.kms.katalon.core.logging.KeywordLogger</class>
  <method>logMessage</method>
  <thread>1</thread>
  <message>Checking text</message>
  <nestedLevel>2</nestedLevel>
</record>
<record>
  <date>2018-08-28T14:11:46</date>
  <millis>1535454706113</millis>
  <sequence>115</sequence>
  <level>INFO</level>
  <class>com.kms.katalon.core.logging.KeywordLogger</class>
  <method>logMessage</method>
  <thread>1</thread>
  <message>Checking timeout</message>
  <nestedLevel>2</nestedLevel>
</record>
<record>
  <date>2018-08-28T14:11:46</date>
  <millis>1535454706116</millis>
  <sequence>116</sequence>
  <level>INFO</level>
  <class>com.kms.katalon.core.logging.KeywordLogger</class>
  <method>logMessage</method>
  <thread>1</thread>
  <message>Finding web element with id: &amp;apos;Object Repository/page_authorization/input_password&amp;apos; located by &amp;apos;By.xpath: //*[@id = &amp;apos;content-login-password&amp;apos;]&amp;apos; in &amp;apos;120&amp;apos; second(s)</message>
  <nestedLevel>2</nestedLevel>
</record>
<record>
  <date>2018-08-28T14:11:46</date>
  <millis>1535454706169</millis>
  <sequence>117</sequence>
  <level>INFO</level>
  <class>com.kms.katalon.core.logging.KeywordLogger</class>
  <method>logMessage</method>
  <thread>1</thread>
  <message>Found 1 web elements with id: &amp;apos;Object Repository/page_authorization/input_password&amp;apos; located by &amp;apos;By.xpath: //*[@id = &amp;apos;content-login-password&amp;apos;]&amp;apos; in &amp;apos;120&amp;apos; second(s)</message>
  <nestedLevel>2</nestedLevel>
</record>
<record>
  <date>2018-08-28T14:11:46</date>
  <millis>1535454706169</millis>
  <sequence>118</sequence>
  <level>INFO</level>
  <class>com.kms.katalon.core.logging.KeywordLogger</class>
  <method>logMessage</method>
  <thread>1</thread>
  <message>Clearing text of object &amp;apos;Object Repository/page_authorization/input_password&amp;apos;</message>
  <nestedLevel>2</nestedLevel>
</record>
<record>
  <date>2018-08-28T14:11:46</date>
  <millis>1535454706185</millis>
  <sequence>119</sequence>
  <level>INFO</level>
  <class>com.kms.katalon.core.logging.KeywordLogger</class>
  <method>logMessage</method>
  <thread>1</thread>
  <message>Checking timeout</message>
  <nestedLevel>2</nestedLevel>
</record>
<record>
  <date>2018-08-28T14:11:46</date>
  <millis>1535454706185</millis>
  <sequence>120</sequence>
  <level>INFO</level>
  <class>com.kms.katalon.core.logging.KeywordLogger</class>
  <method>logMessage</method>
  <thread>1</thread>
  <message>Finding web element with id: &amp;apos;Object Repository/page_authorization/input_password&amp;apos; located by &amp;apos;By.xpath: //*[@id = &amp;apos;content-login-password&amp;apos;]&amp;apos; in &amp;apos;120&amp;apos; second(s)</message>
  <nestedLevel>2</nestedLevel>
</record>
<record>
  <date>2018-08-28T14:11:46</date>
  <millis>1535454706199</millis>
  <sequence>121</sequence>
  <level>INFO</level>
  <class>com.kms.katalon.core.logging.KeywordLogger</class>
  <method>logMessage</method>
  <thread>1</thread>
  <message>Found 1 web elements with id: &amp;apos;Object Repository/page_authorization/input_password&amp;apos; located by &amp;apos;By.xpath: //*[@id = &amp;apos;content-login-password&amp;apos;]&amp;apos; in &amp;apos;120&amp;apos; second(s)</message>
  <nestedLevel>2</nestedLevel>
</record>
<record>
  <date>2018-08-28T14:11:46</date>
  <millis>1535454706204</millis>
  <sequence>122</sequence>
  <level>INFO</level>
  <class>com.kms.katalon.core.logging.KeywordLogger</class>
  <method>logMessage</method>
  <thread>1</thread>
  <message>Setting text of object &amp;apos;Object Repository/page_authorization/input_password&amp;apos; to value &amp;apos;Gfhjkm123&amp;apos;</message>
  <nestedLevel>2</nestedLevel>
</record>
<record>
  <date>2018-08-28T14:11:46</date>
  <millis>1535454706257</millis>
  <sequence>123</sequence>
  <level>PASSED</level>
  <class>com.kms.katalon.core.logging.KeywordLogger</class>
  <method>logMessage</method>
  <thread>1</thread>
  <message>Text &amp;apos;Gfhjkm123&amp;apos; is set on object &amp;apos;Object Repository/page_authorization/input_password&amp;apos;</message>
  <nestedLevel>2</nestedLevel>
</record>
<record>
  <date>2018-08-28T14:11:46</date>
  <millis>1535454706258</millis>
  <sequence>124</sequence>
  <level>END</level>
  <class>com.kms.katalon.core.logging.KeywordLogger</class>
  <method>endKeyword</method>
  <thread>1</thread>
  <message>End action : setText</message>
  <nestedLevel>1</nestedLevel>
</record>
<record>
  <date>2018-08-28T14:11:46</date>
  <millis>1535454706259</millis>
  <sequence>125</sequence>
  <level>START</level>
  <class>com.kms.katalon.core.logging.KeywordLogger</class>
  <method>startKeyword</method>
  <thread>1</thread>
  <message>Start action : click</message>
  <nestedLevel>1</nestedLevel>
  <property name="startLine">41</property>
  <property name="stepIndex">7</property>
  <property name="description">\u041A\u043B\u0438\u043A \u043F\u043E \u043A\u043D\u043E\u043F\u043A\u0435 \&quot;\u0412\u043E\u0439\u0442\u0438\&quot;</property>
</record>
<record>
  <date>2018-08-28T14:11:46</date>
  <millis>1535454706262</millis>
  <sequence>126</sequence>
  <level>INFO</level>
  <class>com.kms.katalon.core.logging.KeywordLogger</class>
  <method>logMessage</method>
  <thread>1</thread>
  <message>Finding Test Object with id &amp;apos;Object Repository/page_authorization/button_come&amp;apos;</message>
  <nestedLevel>2</nestedLevel>
</record>
<record>
  <date>2018-08-28T14:11:46</date>
  <millis>1535454706278</millis>
  <sequence>127</sequence>
  <level>INFO</level>
  <class>com.kms.katalon.core.logging.KeywordLogger</class>
  <method>logMessage</method>
  <thread>1</thread>
  <message>Checking object</message>
  <nestedLevel>2</nestedLevel>
</record>
<record>
  <date>2018-08-28T14:11:46</date>
  <millis>1535454706278</millis>
  <sequence>128</sequence>
  <level>INFO</level>
  <class>com.kms.katalon.core.logging.KeywordLogger</class>
  <method>logMessage</method>
  <thread>1</thread>
  <message>Checking timeout</message>
  <nestedLevel>2</nestedLevel>
</record>
<record>
  <date>2018-08-28T14:11:46</date>
  <millis>1535454706284</millis>
  <sequence>129</sequence>
  <level>INFO</level>
  <class>com.kms.katalon.core.logging.KeywordLogger</class>
  <method>logMessage</method>
  <thread>1</thread>
  <message>Finding web element with id: &amp;apos;Object Repository/page_authorization/button_come&amp;apos; located by &amp;apos;By.xpath: //button[contains(text(),&amp;apos;\u0412\u043E\u0439\u0442\u0438&amp;apos;)]&amp;apos; in &amp;apos;120&amp;apos; second(s)</message>
  <nestedLevel>2</nestedLevel>
</record>
<record>
  <date>2018-08-28T14:11:46</date>
  <millis>1535454706320</millis>
  <sequence>130</sequence>
  <level>INFO</level>
  <class>com.kms.katalon.core.logging.KeywordLogger</class>
  <method>logMessage</method>
  <thread>1</thread>
  <message>Found 1 web elements with id: &amp;apos;Object Repository/page_authorization/button_come&amp;apos; located by &amp;apos;By.xpath: //button[contains(text(),&amp;apos;\u0412\u043E\u0439\u0442\u0438&amp;apos;)]&amp;apos; in &amp;apos;120&amp;apos; second(s)</message>
  <nestedLevel>2</nestedLevel>
</record>
<record>
  <date>2018-08-28T14:11:46</date>
  <millis>1535454706320</millis>
  <sequence>131</sequence>
  <level>INFO</level>
  <class>com.kms.katalon.core.logging.KeywordLogger</class>
  <method>logMessage</method>
  <thread>1</thread>
  <message>Clicking on object: &amp;apos;Object Repository/page_authorization/button_come&amp;apos;</message>
  <nestedLevel>2</nestedLevel>
</record>
<record>
  <date>2018-08-28T14:11:48</date>
  <millis>1535454708960</millis>
  <sequence>132</sequence>
  <level>PASSED</level>
  <class>com.kms.katalon.core.logging.KeywordLogger</class>
  <method>logMessage</method>
  <thread>1</thread>
  <message>Object: &amp;apos;Object Repository/page_authorization/button_come&amp;apos; is clicked on</message>
  <nestedLevel>2</nestedLevel>
</record>
<record>
  <date>2018-08-28T14:11:48</date>
  <millis>1535454708962</millis>
  <sequence>133</sequence>
  <level>END</level>
  <class>com.kms.katalon.core.logging.KeywordLogger</class>
  <method>endKeyword</method>
  <thread>1</thread>
  <message>End action : click</message>
  <nestedLevel>1</nestedLevel>
</record>
<record>
  <date>2018-08-28T14:11:48</date>
  <millis>1535454708963</millis>
  <sequence>134</sequence>
  <level>START</level>
  <class>com.kms.katalon.core.logging.KeywordLogger</class>
  <method>startKeyword</method>
  <thread>1</thread>
  <message>Start action : waitForElementPresent</message>
  <nestedLevel>1</nestedLevel>
  <property name="startLine">44</property>
  <property name="stepIndex">8</property>
  <property name="description">\u041F\u0440\u043E\u0432\u0435\u0440\u043A\u0430 \u043D\u0430\u043B\u0438\u0447\u0438\u044F \u043A\u043D\u043E\u043F\u043A\u0438 \&quot;\u0412\u044B\u0445\u043E\u0434\&quot;</property>
</record>
<record>
  <date>2018-08-28T14:11:48</date>
  <millis>1535454708967</millis>
  <sequence>135</sequence>
  <level>INFO</level>
  <class>com.kms.katalon.core.logging.KeywordLogger</class>
  <method>logMessage</method>
  <thread>1</thread>
  <message>Finding Test Object with id &amp;apos;Object Repository/page_home/span_exit&amp;apos;</message>
  <nestedLevel>2</nestedLevel>
</record>
<record>
  <date>2018-08-28T14:11:48</date>
  <millis>1535454708978</millis>
  <sequence>136</sequence>
  <level>INFO</level>
  <class>com.kms.katalon.core.logging.KeywordLogger</class>
  <method>logMessage</method>
  <thread>1</thread>
  <message>Checking object</message>
  <nestedLevel>2</nestedLevel>
</record>
<record>
  <date>2018-08-28T14:11:48</date>
  <millis>1535454708979</millis>
  <sequence>137</sequence>
  <level>INFO</level>
  <class>com.kms.katalon.core.logging.KeywordLogger</class>
  <method>logMessage</method>
  <thread>1</thread>
  <message>Checking timeout</message>
  <nestedLevel>2</nestedLevel>
</record>
<record>
  <date>2018-08-28T14:11:48</date>
  <millis>1535454708979</millis>
  <sequence>138</sequence>
  <level>INFO</level>
  <class>com.kms.katalon.core.logging.KeywordLogger</class>
  <method>logMessage</method>
  <thread>1</thread>
  <message>Finding web element with id: &amp;apos;Object Repository/page_home/span_exit&amp;apos; located by &amp;apos;By.xpath: //span[contains(text(),&amp;apos;\u0412\u044B\u0445\u043E\u0434&amp;apos;)]&amp;apos; in &amp;apos;60&amp;apos; second(s)</message>
  <nestedLevel>2</nestedLevel>
</record>
<record>
  <date>2018-08-28T14:11:49</date>
  <millis>1535454709022</millis>
  <sequence>139</sequence>
  <level>INFO</level>
  <class>com.kms.katalon.core.logging.KeywordLogger</class>
  <method>logMessage</method>
  <thread>1</thread>
  <message>Found 1 web elements with id: &amp;apos;Object Repository/page_home/span_exit&amp;apos; located by &amp;apos;By.xpath: //span[contains(text(),&amp;apos;\u0412\u044B\u0445\u043E\u0434&amp;apos;)]&amp;apos; in &amp;apos;60&amp;apos; second(s)</message>
  <nestedLevel>2</nestedLevel>
</record>
<record>
  <date>2018-08-28T14:11:49</date>
  <millis>1535454709023</millis>
  <sequence>140</sequence>
  <level>PASSED</level>
  <class>com.kms.katalon.core.logging.KeywordLogger</class>
  <method>logMessage</method>
  <thread>1</thread>
  <message>Object &amp;apos;Object Repository/page_home/span_exit&amp;apos; is present</message>
  <nestedLevel>2</nestedLevel>
</record>
<record>
  <date>2018-08-28T14:11:49</date>
  <millis>1535454709023</millis>
  <sequence>141</sequence>
  <level>END</level>
  <class>com.kms.katalon.core.logging.KeywordLogger</class>
  <method>endKeyword</method>
  <thread>1</thread>
  <message>End action : waitForElementPresent</message>
  <nestedLevel>1</nestedLevel>
</record>
<record>
  <date>2018-08-28T14:11:49</date>
  <millis>1535454709023</millis>
  <sequence>142</sequence>
  <level>PASSED</level>
  <class>com.kms.katalon.core.logging.KeywordLogger</class>
  <method>logMessage</method>
  <thread>1</thread>
  <message>Test Cases/Base/Authorization</message>
  <nestedLevel>2</nestedLevel>
</record>
<record>
  <date>2018-08-28T14:11:49</date>
  <millis>1535454709023</millis>
  <sequence>143</sequence>
  <level>END</level>
  <class>com.kms.katalon.core.logging.KeywordLogger</class>
  <method>endTest</method>
  <thread>1</thread>
  <message>End Test Case : Test Cases/Base/Authorization</message>
  <nestedLevel>1</nestedLevel>
</record>
<record>
  <date>2018-08-28T14:11:49</date>
  <millis>1535454709026</millis>
  <sequence>144</sequence>
  <level>PASSED</level>
  <class>com.kms.katalon.core.logging.KeywordLogger</class>
  <method>logMessage</method>
  <thread>1</thread>
  <message>Call Test Case &amp;apos;Test Cases/Base/Authorization&amp;apos; successfully</message>
  <nestedLevel>1</nestedLevel>
</record>
<record>
  <date>2018-08-28T14:11:49</date>
  <millis>1535454709026</millis>
  <sequence>145</sequence>
  <level>END</level>
  <class>com.kms.katalon.core.logging.KeywordLogger</class>
  <method>endKeyword</method>
  <thread>1</thread>
  <message>End action : callTestCase</message>
  <nestedLevel>1</nestedLevel>
</record>
<record>
  <date>2018-08-28T14:11:49</date>
  <millis>1535454709026</millis>
  <sequence>146</sequence>
  <level>START</level>
  <class>com.kms.katalon.core.logging.KeywordLogger</class>
  <method>startKeyword</method>
  <thread>1</thread>
  <message>Start action : callTestCase</message>
  <nestedLevel>1</nestedLevel>
  <property name="startLine">26</property>
  <property name="stepIndex">2</property>
  <property name="description">\u041E\u0442\u043A\u0440\u044B\u0442\u044C \u043E\u043F\u0440\u0435\u0434\u0435\u043B\u0435\u043D\u043D\u044B\u0439 \u043F\u043B\u0430\u043D \u0433\u0440\u0430\u0444\u0438\u043A</property>
</record>
<record>
  <date>2018-08-28T14:11:49</date>
  <millis>1535454709038</millis>
  <sequence>147</sequence>
  <level>INFO</level>
  <class>com.kms.katalon.core.logging.KeywordLogger</class>
  <method>logMessage</method>
  <thread>1</thread>
  <message>Checking called Test Case</message>
  <nestedLevel>1</nestedLevel>
</record>
<record>
  <date>2018-08-28T14:11:49</date>
  <millis>1535454709038</millis>
  <sequence>148</sequence>
  <level>INFO</level>
  <class>com.kms.katalon.core.logging.KeywordLogger</class>
  <method>logMessage</method>
  <thread>1</thread>
  <message>Starting to call Test Case &amp;apos;Test Cases/Base/Schedule plan/Open schedule plan&amp;apos;</message>
  <nestedLevel>1</nestedLevel>
</record>
<record>
  <date>2018-08-28T14:11:49</date>
  <millis>1535454709090</millis>
  <sequence>149</sequence>
  <level>START</level>
  <class>com.kms.katalon.core.logging.KeywordLogger</class>
  <method>startTest</method>
  <thread>1</thread>
  <message>Start Test Case : Test Cases/Base/Schedule plan/Open schedule plan</message>
  <nestedLevel>2</nestedLevel>
  <property name="name">Test Cases/Base/Schedule plan/Open schedule plan</property>
  <property name="description">\u041E\u0442\u043A\u0440\u044B\u0442\u0438\u0435 \u043F\u043B\u0430\u043D \u0433\u0440\u0430\u0444\u0438\u043A\u0430</property>
  <property name="id">Test Cases/Base/Schedule plan/Open schedule plan</property>
  <property name="source">T:\\Katalon Studio\\E1\\Test Cases\\Base\\Schedule plan\\Open schedule plan.tc</property>
  <property name="isOptional">false</property>
</record>
<record>
  <date>2018-08-28T14:11:49</date>
  <millis>1535454709109</millis>
  <sequence>150</sequence>
  <level>INFO</level>
  <class>com.kms.katalon.core.logging.KeywordLogger</class>
  <method>logMessage</method>
  <thread>1</thread>
  <message>Evaluating variables for test case</message>
  <nestedLevel>2</nestedLevel>
</record>
<record>
  <date>2018-08-28T14:11:49</date>
  <millis>1535454709246</millis>
  <sequence>151</sequence>
  <level>START</level>
  <class>com.kms.katalon.core.logging.KeywordLogger</class>
  <method>startKeyword</method>
  <thread>1</thread>
  <message>Start action : waitForElementPresent</message>
  <nestedLevel>1</nestedLevel>
  <property name="startLine">23</property>
  <property name="stepIndex">1</property>
  <property name="description">\u041E\u0436\u0438\u0434\u0430\u043D\u0438\u0435 \u043C\u0435\u043D\u044E \u041F\u043B\u0430\u043D\u0438\u0440\u043E\u0432\u0430\u043D\u0438\u0435</property>
</record>
<record>
  <date>2018-08-28T14:11:49</date>
  <millis>1535454709252</millis>
  <sequence>152</sequence>
  <level>INFO</level>
  <class>com.kms.katalon.core.logging.KeywordLogger</class>
  <method>logMessage</method>
  <thread>1</thread>
  <message>Finding Test Object with id &amp;apos;Object Repository/page_home/span_planning&amp;apos;</message>
  <nestedLevel>2</nestedLevel>
</record>
<record>
  <date>2018-08-28T14:11:49</date>
  <millis>1535454709254</millis>
  <sequence>153</sequence>
  <level>INFO</level>
  <class>com.kms.katalon.core.logging.KeywordLogger</class>
  <method>logMessage</method>
  <thread>1</thread>
  <message>Checking object</message>
  <nestedLevel>2</nestedLevel>
</record>
<record>
  <date>2018-08-28T14:11:49</date>
  <millis>1535454709254</millis>
  <sequence>154</sequence>
  <level>INFO</level>
  <class>com.kms.katalon.core.logging.KeywordLogger</class>
  <method>logMessage</method>
  <thread>1</thread>
  <message>Checking timeout</message>
  <nestedLevel>2</nestedLevel>
</record>
<record>
  <date>2018-08-28T14:11:49</date>
  <millis>1535454709255</millis>
  <sequence>155</sequence>
  <level>INFO</level>
  <class>com.kms.katalon.core.logging.KeywordLogger</class>
  <method>logMessage</method>
  <thread>1</thread>
  <message>Finding web element with id: &amp;apos;Object Repository/page_home/span_planning&amp;apos; located by &amp;apos;By.xpath: //div[contains(@class, \&amp;quot;navbar navbar-default\&amp;quot;)]//span[contains(text(), \&amp;quot;\u041F\u043B\u0430\u043D\u0438\u0440\u043E\u0432\u0430\u043D\u0438\u0435\&amp;quot;)]&amp;apos; in &amp;apos;60&amp;apos; second(s)</message>
  <nestedLevel>2</nestedLevel>
</record>
<record>
  <date>2018-08-28T14:11:49</date>
  <millis>1535454709410</millis>
  <sequence>156</sequence>
  <level>INFO</level>
  <class>com.kms.katalon.core.logging.KeywordLogger</class>
  <method>logMessage</method>
  <thread>1</thread>
  <message>Found 1 web elements with id: &amp;apos;Object Repository/page_home/span_planning&amp;apos; located by &amp;apos;By.xpath: //div[contains(@class, \&amp;quot;navbar navbar-default\&amp;quot;)]//span[contains(text(), \&amp;quot;\u041F\u043B\u0430\u043D\u0438\u0440\u043E\u0432\u0430\u043D\u0438\u0435\&amp;quot;)]&amp;apos; in &amp;apos;60&amp;apos; second(s)</message>
  <nestedLevel>2</nestedLevel>
</record>
<record>
  <date>2018-08-28T14:11:49</date>
  <millis>1535454709411</millis>
  <sequence>157</sequence>
  <level>PASSED</level>
  <class>com.kms.katalon.core.logging.KeywordLogger</class>
  <method>logMessage</method>
  <thread>1</thread>
  <message>Object &amp;apos;Object Repository/page_home/span_planning&amp;apos; is present</message>
  <nestedLevel>2</nestedLevel>
</record>
<record>
  <date>2018-08-28T14:11:49</date>
  <millis>1535454709412</millis>
  <sequence>158</sequence>
  <level>END</level>
  <class>com.kms.katalon.core.logging.KeywordLogger</class>
  <method>endKeyword</method>
  <thread>1</thread>
  <message>End action : waitForElementPresent</message>
  <nestedLevel>1</nestedLevel>
</record>
<record>
  <date>2018-08-28T14:11:49</date>
  <millis>1535454709413</millis>
  <sequence>159</sequence>
  <level>START</level>
  <class>com.kms.katalon.core.logging.KeywordLogger</class>
  <method>startKeyword</method>
  <thread>1</thread>
  <message>Start action : click</message>
  <nestedLevel>1</nestedLevel>
  <property name="startLine">26</property>
  <property name="stepIndex">2</property>
  <property name="description">\u041F\u0435\u0440\u0435\u0439\u0442\u0438 \u043F\u043E \u043C\u0435\u043D\u044E \u041F\u043B\u0430\u043D\u0438\u0440\u043E\u0432\u0430\u043D\u0438\u0435\r\n</property>
</record>
<record>
  <date>2018-08-28T14:11:49</date>
  <millis>1535454709414</millis>
  <sequence>160</sequence>
  <level>INFO</level>
  <class>com.kms.katalon.core.logging.KeywordLogger</class>
  <method>logMessage</method>
  <thread>1</thread>
  <message>Finding Test Object with id &amp;apos;Object Repository/page_home/span_planning&amp;apos;</message>
  <nestedLevel>2</nestedLevel>
</record>
<record>
  <date>2018-08-28T14:11:49</date>
  <millis>1535454709424</millis>
  <sequence>161</sequence>
  <level>INFO</level>
  <class>com.kms.katalon.core.logging.KeywordLogger</class>
  <method>logMessage</method>
  <thread>1</thread>
  <message>Checking object</message>
  <nestedLevel>2</nestedLevel>
</record>
<record>
  <date>2018-08-28T14:11:49</date>
  <millis>1535454709424</millis>
  <sequence>162</sequence>
  <level>INFO</level>
  <class>com.kms.katalon.core.logging.KeywordLogger</class>
  <method>logMessage</method>
  <thread>1</thread>
  <message>Checking timeout</message>
  <nestedLevel>2</nestedLevel>
</record>
<record>
  <date>2018-08-28T14:11:49</date>
  <millis>1535454709425</millis>
  <sequence>163</sequence>
  <level>INFO</level>
  <class>com.kms.katalon.core.logging.KeywordLogger</class>
  <method>logMessage</method>
  <thread>1</thread>
  <message>Finding web element with id: &amp;apos;Object Repository/page_home/span_planning&amp;apos; located by &amp;apos;By.xpath: //div[contains(@class, \&amp;quot;navbar navbar-default\&amp;quot;)]//span[contains(text(), \&amp;quot;\u041F\u043B\u0430\u043D\u0438\u0440\u043E\u0432\u0430\u043D\u0438\u0435\&amp;quot;)]&amp;apos; in &amp;apos;120&amp;apos; second(s)</message>
  <nestedLevel>2</nestedLevel>
</record>
<record>
  <date>2018-08-28T14:11:49</date>
  <millis>1535454709477</millis>
  <sequence>164</sequence>
  <level>INFO</level>
  <class>com.kms.katalon.core.logging.KeywordLogger</class>
  <method>logMessage</method>
  <thread>1</thread>
  <message>Found 1 web elements with id: &amp;apos;Object Repository/page_home/span_planning&amp;apos; located by &amp;apos;By.xpath: //div[contains(@class, \&amp;quot;navbar navbar-default\&amp;quot;)]//span[contains(text(), \&amp;quot;\u041F\u043B\u0430\u043D\u0438\u0440\u043E\u0432\u0430\u043D\u0438\u0435\&amp;quot;)]&amp;apos; in &amp;apos;120&amp;apos; second(s)</message>
  <nestedLevel>2</nestedLevel>
</record>
<record>
  <date>2018-08-28T14:11:49</date>
  <millis>1535454709477</millis>
  <sequence>165</sequence>
  <level>INFO</level>
  <class>com.kms.katalon.core.logging.KeywordLogger</class>
  <method>logMessage</method>
  <thread>1</thread>
  <message>Clicking on object: &amp;apos;Object Repository/page_home/span_planning&amp;apos;</message>
  <nestedLevel>2</nestedLevel>
</record>
<record>
  <date>2018-08-28T14:11:51</date>
  <millis>1535454711773</millis>
  <sequence>166</sequence>
  <level>PASSED</level>
  <class>com.kms.katalon.core.logging.KeywordLogger</class>
  <method>logMessage</method>
  <thread>1</thread>
  <message>Object: &amp;apos;Object Repository/page_home/span_planning&amp;apos; is clicked on</message>
  <nestedLevel>2</nestedLevel>
</record>
<record>
  <date>2018-08-28T14:11:51</date>
  <millis>1535454711774</millis>
  <sequence>167</sequence>
  <level>END</level>
  <class>com.kms.katalon.core.logging.KeywordLogger</class>
  <method>endKeyword</method>
  <thread>1</thread>
  <message>End action : click</message>
  <nestedLevel>1</nestedLevel>
</record>
<record>
  <date>2018-08-28T14:11:51</date>
  <millis>1535454711774</millis>
  <sequence>168</sequence>
  <level>START</level>
  <class>com.kms.katalon.core.logging.KeywordLogger</class>
  <method>startKeyword</method>
  <thread>1</thread>
  <message>Start action : waitForElementPresent</message>
  <nestedLevel>1</nestedLevel>
  <property name="startLine">29</property>
  <property name="stepIndex">3</property>
  <property name="description">\u041E\u0436\u0438\u0434\u0430\u043D\u0438\u0435 \u043C\u0435\u043D\u044E \&quot;\u041F\u043B\u0430\u043D\u044B \u0437\u0430\u043A\u0443\u043F\u043E\u043A\&quot;</property>
</record>
<record>
  <date>2018-08-28T14:11:51</date>
  <millis>1535454711775</millis>
  <sequence>169</sequence>
  <level>INFO</level>
  <class>com.kms.katalon.core.logging.KeywordLogger</class>
  <method>logMessage</method>
  <thread>1</thread>
  <message>Finding Test Object with id &amp;apos;Object Repository/menu_planning/a_schedulePlan&amp;apos;</message>
  <nestedLevel>2</nestedLevel>
</record>
<record>
  <date>2018-08-28T14:11:51</date>
  <millis>1535454711777</millis>
  <sequence>170</sequence>
  <level>INFO</level>
  <class>com.kms.katalon.core.logging.KeywordLogger</class>
  <method>logMessage</method>
  <thread>1</thread>
  <message>Checking object</message>
  <nestedLevel>2</nestedLevel>
</record>
<record>
  <date>2018-08-28T14:11:51</date>
  <millis>1535454711777</millis>
  <sequence>171</sequence>
  <level>INFO</level>
  <class>com.kms.katalon.core.logging.KeywordLogger</class>
  <method>logMessage</method>
  <thread>1</thread>
  <message>Checking timeout</message>
  <nestedLevel>2</nestedLevel>
</record>
<record>
  <date>2018-08-28T14:11:51</date>
  <millis>1535454711778</millis>
  <sequence>172</sequence>
  <level>INFO</level>
  <class>com.kms.katalon.core.logging.KeywordLogger</class>
  <method>logMessage</method>
  <thread>1</thread>
  <message>Finding web element with id: &amp;apos;Object Repository/menu_planning/a_schedulePlan&amp;apos; located by &amp;apos;By.xpath: //div[contains(@class,&amp;apos;search-menu-tabs&amp;apos;)]//a[contains(text(),&amp;apos;\u041F\u043B\u0430\u043D\u044B-\u0433\u0440\u0430\u0444\u0438\u043A\u0438&amp;apos;)]&amp;apos; in &amp;apos;60&amp;apos; second(s)</message>
  <nestedLevel>2</nestedLevel>
</record>
<record>
  <date>2018-08-28T14:11:51</date>
  <millis>1535454711810</millis>
  <sequence>173</sequence>
  <level>INFO</level>
  <class>com.kms.katalon.core.logging.KeywordLogger</class>
  <method>logMessage</method>
  <thread>1</thread>
  <message>Found 1 web elements with id: &amp;apos;Object Repository/menu_planning/a_schedulePlan&amp;apos; located by &amp;apos;By.xpath: //div[contains(@class,&amp;apos;search-menu-tabs&amp;apos;)]//a[contains(text(),&amp;apos;\u041F\u043B\u0430\u043D\u044B-\u0433\u0440\u0430\u0444\u0438\u043A\u0438&amp;apos;)]&amp;apos; in &amp;apos;60&amp;apos; second(s)</message>
  <nestedLevel>2</nestedLevel>
</record>
<record>
  <date>2018-08-28T14:11:51</date>
  <millis>1535454711810</millis>
  <sequence>174</sequence>
  <level>PASSED</level>
  <class>com.kms.katalon.core.logging.KeywordLogger</class>
  <method>logMessage</method>
  <thread>1</thread>
  <message>Object &amp;apos;Object Repository/menu_planning/a_schedulePlan&amp;apos; is present</message>
  <nestedLevel>2</nestedLevel>
</record>
<record>
  <date>2018-08-28T14:11:51</date>
  <millis>1535454711813</millis>
  <sequence>175</sequence>
  <level>END</level>
  <class>com.kms.katalon.core.logging.KeywordLogger</class>
  <method>endKeyword</method>
  <thread>1</thread>
  <message>End action : waitForElementPresent</message>
  <nestedLevel>1</nestedLevel>
</record>
<record>
  <date>2018-08-28T14:11:51</date>
  <millis>1535454711814</millis>
  <sequence>176</sequence>
  <level>START</level>
  <class>com.kms.katalon.core.logging.KeywordLogger</class>
  <method>startKeyword</method>
  <thread>1</thread>
  <message>Start action : click</message>
  <nestedLevel>1</nestedLevel>
  <property name="startLine">32</property>
  <property name="stepIndex">4</property>
  <property name="description">\u041F\u0435\u0440\u0435\u0439\u0442\u0438 \u043F\u043E \u043C\u0435\u043D\u044E \u041F\u043B\u0430\u043D \u0433\u0440\u0430\u0444\u0438\u043A</property>
</record>
<record>
  <date>2018-08-28T14:11:51</date>
  <millis>1535454711815</millis>
  <sequence>177</sequence>
  <level>INFO</level>
  <class>com.kms.katalon.core.logging.KeywordLogger</class>
  <method>logMessage</method>
  <thread>1</thread>
  <message>Finding Test Object with id &amp;apos;Object Repository/menu_planning/a_schedulePlan&amp;apos;</message>
  <nestedLevel>2</nestedLevel>
</record>
<record>
  <date>2018-08-28T14:11:51</date>
  <millis>1535454711817</millis>
  <sequence>178</sequence>
  <level>INFO</level>
  <class>com.kms.katalon.core.logging.KeywordLogger</class>
  <method>logMessage</method>
  <thread>1</thread>
  <message>Checking object</message>
  <nestedLevel>2</nestedLevel>
</record>
<record>
  <date>2018-08-28T14:11:51</date>
  <millis>1535454711817</millis>
  <sequence>179</sequence>
  <level>INFO</level>
  <class>com.kms.katalon.core.logging.KeywordLogger</class>
  <method>logMessage</method>
  <thread>1</thread>
  <message>Checking timeout</message>
  <nestedLevel>2</nestedLevel>
</record>
<record>
  <date>2018-08-28T14:11:51</date>
  <millis>1535454711818</millis>
  <sequence>180</sequence>
  <level>INFO</level>
  <class>com.kms.katalon.core.logging.KeywordLogger</class>
  <method>logMessage</method>
  <thread>1</thread>
  <message>Finding web element with id: &amp;apos;Object Repository/menu_planning/a_schedulePlan&amp;apos; located by &amp;apos;By.xpath: //div[contains(@class,&amp;apos;search-menu-tabs&amp;apos;)]//a[contains(text(),&amp;apos;\u041F\u043B\u0430\u043D\u044B-\u0433\u0440\u0430\u0444\u0438\u043A\u0438&amp;apos;)]&amp;apos; in &amp;apos;120&amp;apos; second(s)</message>
  <nestedLevel>2</nestedLevel>
</record>
<record>
  <date>2018-08-28T14:11:51</date>
  <millis>1535454711834</millis>
  <sequence>181</sequence>
  <level>INFO</level>
  <class>com.kms.katalon.core.logging.KeywordLogger</class>
  <method>logMessage</method>
  <thread>1</thread>
  <message>Found 1 web elements with id: &amp;apos;Object Repository/menu_planning/a_schedulePlan&amp;apos; located by &amp;apos;By.xpath: //div[contains(@class,&amp;apos;search-menu-tabs&amp;apos;)]//a[contains(text(),&amp;apos;\u041F\u043B\u0430\u043D\u044B-\u0433\u0440\u0430\u0444\u0438\u043A\u0438&amp;apos;)]&amp;apos; in &amp;apos;120&amp;apos; second(s)</message>
  <nestedLevel>2</nestedLevel>
</record>
<record>
  <date>2018-08-28T14:11:51</date>
  <millis>1535454711834</millis>
  <sequence>182</sequence>
  <level>INFO</level>
  <class>com.kms.katalon.core.logging.KeywordLogger</class>
  <method>logMessage</method>
  <thread>1</thread>
  <message>Clicking on object: &amp;apos;Object Repository/menu_planning/a_schedulePlan&amp;apos;</message>
  <nestedLevel>2</nestedLevel>
</record>
<record>
  <date>2018-08-28T14:11:53</date>
  <millis>1535454713792</millis>
  <sequence>183</sequence>
  <level>PASSED</level>
  <class>com.kms.katalon.core.logging.KeywordLogger</class>
  <method>logMessage</method>
  <thread>1</thread>
  <message>Object: &amp;apos;Object Repository/menu_planning/a_schedulePlan&amp;apos; is clicked on</message>
  <nestedLevel>2</nestedLevel>
</record>
<record>
  <date>2018-08-28T14:11:53</date>
  <millis>1535454713793</millis>
  <sequence>184</sequence>
  <level>END</level>
  <class>com.kms.katalon.core.logging.KeywordLogger</class>
  <method>endKeyword</method>
  <thread>1</thread>
  <message>End action : click</message>
  <nestedLevel>1</nestedLevel>
</record>
<record>
  <date>2018-08-28T14:11:53</date>
  <millis>1535454713793</millis>
  <sequence>185</sequence>
  <level>START</level>
  <class>com.kms.katalon.core.logging.KeywordLogger</class>
  <method>startKeyword</method>
  <thread>1</thread>
  <message>Start action : waitForElementPresent</message>
  <nestedLevel>1</nestedLevel>
  <property name="startLine">35</property>
  <property name="stepIndex">5</property>
  <property name="description">\u041E\u0436\u0438\u0434\u0430\u043D\u0438\u0435 \u043C\u0435\u043D\u044E \u0410\u043A\u0442\u0443\u0430\u043B\u044C\u043D\u044B\u0435</property>
</record>
<record>
  <date>2018-08-28T14:11:53</date>
  <millis>1535454713794</millis>
  <sequence>186</sequence>
  <level>INFO</level>
  <class>com.kms.katalon.core.logging.KeywordLogger</class>
  <method>logMessage</method>
  <thread>1</thread>
  <message>Finding Test Object with id &amp;apos;Object Repository/menu_planning/a_actual&amp;apos;</message>
  <nestedLevel>2</nestedLevel>
</record>
<record>
  <date>2018-08-28T14:11:53</date>
  <millis>1535454713798</millis>
  <sequence>187</sequence>
  <level>INFO</level>
  <class>com.kms.katalon.core.logging.KeywordLogger</class>
  <method>logMessage</method>
  <thread>1</thread>
  <message>Checking object</message>
  <nestedLevel>2</nestedLevel>
</record>
<record>
  <date>2018-08-28T14:11:53</date>
  <millis>1535454713798</millis>
  <sequence>188</sequence>
  <level>INFO</level>
  <class>com.kms.katalon.core.logging.KeywordLogger</class>
  <method>logMessage</method>
  <thread>1</thread>
  <message>Checking timeout</message>
  <nestedLevel>2</nestedLevel>
</record>
<record>
  <date>2018-08-28T14:11:53</date>
  <millis>1535454713799</millis>
  <sequence>189</sequence>
  <level>INFO</level>
  <class>com.kms.katalon.core.logging.KeywordLogger</class>
  <method>logMessage</method>
  <thread>1</thread>
  <message>Finding web element with id: &amp;apos;Object Repository/menu_planning/a_actual&amp;apos; located by &amp;apos;By.xpath: //a[contains(text(),&amp;apos;\u0410\u043A\u0442\u0443\u0430\u043B\u044C\u043D\u044B\u0435&amp;apos;)]&amp;apos; in &amp;apos;60&amp;apos; second(s)</message>
  <nestedLevel>2</nestedLevel>
</record>
<record>
  <date>2018-08-28T14:11:53</date>
  <millis>1535454713819</millis>
  <sequence>190</sequence>
  <level>INFO</level>
  <class>com.kms.katalon.core.logging.KeywordLogger</class>
  <method>logMessage</method>
  <thread>1</thread>
  <message>Found 1 web elements with id: &amp;apos;Object Repository/menu_planning/a_actual&amp;apos; located by &amp;apos;By.xpath: //a[contains(text(),&amp;apos;\u0410\u043A\u0442\u0443\u0430\u043B\u044C\u043D\u044B\u0435&amp;apos;)]&amp;apos; in &amp;apos;60&amp;apos; second(s)</message>
  <nestedLevel>2</nestedLevel>
</record>
<record>
  <date>2018-08-28T14:11:53</date>
  <millis>1535454713819</millis>
  <sequence>191</sequence>
  <level>PASSED</level>
  <class>com.kms.katalon.core.logging.KeywordLogger</class>
  <method>logMessage</method>
  <thread>1</thread>
  <message>Object &amp;apos;Object Repository/menu_planning/a_actual&amp;apos; is present</message>
  <nestedLevel>2</nestedLevel>
</record>
<record>
  <date>2018-08-28T14:11:53</date>
  <millis>1535454713821</millis>
  <sequence>192</sequence>
  <level>END</level>
  <class>com.kms.katalon.core.logging.KeywordLogger</class>
  <method>endKeyword</method>
  <thread>1</thread>
  <message>End action : waitForElementPresent</message>
  <nestedLevel>1</nestedLevel>
</record>
<record>
  <date>2018-08-28T14:11:53</date>
  <millis>1535454713821</millis>
  <sequence>193</sequence>
  <level>START</level>
  <class>com.kms.katalon.core.logging.KeywordLogger</class>
  <method>startKeyword</method>
  <thread>1</thread>
  <message>Start action : click</message>
  <nestedLevel>1</nestedLevel>
  <property name="startLine">38</property>
  <property name="stepIndex">6</property>
  <property name="description">\u041F\u0435\u0440\u0435\u0439\u0442\u0438 \u043F\u043E \u043C\u0435\u043D\u044E \u0410\u043A\u0442\u0443\u0430\u043B\u044C\u043D\u044B\u0435</property>
</record>
<record>
  <date>2018-08-28T14:11:53</date>
  <millis>1535454713822</millis>
  <sequence>194</sequence>
  <level>INFO</level>
  <class>com.kms.katalon.core.logging.KeywordLogger</class>
  <method>logMessage</method>
  <thread>1</thread>
  <message>Finding Test Object with id &amp;apos;Object Repository/menu_planning/a_actual&amp;apos;</message>
  <nestedLevel>2</nestedLevel>
</record>
<record>
  <date>2018-08-28T14:11:53</date>
  <millis>1535454713823</millis>
  <sequence>195</sequence>
  <level>INFO</level>
  <class>com.kms.katalon.core.logging.KeywordLogger</class>
  <method>logMessage</method>
  <thread>1</thread>
  <message>Checking object</message>
  <nestedLevel>2</nestedLevel>
</record>
<record>
  <date>2018-08-28T14:11:53</date>
  <millis>1535454713824</millis>
  <sequence>196</sequence>
  <level>INFO</level>
  <class>com.kms.katalon.core.logging.KeywordLogger</class>
  <method>logMessage</method>
  <thread>1</thread>
  <message>Checking timeout</message>
  <nestedLevel>2</nestedLevel>
</record>
<record>
  <date>2018-08-28T14:11:53</date>
  <millis>1535454713825</millis>
  <sequence>197</sequence>
  <level>INFO</level>
  <class>com.kms.katalon.core.logging.KeywordLogger</class>
  <method>logMessage</method>
  <thread>1</thread>
  <message>Finding web element with id: &amp;apos;Object Repository/menu_planning/a_actual&amp;apos; located by &amp;apos;By.xpath: //a[contains(text(),&amp;apos;\u0410\u043A\u0442\u0443\u0430\u043B\u044C\u043D\u044B\u0435&amp;apos;)]&amp;apos; in &amp;apos;120&amp;apos; second(s)</message>
  <nestedLevel>2</nestedLevel>
</record>
<record>
  <date>2018-08-28T14:11:53</date>
  <millis>1535454713834</millis>
  <sequence>198</sequence>
  <level>INFO</level>
  <class>com.kms.katalon.core.logging.KeywordLogger</class>
  <method>logMessage</method>
  <thread>1</thread>
  <message>Found 1 web elements with id: &amp;apos;Object Repository/menu_planning/a_actual&amp;apos; located by &amp;apos;By.xpath: //a[contains(text(),&amp;apos;\u0410\u043A\u0442\u0443\u0430\u043B\u044C\u043D\u044B\u0435&amp;apos;)]&amp;apos; in &amp;apos;120&amp;apos; second(s)</message>
  <nestedLevel>2</nestedLevel>
</record>
<record>
  <date>2018-08-28T14:11:53</date>
  <millis>1535454713835</millis>
  <sequence>199</sequence>
  <level>INFO</level>
  <class>com.kms.katalon.core.logging.KeywordLogger</class>
  <method>logMessage</method>
  <thread>1</thread>
  <message>Clicking on object: &amp;apos;Object Repository/menu_planning/a_actual&amp;apos;</message>
  <nestedLevel>2</nestedLevel>
</record>
<record>
  <date>2018-08-28T14:11:55</date>
  <millis>1535454715646</millis>
  <sequence>200</sequence>
  <level>PASSED</level>
  <class>com.kms.katalon.core.logging.KeywordLogger</class>
  <method>logMessage</method>
  <thread>1</thread>
  <message>Object: &amp;apos;Object Repository/menu_planning/a_actual&amp;apos; is clicked on</message>
  <nestedLevel>2</nestedLevel>
</record>
<record>
  <date>2018-08-28T14:11:55</date>
  <millis>1535454715647</millis>
  <sequence>201</sequence>
  <level>END</level>
  <class>com.kms.katalon.core.logging.KeywordLogger</class>
  <method>endKeyword</method>
  <thread>1</thread>
  <message>End action : click</message>
  <nestedLevel>1</nestedLevel>
</record>
<record>
  <date>2018-08-28T14:11:55</date>
  <millis>1535454715647</millis>
  <sequence>202</sequence>
  <level>START</level>
  <class>com.kms.katalon.core.logging.KeywordLogger</class>
  <method>startKeyword</method>
  <thread>1</thread>
  <message>Start action : Statement - new_object = com.kms.katalon.core.webui.keyword.WebUiBuiltInKeywords.modifyObjectProperty(com.kms.katalon.core.testobject.ObjectRepository.findTestObject(DOCUMENT/object), \&amp;quot;text\&amp;quot;, \&amp;quot;equals\&amp;quot;, BudgetYear, true)</message>
  <nestedLevel>1</nestedLevel>
  <property name="startLine">41</property>
  <property name="stepIndex">7</property>
  <property name="description">\u0418\u0437\u043C\u0435\u043D\u0438\u0442\u044C \u0437\u043D\u0430\u0447\u0435\u043D\u0438\u0435 \u0440\u0435\u043A\u0432\u0438\u0437\u0438\u0442\u0430 \u0434\u043E\u043A\u0443\u043C\u0435\u043D\u0442\u0430</property>
</record>
<record>
  <date>2018-08-28T14:11:55</date>
  <millis>1535454715648</millis>
  <sequence>203</sequence>
  <level>INFO</level>
  <class>com.kms.katalon.core.logging.KeywordLogger</class>
  <method>logMessage</method>
  <thread>1</thread>
  <message>Finding Test Object with id &amp;apos;Object Repository/DOCUMENT/object&amp;apos;</message>
  <nestedLevel>2</nestedLevel>
</record>
<record>
  <date>2018-08-28T14:11:55</date>
  <millis>1535454715659</millis>
  <sequence>204</sequence>
  <level>INFO</level>
  <class>com.kms.katalon.core.logging.KeywordLogger</class>
  <method>logMessage</method>
  <thread>1</thread>
  <message>Check Test Object</message>
  <nestedLevel>2</nestedLevel>
</record>
<record>
  <date>2018-08-28T14:11:55</date>
  <millis>1535454715659</millis>
  <sequence>205</sequence>
  <level>INFO</level>
  <class>com.kms.katalon.core.logging.KeywordLogger</class>
  <method>logMessage</method>
  <thread>1</thread>
  <message>Check property name</message>
  <nestedLevel>2</nestedLevel>
</record>
<record>
  <date>2018-08-28T14:11:55</date>
  <millis>1535454715660</millis>
  <sequence>206</sequence>
  <level>INFO</level>
  <class>com.kms.katalon.core.logging.KeywordLogger</class>
  <method>logMessage</method>
  <thread>1</thread>
  <message>Check modify value</message>
  <nestedLevel>2</nestedLevel>
</record>
<record>
  <date>2018-08-28T14:11:55</date>
  <millis>1535454715660</millis>
  <sequence>207</sequence>
  <level>INFO</level>
  <class>com.kms.katalon.core.logging.KeywordLogger</class>
  <method>logMessage</method>
  <thread>1</thread>
  <message>Check match condition</message>
  <nestedLevel>2</nestedLevel>
</record>
<record>
  <date>2018-08-28T14:11:55</date>
  <millis>1535454715661</millis>
  <sequence>208</sequence>
  <level>PASSED</level>
  <class>com.kms.katalon.core.logging.KeywordLogger</class>
  <method>logMessage</method>
  <thread>1</thread>
  <message>Modify property of object successfully</message>
  <nestedLevel>2</nestedLevel>
</record>
<record>
  <date>2018-08-28T14:11:55</date>
  <millis>1535454715661</millis>
  <sequence>209</sequence>
  <level>END</level>
  <class>com.kms.katalon.core.logging.KeywordLogger</class>
  <method>endKeyword</method>
  <thread>1</thread>
  <message>End action : Statement - new_object = com.kms.katalon.core.webui.keyword.WebUiBuiltInKeywords.modifyObjectProperty(com.kms.katalon.core.testobject.ObjectRepository.findTestObject(DOCUMENT/object), \&amp;quot;text\&amp;quot;, \&amp;quot;equals\&amp;quot;, BudgetYear, true)</message>
  <nestedLevel>1</nestedLevel>
</record>
<record>
  <date>2018-08-28T14:11:55</date>
  <millis>1535454715661</millis>
  <sequence>210</sequence>
  <level>START</level>
  <class>com.kms.katalon.core.logging.KeywordLogger</class>
  <method>startKeyword</method>
  <thread>1</thread>
  <message>Start action : waitForElementPresent</message>
  <nestedLevel>1</nestedLevel>
  <property name="startLine">45</property>
  <property name="stepIndex">8</property>
  <property name="description">\u041E\u0436\u0438\u0434\u0430\u043D\u0438\u0435 \u0434\u043E\u0441\u0442\u0443\u043F\u043D\u043E\u0441\u0442\u0438 \u0434\u043E\u043A\u0443\u043C\u0435\u043D\u0442\u0430 \u0441 \u043E\u043F\u0440\u0435\u0434\u0435\u043B\u0435\u043D\u043D\u044B\u043C \u0437\u043D\u0430\u0447\u0435\u043D\u0438\u0435\u043C</property>
</record>
<record>
  <date>2018-08-28T14:11:55</date>
  <millis>1535454715666</millis>
  <sequence>211</sequence>
  <level>INFO</level>
  <class>com.kms.katalon.core.logging.KeywordLogger</class>
  <method>logMessage</method>
  <thread>1</thread>
  <message>Checking object</message>
  <nestedLevel>2</nestedLevel>
</record>
<record>
  <date>2018-08-28T14:11:55</date>
  <millis>1535454715666</millis>
  <sequence>212</sequence>
  <level>INFO</level>
  <class>com.kms.katalon.core.logging.KeywordLogger</class>
  <method>logMessage</method>
  <thread>1</thread>
  <message>Checking timeout</message>
  <nestedLevel>2</nestedLevel>
</record>
<record>
  <date>2018-08-28T14:11:55</date>
  <millis>1535454715667</millis>
  <sequence>213</sequence>
  <level>INFO</level>
  <class>com.kms.katalon.core.logging.KeywordLogger</class>
  <method>logMessage</method>
  <thread>1</thread>
  <message>Finding web element with id: &amp;apos;Object Repository/DOCUMENT/object&amp;apos; located by &amp;apos;By.xpath: //a[(text() = &amp;apos;2018&amp;apos; or . = &amp;apos;2018&amp;apos;) and @class = &amp;apos;search-result-cell-value&amp;apos;]&amp;apos; in &amp;apos;60&amp;apos; second(s)</message>
  <nestedLevel>2</nestedLevel>
</record>
</log>