<?xml version="1.0" encoding="UTF-8" standalone="no"?>
<!DOCTYPE log SYSTEM "logger.dtd">
<log>
<record>
  <date>2018-08-28T12:54:20</date>
  <millis>1535450060059</millis>
  <sequence>0</sequence>
  <level>START</level>
  <class>com.kms.katalon.core.logging.KeywordLogger</class>
  <method>startSuite</method>
  <thread>1</thread>
  <message>Start Test Suite : Test Suites/Scenario1/Authorization</message>
  <nestedLevel>0</nestedLevel>
  <property name="name">Authorization</property>
  <property name="description">\u0410\u0432\u0442\u043E\u0440\u0438\u0437\u0430\u0446\u0438\u044F</property>
  <property name="id">Test Suites/Scenario1/Authorization</property>
</record>
<record>
  <date>2018-08-28T12:54:20</date>
  <millis>1535450060075</millis>
  <sequence>1</sequence>
  <level>RUN_DATA</level>
  <class>com.kms.katalon.core.logging.KeywordLogger</class>
  <method>logMessage</method>
  <thread>1</thread>
  <message>Logging run data &amp;apos;hostName&amp;apos; with value &amp;apos;ex64 - ex64&amp;apos;</message>
  <nestedLevel>0</nestedLevel>
  <property name="hostName">ex64 - ex64</property>
</record>
<record>
  <date>2018-08-28T12:54:20</date>
  <millis>1535450060075</millis>
  <sequence>2</sequence>
  <level>RUN_DATA</level>
  <class>com.kms.katalon.core.logging.KeywordLogger</class>
  <method>logMessage</method>
  <thread>1</thread>
  <message>Logging run data &amp;apos;os&amp;apos; with value &amp;apos;Windows 7 64bit&amp;apos;</message>
  <nestedLevel>0</nestedLevel>
  <property name="os">Windows 7 64bit</property>
</record>
<record>
  <date>2018-08-28T12:54:20</date>
  <millis>1535450060076</millis>
  <sequence>3</sequence>
  <level>RUN_DATA</level>
  <class>com.kms.katalon.core.logging.KeywordLogger</class>
  <method>logMessage</method>
  <thread>1</thread>
  <message>Logging run data &amp;apos;hostAddress&amp;apos; with value &amp;apos;192.168.20.109&amp;apos;</message>
  <nestedLevel>0</nestedLevel>
  <property name="hostAddress">192.168.20.109</property>
</record>
<record>
  <date>2018-08-28T12:54:20</date>
  <millis>1535450060077</millis>
  <sequence>4</sequence>
  <level>RUN_DATA</level>
  <class>com.kms.katalon.core.logging.KeywordLogger</class>
  <method>logMessage</method>
  <thread>1</thread>
  <message>Logging run data &amp;apos;katalonVersion&amp;apos; with value &amp;apos;5.6.1.1&amp;apos;</message>
  <nestedLevel>0</nestedLevel>
  <property name="katalonVersion">5.6.1.1</property>
</record>
<record>
  <date>2018-08-28T12:54:20</date>
  <millis>1535450060271</millis>
  <sequence>5</sequence>
  <level>START</level>
  <class>com.kms.katalon.core.logging.KeywordLogger</class>
  <method>startTest</method>
  <thread>1</thread>
  <message>Start Test Case : Test Cases/Base/Authorization</message>
  <nestedLevel>1</nestedLevel>
  <property name="name">Test Cases/Base/Authorization</property>
  <property name="description"></property>
  <property name="id">Test Cases/Base/Authorization</property>
  <property name="source">T:\\Katalon Studio\\E1\\Test Cases\\Base\\Authorization.tc</property>
  <property name="isOptional">false</property>
</record>
<record>
  <date>2018-08-28T12:54:20</date>
  <millis>1535450060290</millis>
  <sequence>6</sequence>
  <level>INFO</level>
  <class>com.kms.katalon.core.logging.KeywordLogger</class>
  <method>logMessage</method>
  <thread>1</thread>
  <message>Evaluating variables for test case</message>
  <nestedLevel>1</nestedLevel>
</record>
<record>
  <date>2018-08-28T12:54:20</date>
  <millis>1535450060700</millis>
  <sequence>7</sequence>
  <level>START</level>
  <class>com.kms.katalon.core.logging.KeywordLogger</class>
  <method>startKeyword</method>
  <thread>1</thread>
  <message>Start action : openBrowser</message>
  <nestedLevel>1</nestedLevel>
  <property name="startLine">23</property>
  <property name="stepIndex">1</property>
  <property name="description">\u041E\u0442\u043A\u0440\u044B\u0432\u0430\u0435\u0442\u0441\u044F \u0431\u0440\u0430\u0443\u0437\u0435\u0440</property>
</record>
<record>
  <date>2018-08-28T12:54:20</date>
  <millis>1535450060715</millis>
  <sequence>8</sequence>
  <level>INFO</level>
  <class>com.kms.katalon.core.logging.KeywordLogger</class>
  <method>logMessage</method>
  <thread>1</thread>
  <message>Checking test data id</message>
  <nestedLevel>1</nestedLevel>
</record>
<record>
  <date>2018-08-28T12:54:20</date>
  <millis>1535450060715</millis>
  <sequence>9</sequence>
  <level>INFO</level>
  <class>com.kms.katalon.core.logging.KeywordLogger</class>
  <method>logMessage</method>
  <thread>1</thread>
  <message>Finding test data with id &amp;apos;Data Files/Excel/Server&amp;apos;</message>
  <nestedLevel>1</nestedLevel>
</record>
<record>
  <date>2018-08-28T12:54:20</date>
  <millis>1535450060718</millis>
  <sequence>10</sequence>
  <level>INFO</level>
  <class>com.kms.katalon.core.logging.KeywordLogger</class>
  <method>logMessage</method>
  <thread>1</thread>
  <message>Test data is excel file, reading excel file</message>
  <nestedLevel>1</nestedLevel>
</record>
<record>
  <date>2018-08-28T12:54:20</date>
  <millis>1535450060719</millis>
  <sequence>11</sequence>
  <level>INFO</level>
  <class>com.kms.katalon.core.logging.KeywordLogger</class>
  <method>logMessage</method>
  <thread>1</thread>
  <message>Reading excel file with source file &amp;apos;T:\\Katalon Studio\\E1\\Test Data\\Test data.xlsx&amp;apos; and sheet name &amp;apos;Server&amp;apos;</message>
  <nestedLevel>1</nestedLevel>
</record>
<record>
  <date>2018-08-28T12:54:21</date>
  <millis>1535450061550</millis>
  <sequence>12</sequence>
  <level>INFO</level>
  <class>com.kms.katalon.core.logging.KeywordLogger</class>
  <method>logMessage</method>
  <thread>1</thread>
  <message>Checking test data id</message>
  <nestedLevel>1</nestedLevel>
</record>
<record>
  <date>2018-08-28T12:54:21</date>
  <millis>1535450061550</millis>
  <sequence>13</sequence>
  <level>INFO</level>
  <class>com.kms.katalon.core.logging.KeywordLogger</class>
  <method>logMessage</method>
  <thread>1</thread>
  <message>Finding test data with id &amp;apos;Data Files/Excel/User&amp;apos;</message>
  <nestedLevel>1</nestedLevel>
</record>
<record>
  <date>2018-08-28T12:54:21</date>
  <millis>1535450061556</millis>
  <sequence>14</sequence>
  <level>INFO</level>
  <class>com.kms.katalon.core.logging.KeywordLogger</class>
  <method>logMessage</method>
  <thread>1</thread>
  <message>Test data is excel file, reading excel file</message>
  <nestedLevel>1</nestedLevel>
</record>
<record>
  <date>2018-08-28T12:54:21</date>
  <millis>1535450061558</millis>
  <sequence>15</sequence>
  <level>INFO</level>
  <class>com.kms.katalon.core.logging.KeywordLogger</class>
  <method>logMessage</method>
  <thread>1</thread>
  <message>Reading excel file with source file &amp;apos;T:\\Katalon Studio\\E1\\Test Data\\Test data.xlsx&amp;apos; and sheet name &amp;apos;User&amp;apos;</message>
  <nestedLevel>1</nestedLevel>
</record>
<record>
  <date>2018-08-28T12:54:21</date>
  <millis>1535450061608</millis>
  <sequence>16</sequence>
  <level>INFO</level>
  <class>com.kms.katalon.core.logging.KeywordLogger</class>
  <method>logMessage</method>
  <thread>1</thread>
  <message>Checking test data id</message>
  <nestedLevel>1</nestedLevel>
</record>
<record>
  <date>2018-08-28T12:54:21</date>
  <millis>1535450061609</millis>
  <sequence>17</sequence>
  <level>INFO</level>
  <class>com.kms.katalon.core.logging.KeywordLogger</class>
  <method>logMessage</method>
  <thread>1</thread>
  <message>Finding test data with id &amp;apos;Data Files/Excel/User&amp;apos;</message>
  <nestedLevel>1</nestedLevel>
</record>
<record>
  <date>2018-08-28T12:54:21</date>
  <millis>1535450061612</millis>
  <sequence>18</sequence>
  <level>INFO</level>
  <class>com.kms.katalon.core.logging.KeywordLogger</class>
  <method>logMessage</method>
  <thread>1</thread>
  <message>Test data is excel file, reading excel file</message>
  <nestedLevel>1</nestedLevel>
</record>
<record>
  <date>2018-08-28T12:54:21</date>
  <millis>1535450061613</millis>
  <sequence>19</sequence>
  <level>INFO</level>
  <class>com.kms.katalon.core.logging.KeywordLogger</class>
  <method>logMessage</method>
  <thread>1</thread>
  <message>Reading excel file with source file &amp;apos;T:\\Katalon Studio\\E1\\Test Data\\Test data.xlsx&amp;apos; and sheet name &amp;apos;User&amp;apos;</message>
  <nestedLevel>1</nestedLevel>
</record>
<record>
  <date>2018-08-28T12:54:21</date>
  <millis>1535450061640</millis>
  <sequence>20</sequence>
  <level>INFO</level>
  <class>com.kms.katalon.core.logging.KeywordLogger</class>
  <method>logMessage</method>
  <thread>1</thread>
  <message>Checking test data id</message>
  <nestedLevel>1</nestedLevel>
</record>
<record>
  <date>2018-08-28T12:54:21</date>
  <millis>1535450061641</millis>
  <sequence>21</sequence>
  <level>INFO</level>
  <class>com.kms.katalon.core.logging.KeywordLogger</class>
  <method>logMessage</method>
  <thread>1</thread>
  <message>Finding test data with id &amp;apos;Data Files/Excel/Server&amp;apos;</message>
  <nestedLevel>1</nestedLevel>
</record>
<record>
  <date>2018-08-28T12:54:21</date>
  <millis>1535450061644</millis>
  <sequence>22</sequence>
  <level>INFO</level>
  <class>com.kms.katalon.core.logging.KeywordLogger</class>
  <method>logMessage</method>
  <thread>1</thread>
  <message>Test data is excel file, reading excel file</message>
  <nestedLevel>1</nestedLevel>
</record>
<record>
  <date>2018-08-28T12:54:21</date>
  <millis>1535450061644</millis>
  <sequence>23</sequence>
  <level>INFO</level>
  <class>com.kms.katalon.core.logging.KeywordLogger</class>
  <method>logMessage</method>
  <thread>1</thread>
  <message>Reading excel file with source file &amp;apos;T:\\Katalon Studio\\E1\\Test Data\\Test data.xlsx&amp;apos; and sheet name &amp;apos;Server&amp;apos;</message>
  <nestedLevel>1</nestedLevel>
</record>
<record>
  <date>2018-08-28T12:54:21</date>
  <millis>1535450061716</millis>
  <sequence>24</sequence>
  <level>INFO</level>
  <class>com.kms.katalon.core.logging.KeywordLogger</class>
  <method>logMessage</method>
  <thread>1</thread>
  <message>Checking test data id</message>
  <nestedLevel>1</nestedLevel>
</record>
<record>
  <date>2018-08-28T12:54:21</date>
  <millis>1535450061716</millis>
  <sequence>25</sequence>
  <level>INFO</level>
  <class>com.kms.katalon.core.logging.KeywordLogger</class>
  <method>logMessage</method>
  <thread>1</thread>
  <message>Finding test data with id &amp;apos;Data Files/Excel/User&amp;apos;</message>
  <nestedLevel>1</nestedLevel>
</record>
<record>
  <date>2018-08-28T12:54:21</date>
  <millis>1535450061718</millis>
  <sequence>26</sequence>
  <level>INFO</level>
  <class>com.kms.katalon.core.logging.KeywordLogger</class>
  <method>logMessage</method>
  <thread>1</thread>
  <message>Test data is excel file, reading excel file</message>
  <nestedLevel>1</nestedLevel>
</record>
<record>
  <date>2018-08-28T12:54:21</date>
  <millis>1535450061718</millis>
  <sequence>27</sequence>
  <level>INFO</level>
  <class>com.kms.katalon.core.logging.KeywordLogger</class>
  <method>logMessage</method>
  <thread>1</thread>
  <message>Reading excel file with source file &amp;apos;T:\\Katalon Studio\\E1\\Test Data\\Test data.xlsx&amp;apos; and sheet name &amp;apos;User&amp;apos;</message>
  <nestedLevel>1</nestedLevel>
</record>
<record>
  <date>2018-08-28T12:54:21</date>
  <millis>1535450061864</millis>
  <sequence>28</sequence>
  <level>INFO</level>
  <class>com.kms.katalon.core.logging.KeywordLogger</class>
  <method>logMessage</method>
  <thread>1</thread>
  <message>Checking test data id</message>
  <nestedLevel>1</nestedLevel>
</record>
<record>
  <date>2018-08-28T12:54:21</date>
  <millis>1535450061865</millis>
  <sequence>29</sequence>
  <level>INFO</level>
  <class>com.kms.katalon.core.logging.KeywordLogger</class>
  <method>logMessage</method>
  <thread>1</thread>
  <message>Finding test data with id &amp;apos;Data Files/Excel/User&amp;apos;</message>
  <nestedLevel>1</nestedLevel>
</record>
<record>
  <date>2018-08-28T12:54:21</date>
  <millis>1535450061869</millis>
  <sequence>30</sequence>
  <level>INFO</level>
  <class>com.kms.katalon.core.logging.KeywordLogger</class>
  <method>logMessage</method>
  <thread>1</thread>
  <message>Test data is excel file, reading excel file</message>
  <nestedLevel>1</nestedLevel>
</record>
<record>
  <date>2018-08-28T12:54:21</date>
  <millis>1535450061870</millis>
  <sequence>31</sequence>
  <level>INFO</level>
  <class>com.kms.katalon.core.logging.KeywordLogger</class>
  <method>logMessage</method>
  <thread>1</thread>
  <message>Reading excel file with source file &amp;apos;T:\\Katalon Studio\\E1\\Test Data\\Test data.xlsx&amp;apos; and sheet name &amp;apos;User&amp;apos;</message>
  <nestedLevel>1</nestedLevel>
</record>
<record>
  <date>2018-08-28T12:54:21</date>
  <millis>1535450061969</millis>
  <sequence>32</sequence>
  <level>INFO</level>
  <class>com.kms.katalon.core.logging.KeywordLogger</class>
  <method>logMessage</method>
  <thread>1</thread>
  <message>Checking test data id</message>
  <nestedLevel>1</nestedLevel>
</record>
<record>
  <date>2018-08-28T12:54:21</date>
  <millis>1535450061970</millis>
  <sequence>33</sequence>
  <level>INFO</level>
  <class>com.kms.katalon.core.logging.KeywordLogger</class>
  <method>logMessage</method>
  <thread>1</thread>
  <message>Finding test data with id &amp;apos;Data Files/Excel/User&amp;apos;</message>
  <nestedLevel>1</nestedLevel>
</record>
<record>
  <date>2018-08-28T12:54:21</date>
  <millis>1535450061972</millis>
  <sequence>34</sequence>
  <level>INFO</level>
  <class>com.kms.katalon.core.logging.KeywordLogger</class>
  <method>logMessage</method>
  <thread>1</thread>
  <message>Test data is excel file, reading excel file</message>
  <nestedLevel>1</nestedLevel>
</record>
<record>
  <date>2018-08-28T12:54:21</date>
  <millis>1535450061972</millis>
  <sequence>35</sequence>
  <level>INFO</level>
  <class>com.kms.katalon.core.logging.KeywordLogger</class>
  <method>logMessage</method>
  <thread>1</thread>
  <message>Reading excel file with source file &amp;apos;T:\\Katalon Studio\\E1\\Test Data\\Test data.xlsx&amp;apos; and sheet name &amp;apos;User&amp;apos;</message>
  <nestedLevel>1</nestedLevel>
</record>
<record>
  <date>2018-08-28T12:54:22</date>
  <millis>1535450062017</millis>
  <sequence>36</sequence>
  <level>INFO</level>
  <class>com.kms.katalon.core.logging.KeywordLogger</class>
  <method>logMessage</method>
  <thread>1</thread>
  <message>Checking test data id</message>
  <nestedLevel>1</nestedLevel>
</record>
<record>
  <date>2018-08-28T12:54:22</date>
  <millis>1535450062024</millis>
  <sequence>37</sequence>
  <level>INFO</level>
  <class>com.kms.katalon.core.logging.KeywordLogger</class>
  <method>logMessage</method>
  <thread>1</thread>
  <message>Finding test data with id &amp;apos;Data Files/Excel/Server&amp;apos;</message>
  <nestedLevel>1</nestedLevel>
</record>
<record>
  <date>2018-08-28T12:54:22</date>
  <millis>1535450062026</millis>
  <sequence>38</sequence>
  <level>INFO</level>
  <class>com.kms.katalon.core.logging.KeywordLogger</class>
  <method>logMessage</method>
  <thread>1</thread>
  <message>Test data is excel file, reading excel file</message>
  <nestedLevel>1</nestedLevel>
</record>
<record>
  <date>2018-08-28T12:54:22</date>
  <millis>1535450062027</millis>
  <sequence>39</sequence>
  <level>INFO</level>
  <class>com.kms.katalon.core.logging.KeywordLogger</class>
  <method>logMessage</method>
  <thread>1</thread>
  <message>Reading excel file with source file &amp;apos;T:\\Katalon Studio\\E1\\Test Data\\Test data.xlsx&amp;apos; and sheet name &amp;apos;Server&amp;apos;</message>
  <nestedLevel>1</nestedLevel>
</record>
<record>
  <date>2018-08-28T12:54:22</date>
  <millis>1535450062061</millis>
  <sequence>40</sequence>
  <level>INFO</level>
  <class>com.kms.katalon.core.logging.KeywordLogger</class>
  <method>logMessage</method>
  <thread>1</thread>
  <message>Checking test data id</message>
  <nestedLevel>1</nestedLevel>
</record>
<record>
  <date>2018-08-28T12:54:22</date>
  <millis>1535450062061</millis>
  <sequence>41</sequence>
  <level>INFO</level>
  <class>com.kms.katalon.core.logging.KeywordLogger</class>
  <method>logMessage</method>
  <thread>1</thread>
  <message>Finding test data with id &amp;apos;Data Files/Excel/User&amp;apos;</message>
  <nestedLevel>1</nestedLevel>
</record>
<record>
  <date>2018-08-28T12:54:22</date>
  <millis>1535450062066</millis>
  <sequence>42</sequence>
  <level>INFO</level>
  <class>com.kms.katalon.core.logging.KeywordLogger</class>
  <method>logMessage</method>
  <thread>1</thread>
  <message>Test data is excel file, reading excel file</message>
  <nestedLevel>1</nestedLevel>
</record>
<record>
  <date>2018-08-28T12:54:22</date>
  <millis>1535450062066</millis>
  <sequence>43</sequence>
  <level>INFO</level>
  <class>com.kms.katalon.core.logging.KeywordLogger</class>
  <method>logMessage</method>
  <thread>1</thread>
  <message>Reading excel file with source file &amp;apos;T:\\Katalon Studio\\E1\\Test Data\\Test data.xlsx&amp;apos; and sheet name &amp;apos;User&amp;apos;</message>
  <nestedLevel>1</nestedLevel>
</record>
<record>
  <date>2018-08-28T12:54:22</date>
  <millis>1535450062246</millis>
  <sequence>44</sequence>
  <level>INFO</level>
  <class>com.kms.katalon.core.logging.KeywordLogger</class>
  <method>logMessage</method>
  <thread>1</thread>
  <message>Checking test data id</message>
  <nestedLevel>1</nestedLevel>
</record>
<record>
  <date>2018-08-28T12:54:22</date>
  <millis>1535450062246</millis>
  <sequence>45</sequence>
  <level>INFO</level>
  <class>com.kms.katalon.core.logging.KeywordLogger</class>
  <method>logMessage</method>
  <thread>1</thread>
  <message>Finding test data with id &amp;apos;Data Files/Excel/User&amp;apos;</message>
  <nestedLevel>1</nestedLevel>
</record>
<record>
  <date>2018-08-28T12:54:22</date>
  <millis>1535450062248</millis>
  <sequence>46</sequence>
  <level>INFO</level>
  <class>com.kms.katalon.core.logging.KeywordLogger</class>
  <method>logMessage</method>
  <thread>1</thread>
  <message>Test data is excel file, reading excel file</message>
  <nestedLevel>1</nestedLevel>
</record>
<record>
  <date>2018-08-28T12:54:22</date>
  <millis>1535450062248</millis>
  <sequence>47</sequence>
  <level>INFO</level>
  <class>com.kms.katalon.core.logging.KeywordLogger</class>
  <method>logMessage</method>
  <thread>1</thread>
  <message>Reading excel file with source file &amp;apos;T:\\Katalon Studio\\E1\\Test Data\\Test data.xlsx&amp;apos; and sheet name &amp;apos;User&amp;apos;</message>
  <nestedLevel>1</nestedLevel>
</record>
<record>
  <date>2018-08-28T12:54:22</date>
  <millis>1535450062263</millis>
  <sequence>48</sequence>
  <level>INFO</level>
  <class>com.kms.katalon.core.logging.KeywordLogger</class>
  <method>logMessage</method>
  <thread>1</thread>
  <message>Checking test data id</message>
  <nestedLevel>1</nestedLevel>
</record>
<record>
  <date>2018-08-28T12:54:22</date>
  <millis>1535450062264</millis>
  <sequence>49</sequence>
  <level>INFO</level>
  <class>com.kms.katalon.core.logging.KeywordLogger</class>
  <method>logMessage</method>
  <thread>1</thread>
  <message>Finding test data with id &amp;apos;Data Files/Excel/User&amp;apos;</message>
  <nestedLevel>1</nestedLevel>
</record>
<record>
  <date>2018-08-28T12:54:22</date>
  <millis>1535450062265</millis>
  <sequence>50</sequence>
  <level>INFO</level>
  <class>com.kms.katalon.core.logging.KeywordLogger</class>
  <method>logMessage</method>
  <thread>1</thread>
  <message>Test data is excel file, reading excel file</message>
  <nestedLevel>1</nestedLevel>
</record>
<record>
  <date>2018-08-28T12:54:22</date>
  <millis>1535450062266</millis>
  <sequence>51</sequence>
  <level>INFO</level>
  <class>com.kms.katalon.core.logging.KeywordLogger</class>
  <method>logMessage</method>
  <thread>1</thread>
  <message>Reading excel file with source file &amp;apos;T:\\Katalon Studio\\E1\\Test Data\\Test data.xlsx&amp;apos; and sheet name &amp;apos;User&amp;apos;</message>
  <nestedLevel>1</nestedLevel>
</record>
<record>
  <date>2018-08-28T12:54:22</date>
  <millis>1535450062313</millis>
  <sequence>52</sequence>
  <level>INFO</level>
  <class>com.kms.katalon.core.logging.KeywordLogger</class>
  <method>logMessage</method>
  <thread>1</thread>
  <message>Checking test data id</message>
  <nestedLevel>1</nestedLevel>
</record>
<record>
  <date>2018-08-28T12:54:22</date>
  <millis>1535450062314</millis>
  <sequence>53</sequence>
  <level>INFO</level>
  <class>com.kms.katalon.core.logging.KeywordLogger</class>
  <method>logMessage</method>
  <thread>1</thread>
  <message>Finding test data with id &amp;apos;Data Files/Excel/User&amp;apos;</message>
  <nestedLevel>1</nestedLevel>
</record>
<record>
  <date>2018-08-28T12:54:22</date>
  <millis>1535450062316</millis>
  <sequence>54</sequence>
  <level>INFO</level>
  <class>com.kms.katalon.core.logging.KeywordLogger</class>
  <method>logMessage</method>
  <thread>1</thread>
  <message>Test data is excel file, reading excel file</message>
  <nestedLevel>1</nestedLevel>
</record>
<record>
  <date>2018-08-28T12:54:22</date>
  <millis>1535450062316</millis>
  <sequence>55</sequence>
  <level>INFO</level>
  <class>com.kms.katalon.core.logging.KeywordLogger</class>
  <method>logMessage</method>
  <thread>1</thread>
  <message>Reading excel file with source file &amp;apos;T:\\Katalon Studio\\E1\\Test Data\\Test data.xlsx&amp;apos; and sheet name &amp;apos;User&amp;apos;</message>
  <nestedLevel>1</nestedLevel>
</record>
<record>
  <date>2018-08-28T12:54:22</date>
  <millis>1535450062330</millis>
  <sequence>56</sequence>
  <level>INFO</level>
  <class>com.kms.katalon.core.logging.KeywordLogger</class>
  <method>logMessage</method>
  <thread>1</thread>
  <message>Checking test data id</message>
  <nestedLevel>1</nestedLevel>
</record>
<record>
  <date>2018-08-28T12:54:22</date>
  <millis>1535450062331</millis>
  <sequence>57</sequence>
  <level>INFO</level>
  <class>com.kms.katalon.core.logging.KeywordLogger</class>
  <method>logMessage</method>
  <thread>1</thread>
  <message>Finding test data with id &amp;apos;Data Files/Excel/User&amp;apos;</message>
  <nestedLevel>1</nestedLevel>
</record>
<record>
  <date>2018-08-28T12:54:22</date>
  <millis>1535450062333</millis>
  <sequence>58</sequence>
  <level>INFO</level>
  <class>com.kms.katalon.core.logging.KeywordLogger</class>
  <method>logMessage</method>
  <thread>1</thread>
  <message>Test data is excel file, reading excel file</message>
  <nestedLevel>1</nestedLevel>
</record>
<record>
  <date>2018-08-28T12:54:22</date>
  <millis>1535450062333</millis>
  <sequence>59</sequence>
  <level>INFO</level>
  <class>com.kms.katalon.core.logging.KeywordLogger</class>
  <method>logMessage</method>
  <thread>1</thread>
  <message>Reading excel file with source file &amp;apos;T:\\Katalon Studio\\E1\\Test Data\\Test data.xlsx&amp;apos; and sheet name &amp;apos;User&amp;apos;</message>
  <nestedLevel>1</nestedLevel>
</record>
<record>
  <date>2018-08-28T12:54:22</date>
  <millis>1535450062382</millis>
  <sequence>60</sequence>
  <level>INFO</level>
  <class>com.kms.katalon.core.logging.KeywordLogger</class>
  <method>logMessage</method>
  <thread>1</thread>
  <message>Checking test data id</message>
  <nestedLevel>1</nestedLevel>
</record>
<record>
  <date>2018-08-28T12:54:22</date>
  <millis>1535450062382</millis>
  <sequence>61</sequence>
  <level>INFO</level>
  <class>com.kms.katalon.core.logging.KeywordLogger</class>
  <method>logMessage</method>
  <thread>1</thread>
  <message>Finding test data with id &amp;apos;Data Files/Excel/User&amp;apos;</message>
  <nestedLevel>1</nestedLevel>
</record>
<record>
  <date>2018-08-28T12:54:22</date>
  <millis>1535450062384</millis>
  <sequence>62</sequence>
  <level>INFO</level>
  <class>com.kms.katalon.core.logging.KeywordLogger</class>
  <method>logMessage</method>
  <thread>1</thread>
  <message>Test data is excel file, reading excel file</message>
  <nestedLevel>1</nestedLevel>
</record>
<record>
  <date>2018-08-28T12:54:22</date>
  <millis>1535450062386</millis>
  <sequence>63</sequence>
  <level>INFO</level>
  <class>com.kms.katalon.core.logging.KeywordLogger</class>
  <method>logMessage</method>
  <thread>1</thread>
  <message>Reading excel file with source file &amp;apos;T:\\Katalon Studio\\E1\\Test Data\\Test data.xlsx&amp;apos; and sheet name &amp;apos;User&amp;apos;</message>
  <nestedLevel>1</nestedLevel>
</record>
<record>
  <date>2018-08-28T12:54:22</date>
  <millis>1535450062548</millis>
  <sequence>64</sequence>
  <level>INFO</level>
  <class>com.kms.katalon.core.logging.KeywordLogger</class>
  <method>logMessage</method>
  <thread>1</thread>
  <message>Checking test data id</message>
  <nestedLevel>1</nestedLevel>
</record>
<record>
  <date>2018-08-28T12:54:22</date>
  <millis>1535450062549</millis>
  <sequence>65</sequence>
  <level>INFO</level>
  <class>com.kms.katalon.core.logging.KeywordLogger</class>
  <method>logMessage</method>
  <thread>1</thread>
  <message>Finding test data with id &amp;apos;Data Files/Excel/User&amp;apos;</message>
  <nestedLevel>1</nestedLevel>
</record>
<record>
  <date>2018-08-28T12:54:22</date>
  <millis>1535450062552</millis>
  <sequence>66</sequence>
  <level>INFO</level>
  <class>com.kms.katalon.core.logging.KeywordLogger</class>
  <method>logMessage</method>
  <thread>1</thread>
  <message>Test data is excel file, reading excel file</message>
  <nestedLevel>1</nestedLevel>
</record>
<record>
  <date>2018-08-28T12:54:22</date>
  <millis>1535450062552</millis>
  <sequence>67</sequence>
  <level>INFO</level>
  <class>com.kms.katalon.core.logging.KeywordLogger</class>
  <method>logMessage</method>
  <thread>1</thread>
  <message>Reading excel file with source file &amp;apos;T:\\Katalon Studio\\E1\\Test Data\\Test data.xlsx&amp;apos; and sheet name &amp;apos;User&amp;apos;</message>
  <nestedLevel>1</nestedLevel>
</record>
<record>
  <date>2018-08-28T12:54:22</date>
  <millis>1535450062884</millis>
  <sequence>68</sequence>
  <level>INFO</level>
  <class>com.kms.katalon.core.logging.KeywordLogger</class>
  <method>logMessage</method>
  <thread>1</thread>
  <message>Opening browser</message>
  <nestedLevel>1</nestedLevel>
</record>
<record>
  <date>2018-08-28T12:54:22</date>
  <millis>1535450062891</millis>
  <sequence>69</sequence>
  <level>INFO</level>
  <class>com.kms.katalon.core.logging.KeywordLogger</class>
  <method>logMessage</method>
  <thread>1</thread>
  <message>Starting &amp;apos;Firefox&amp;apos; driver</message>
  <nestedLevel>1</nestedLevel>
</record>
<record>
  <date>2018-08-28T12:54:22</date>
  <millis>1535450062939</millis>
  <sequence>70</sequence>
  <level>INFO</level>
  <class>com.kms.katalon.core.logging.KeywordLogger</class>
  <method>logMessage</method>
  <thread>1</thread>
  <message>User set Firefox profile preference: [&amp;apos;browser.privatebrowsing.autostart&amp;apos;, &amp;apos;true&amp;apos;]</message>
  <nestedLevel>1</nestedLevel>
</record>
<record>
  <date>2018-08-28T12:54:22</date>
  <millis>1535450062940</millis>
  <sequence>71</sequence>
  <level>INFO</level>
  <class>com.kms.katalon.core.logging.KeywordLogger</class>
  <method>logMessage</method>
  <thread>1</thread>
  <message>Action delay is set to 0 seconds</message>
  <nestedLevel>1</nestedLevel>
</record>
<record>
  <date>2018-08-28T12:54:26</date>
  <millis>1535450066727</millis>
  <sequence>73</sequence>
  <level>RUN_DATA</level>
  <class>com.kms.katalon.core.logging.KeywordLogger</class>
  <method>logMessage</method>
  <thread>1</thread>
  <message>Logging run data &amp;apos;sessionId&amp;apos; with value &amp;apos;fbc0a475-ace8-490b-9798-4a54354964ad&amp;apos;</message>
  <nestedLevel>1</nestedLevel>
  <property name="sessionId">fbc0a475-ace8-490b-9798-4a54354964ad</property>
</record>
<record>
  <date>2018-08-28T12:54:26</date>
  <millis>1535450066745</millis>
  <sequence>74</sequence>
  <level>RUN_DATA</level>
  <class>com.kms.katalon.core.logging.KeywordLogger</class>
  <method>logMessage</method>
  <thread>1</thread>
  <message>Logging run data &amp;apos;browser&amp;apos; with value &amp;apos;Firefox 61.0&amp;apos;</message>
  <nestedLevel>1</nestedLevel>
  <property name="browser">Firefox 61.0</property>
</record>
<record>
  <date>2018-08-28T12:54:26</date>
  <millis>1535450066746</millis>
  <sequence>75</sequence>
  <level>RUN_DATA</level>
  <class>com.kms.katalon.core.logging.KeywordLogger</class>
  <method>logMessage</method>
  <thread>1</thread>
  <message>Logging run data &amp;apos;platform&amp;apos; with value &amp;apos;Windows 7&amp;apos;</message>
  <nestedLevel>1</nestedLevel>
  <property name="platform">Windows 7</property>
</record>
<record>
  <date>2018-08-28T12:54:26</date>
  <millis>1535450066747</millis>
  <sequence>76</sequence>
  <level>RUN_DATA</level>
  <class>com.kms.katalon.core.logging.KeywordLogger</class>
  <method>logMessage</method>
  <thread>1</thread>
  <message>Logging run data &amp;apos;seleniumVersion&amp;apos; with value &amp;apos;3.7.1&amp;apos;</message>
  <nestedLevel>1</nestedLevel>
  <property name="seleniumVersion">3.7.1</property>
</record>
<record>
  <date>2018-08-28T12:54:26</date>
  <millis>1535450066748</millis>
  <sequence>77</sequence>
  <level>RUN_DATA</level>
  <class>com.kms.katalon.core.logging.KeywordLogger</class>
  <method>logMessage</method>
  <thread>1</thread>
  <message>Logging run data &amp;apos;proxyInformation&amp;apos; with value &amp;apos;ProxyInformation{proxyOption=NO_PROXY, proxyServerType=HTTP, password=, proxyServerAddress=, proxyServerPort=0}&amp;apos;</message>
  <nestedLevel>1</nestedLevel>
  <property name="proxyInformation">ProxyInformation{proxyOption=NO_PROXY, proxyServerType=HTTP, password=, proxyServerAddress=, proxyServerPort=0}</property>
</record>
<record>
  <date>2018-08-28T12:54:26</date>
  <millis>1535450066749</millis>
  <sequence>78</sequence>
  <level>INFO</level>
  <class>com.kms.katalon.core.logging.KeywordLogger</class>
  <method>logMessage</method>
  <thread>1</thread>
  <message>Navigating browser to: &amp;apos;http://192.168.20.68/edo&amp;apos;</message>
  <nestedLevel>1</nestedLevel>
</record>
<record>
  <date>2018-08-28T12:54:27</date>
  <millis>1535450067994</millis>
  <sequence>79</sequence>
  <level>PASSED</level>
  <class>com.kms.katalon.core.logging.KeywordLogger</class>
  <method>logMessage</method>
  <thread>1</thread>
  <message>Browser is opened with url: &amp;apos;http://192.168.20.68/edo&amp;apos;</message>
  <nestedLevel>1</nestedLevel>
</record>
<record>
  <date>2018-08-28T12:54:27</date>
  <millis>1535450067994</millis>
  <sequence>80</sequence>
  <level>END</level>
  <class>com.kms.katalon.core.logging.KeywordLogger</class>
  <method>endKeyword</method>
  <thread>1</thread>
  <message>End action : openBrowser</message>
  <nestedLevel>1</nestedLevel>
</record>
<record>
  <date>2018-08-28T12:54:27</date>
  <millis>1535450067998</millis>
  <sequence>81</sequence>
  <level>START</level>
  <class>com.kms.katalon.core.logging.KeywordLogger</class>
  <method>startKeyword</method>
  <thread>1</thread>
  <message>Start action : deleteAllCookies</message>
  <nestedLevel>1</nestedLevel>
  <property name="startLine">26</property>
  <property name="stepIndex">2</property>
  <property name="description">\u041E\u0447\u0438\u0449\u0430\u044E\u0442\u0441\u044F \u043A\u0443\u043A\u0438</property>
</record>
<record>
  <date>2018-08-28T12:54:28</date>
  <millis>1535450068040</millis>
  <sequence>82</sequence>
  <level>PASSED</level>
  <class>com.kms.katalon.core.logging.KeywordLogger</class>
  <method>logMessage</method>
  <thread>1</thread>
  <message>Delete all cookies successfully</message>
  <nestedLevel>1</nestedLevel>
</record>
<record>
  <date>2018-08-28T12:54:28</date>
  <millis>1535450068041</millis>
  <sequence>83</sequence>
  <level>END</level>
  <class>com.kms.katalon.core.logging.KeywordLogger</class>
  <method>endKeyword</method>
  <thread>1</thread>
  <message>End action : deleteAllCookies</message>
  <nestedLevel>1</nestedLevel>
</record>
<record>
  <date>2018-08-28T12:54:28</date>
  <millis>1535450068041</millis>
  <sequence>84</sequence>
  <level>START</level>
  <class>com.kms.katalon.core.logging.KeywordLogger</class>
  <method>startKeyword</method>
  <thread>1</thread>
  <message>Start action : refresh</message>
  <nestedLevel>1</nestedLevel>
  <property name="startLine">29</property>
  <property name="stepIndex">3</property>
  <property name="description">\u041E\u0431\u043D\u043E\u0432\u043B\u0435\u043D\u0438\u0435 \u0441\u0442\u0440\u0430\u043D\u0438\u0447\u043A\u0438</property>
</record>
<record>
  <date>2018-08-28T12:54:28</date>
  <millis>1535450068056</millis>
  <sequence>85</sequence>
  <level>INFO</level>
  <class>com.kms.katalon.core.logging.KeywordLogger</class>
  <method>logMessage</method>
  <thread>1</thread>
  <message>Refreshing</message>
  <nestedLevel>1</nestedLevel>
</record>
<record>
  <date>2018-08-28T12:54:29</date>
  <millis>1535450069360</millis>
  <sequence>86</sequence>
  <level>PASSED</level>
  <class>com.kms.katalon.core.logging.KeywordLogger</class>
  <method>logMessage</method>
  <thread>1</thread>
  <message>Refresh successfully</message>
  <nestedLevel>1</nestedLevel>
</record>
<record>
  <date>2018-08-28T12:54:29</date>
  <millis>1535450069361</millis>
  <sequence>87</sequence>
  <level>END</level>
  <class>com.kms.katalon.core.logging.KeywordLogger</class>
  <method>endKeyword</method>
  <thread>1</thread>
  <message>End action : refresh</message>
  <nestedLevel>1</nestedLevel>
</record>
<record>
  <date>2018-08-28T12:54:29</date>
  <millis>1535450069361</millis>
  <sequence>88</sequence>
  <level>START</level>
  <class>com.kms.katalon.core.logging.KeywordLogger</class>
  <method>startKeyword</method>
  <thread>1</thread>
  <message>Start action : maximizeWindow</message>
  <nestedLevel>1</nestedLevel>
  <property name="startLine">32</property>
  <property name="stepIndex">4</property>
  <property name="description">\u041C\u0430\u043A\u0441\u0438\u043C\u0430\u043B\u044C\u043D\u044B\u0439 \u044D\u043A\u0440\u0430\u043D \u0431\u0440\u0430\u0443\u0437\u0435\u0440\u0430</property>
</record>
<record>
  <date>2018-08-28T12:54:29</date>
  <millis>1535450069368</millis>
  <sequence>89</sequence>
  <level>INFO</level>
  <class>com.kms.katalon.core.logging.KeywordLogger</class>
  <method>logMessage</method>
  <thread>1</thread>
  <message>Maximizing current window</message>
  <nestedLevel>1</nestedLevel>
</record>
<record>
  <date>2018-08-28T12:54:29</date>
  <millis>1535450069540</millis>
  <sequence>90</sequence>
  <level>PASSED</level>
  <class>com.kms.katalon.core.logging.KeywordLogger</class>
  <method>logMessage</method>
  <thread>1</thread>
  <message>Current window maximized</message>
  <nestedLevel>1</nestedLevel>
</record>
<record>
  <date>2018-08-28T12:54:29</date>
  <millis>1535450069541</millis>
  <sequence>91</sequence>
  <level>END</level>
  <class>com.kms.katalon.core.logging.KeywordLogger</class>
  <method>endKeyword</method>
  <thread>1</thread>
  <message>End action : maximizeWindow</message>
  <nestedLevel>1</nestedLevel>
</record>
<record>
  <date>2018-08-28T12:54:29</date>
  <millis>1535450069541</millis>
  <sequence>92</sequence>
  <level>START</level>
  <class>com.kms.katalon.core.logging.KeywordLogger</class>
  <method>startKeyword</method>
  <thread>1</thread>
  <message>Start action : setText</message>
  <nestedLevel>1</nestedLevel>
  <property name="startLine">35</property>
  <property name="stepIndex">5</property>
  <property name="description">\u0412\u0432\u043E\u0434 \u043B\u043E\u0433\u0438\u043D\u0430</property>
</record>
<record>
  <date>2018-08-28T12:54:29</date>
  <millis>1535450069547</millis>
  <sequence>93</sequence>
  <level>INFO</level>
  <class>com.kms.katalon.core.logging.KeywordLogger</class>
  <method>logMessage</method>
  <thread>1</thread>
  <message>Finding Test Object with id &amp;apos;Object Repository/page_authorization/input_login&amp;apos;</message>
  <nestedLevel>1</nestedLevel>
</record>
<record>
  <date>2018-08-28T12:54:29</date>
  <millis>1535450069567</millis>
  <sequence>94</sequence>
  <level>INFO</level>
  <class>com.kms.katalon.core.logging.KeywordLogger</class>
  <method>logMessage</method>
  <thread>1</thread>
  <message>Checking object</message>
  <nestedLevel>1</nestedLevel>
</record>
<record>
  <date>2018-08-28T12:54:29</date>
  <millis>1535450069567</millis>
  <sequence>95</sequence>
  <level>INFO</level>
  <class>com.kms.katalon.core.logging.KeywordLogger</class>
  <method>logMessage</method>
  <thread>1</thread>
  <message>Checking text</message>
  <nestedLevel>1</nestedLevel>
</record>
<record>
  <date>2018-08-28T12:54:29</date>
  <millis>1535450069567</millis>
  <sequence>96</sequence>
  <level>INFO</level>
  <class>com.kms.katalon.core.logging.KeywordLogger</class>
  <method>logMessage</method>
  <thread>1</thread>
  <message>Checking timeout</message>
  <nestedLevel>1</nestedLevel>
</record>
<record>
  <date>2018-08-28T12:54:29</date>
  <millis>1535450069577</millis>
  <sequence>97</sequence>
  <level>INFO</level>
  <class>com.kms.katalon.core.logging.KeywordLogger</class>
  <method>logMessage</method>
  <thread>1</thread>
  <message>Finding web element with id: &amp;apos;Object Repository/page_authorization/input_login&amp;apos; located by &amp;apos;By.xpath: //*[@id = &amp;apos;content-login-username&amp;apos;]&amp;apos; in &amp;apos;120&amp;apos; second(s)</message>
  <nestedLevel>1</nestedLevel>
</record>
<record>
  <date>2018-08-28T12:54:29</date>
  <millis>1535450069592</millis>
  <sequence>98</sequence>
  <level>INFO</level>
  <class>com.kms.katalon.core.logging.KeywordLogger</class>
  <method>logMessage</method>
  <thread>1</thread>
  <message>Found 1 web elements with id: &amp;apos;Object Repository/page_authorization/input_login&amp;apos; located by &amp;apos;By.xpath: //*[@id = &amp;apos;content-login-username&amp;apos;]&amp;apos; in &amp;apos;120&amp;apos; second(s)</message>
  <nestedLevel>1</nestedLevel>
</record>
<record>
  <date>2018-08-28T12:54:29</date>
  <millis>1535450069597</millis>
  <sequence>99</sequence>
  <level>INFO</level>
  <class>com.kms.katalon.core.logging.KeywordLogger</class>
  <method>logMessage</method>
  <thread>1</thread>
  <message>Clearing text of object &amp;apos;Object Repository/page_authorization/input_login&amp;apos;</message>
  <nestedLevel>1</nestedLevel>
</record>
<record>
  <date>2018-08-28T12:54:29</date>
  <millis>1535450069607</millis>
  <sequence>100</sequence>
  <level>INFO</level>
  <class>com.kms.katalon.core.logging.KeywordLogger</class>
  <method>logMessage</method>
  <thread>1</thread>
  <message>Checking timeout</message>
  <nestedLevel>1</nestedLevel>
</record>
<record>
  <date>2018-08-28T12:54:29</date>
  <millis>1535450069608</millis>
  <sequence>101</sequence>
  <level>INFO</level>
  <class>com.kms.katalon.core.logging.KeywordLogger</class>
  <method>logMessage</method>
  <thread>1</thread>
  <message>Finding web element with id: &amp;apos;Object Repository/page_authorization/input_login&amp;apos; located by &amp;apos;By.xpath: //*[@id = &amp;apos;content-login-username&amp;apos;]&amp;apos; in &amp;apos;120&amp;apos; second(s)</message>
  <nestedLevel>1</nestedLevel>
</record>
<record>
  <date>2018-08-28T12:54:29</date>
  <millis>1535450069617</millis>
  <sequence>102</sequence>
  <level>INFO</level>
  <class>com.kms.katalon.core.logging.KeywordLogger</class>
  <method>logMessage</method>
  <thread>1</thread>
  <message>Found 1 web elements with id: &amp;apos;Object Repository/page_authorization/input_login&amp;apos; located by &amp;apos;By.xpath: //*[@id = &amp;apos;content-login-username&amp;apos;]&amp;apos; in &amp;apos;120&amp;apos; second(s)</message>
  <nestedLevel>1</nestedLevel>
</record>
<record>
  <date>2018-08-28T12:54:29</date>
  <millis>1535450069624</millis>
  <sequence>103</sequence>
  <level>INFO</level>
  <class>com.kms.katalon.core.logging.KeywordLogger</class>
  <method>logMessage</method>
  <thread>1</thread>
  <message>Setting text of object &amp;apos;Object Repository/page_authorization/input_login&amp;apos; to value &amp;apos;autoui16&amp;apos;</message>
  <nestedLevel>1</nestedLevel>
</record>
<record>
  <date>2018-08-28T12:54:29</date>
  <millis>1535450069664</millis>
  <sequence>104</sequence>
  <level>PASSED</level>
  <class>com.kms.katalon.core.logging.KeywordLogger</class>
  <method>logMessage</method>
  <thread>1</thread>
  <message>Text &amp;apos;autoui16&amp;apos; is set on object &amp;apos;Object Repository/page_authorization/input_login&amp;apos;</message>
  <nestedLevel>1</nestedLevel>
</record>
<record>
  <date>2018-08-28T12:54:29</date>
  <millis>1535450069665</millis>
  <sequence>105</sequence>
  <level>END</level>
  <class>com.kms.katalon.core.logging.KeywordLogger</class>
  <method>endKeyword</method>
  <thread>1</thread>
  <message>End action : setText</message>
  <nestedLevel>1</nestedLevel>
</record>
<record>
  <date>2018-08-28T12:54:29</date>
  <millis>1535450069665</millis>
  <sequence>106</sequence>
  <level>START</level>
  <class>com.kms.katalon.core.logging.KeywordLogger</class>
  <method>startKeyword</method>
  <thread>1</thread>
  <message>Start action : setText</message>
  <nestedLevel>1</nestedLevel>
  <property name="startLine">38</property>
  <property name="stepIndex">6</property>
  <property name="description">\u0412\u0432\u043E\u0434 \u043F\u0430\u0440\u043E\u043B\u044F</property>
</record>
<record>
  <date>2018-08-28T12:54:29</date>
  <millis>1535450069666</millis>
  <sequence>107</sequence>
  <level>INFO</level>
  <class>com.kms.katalon.core.logging.KeywordLogger</class>
  <method>logMessage</method>
  <thread>1</thread>
  <message>Finding Test Object with id &amp;apos;Object Repository/page_authorization/input_password&amp;apos;</message>
  <nestedLevel>1</nestedLevel>
</record>
<record>
  <date>2018-08-28T12:54:29</date>
  <millis>1535450069668</millis>
  <sequence>108</sequence>
  <level>INFO</level>
  <class>com.kms.katalon.core.logging.KeywordLogger</class>
  <method>logMessage</method>
  <thread>1</thread>
  <message>Checking object</message>
  <nestedLevel>1</nestedLevel>
</record>
<record>
  <date>2018-08-28T12:54:29</date>
  <millis>1535450069669</millis>
  <sequence>109</sequence>
  <level>INFO</level>
  <class>com.kms.katalon.core.logging.KeywordLogger</class>
  <method>logMessage</method>
  <thread>1</thread>
  <message>Checking text</message>
  <nestedLevel>1</nestedLevel>
</record>
<record>
  <date>2018-08-28T12:54:29</date>
  <millis>1535450069669</millis>
  <sequence>110</sequence>
  <level>INFO</level>
  <class>com.kms.katalon.core.logging.KeywordLogger</class>
  <method>logMessage</method>
  <thread>1</thread>
  <message>Checking timeout</message>
  <nestedLevel>1</nestedLevel>
</record>
<record>
  <date>2018-08-28T12:54:29</date>
  <millis>1535450069669</millis>
  <sequence>111</sequence>
  <level>INFO</level>
  <class>com.kms.katalon.core.logging.KeywordLogger</class>
  <method>logMessage</method>
  <thread>1</thread>
  <message>Finding web element with id: &amp;apos;Object Repository/page_authorization/input_password&amp;apos; located by &amp;apos;By.xpath: //*[@id = &amp;apos;content-login-password&amp;apos;]&amp;apos; in &amp;apos;120&amp;apos; second(s)</message>
  <nestedLevel>1</nestedLevel>
</record>
<record>
  <date>2018-08-28T12:54:29</date>
  <millis>1535450069696</millis>
  <sequence>112</sequence>
  <level>INFO</level>
  <class>com.kms.katalon.core.logging.KeywordLogger</class>
  <method>logMessage</method>
  <thread>1</thread>
  <message>Found 1 web elements with id: &amp;apos;Object Repository/page_authorization/input_password&amp;apos; located by &amp;apos;By.xpath: //*[@id = &amp;apos;content-login-password&amp;apos;]&amp;apos; in &amp;apos;120&amp;apos; second(s)</message>
  <nestedLevel>1</nestedLevel>
</record>
<record>
  <date>2018-08-28T12:54:29</date>
  <millis>1535450069696</millis>
  <sequence>113</sequence>
  <level>INFO</level>
  <class>com.kms.katalon.core.logging.KeywordLogger</class>
  <method>logMessage</method>
  <thread>1</thread>
  <message>Clearing text of object &amp;apos;Object Repository/page_authorization/input_password&amp;apos;</message>
  <nestedLevel>1</nestedLevel>
</record>
<record>
  <date>2018-08-28T12:54:29</date>
  <millis>1535450069712</millis>
  <sequence>114</sequence>
  <level>INFO</level>
  <class>com.kms.katalon.core.logging.KeywordLogger</class>
  <method>logMessage</method>
  <thread>1</thread>
  <message>Checking timeout</message>
  <nestedLevel>1</nestedLevel>
</record>
<record>
  <date>2018-08-28T12:54:29</date>
  <millis>1535450069714</millis>
  <sequence>115</sequence>
  <level>INFO</level>
  <class>com.kms.katalon.core.logging.KeywordLogger</class>
  <method>logMessage</method>
  <thread>1</thread>
  <message>Finding web element with id: &amp;apos;Object Repository/page_authorization/input_password&amp;apos; located by &amp;apos;By.xpath: //*[@id = &amp;apos;content-login-password&amp;apos;]&amp;apos; in &amp;apos;120&amp;apos; second(s)</message>
  <nestedLevel>1</nestedLevel>
</record>
<record>
  <date>2018-08-28T12:54:29</date>
  <millis>1535450069746</millis>
  <sequence>116</sequence>
  <level>INFO</level>
  <class>com.kms.katalon.core.logging.KeywordLogger</class>
  <method>logMessage</method>
  <thread>1</thread>
  <message>Found 1 web elements with id: &amp;apos;Object Repository/page_authorization/input_password&amp;apos; located by &amp;apos;By.xpath: //*[@id = &amp;apos;content-login-password&amp;apos;]&amp;apos; in &amp;apos;120&amp;apos; second(s)</message>
  <nestedLevel>1</nestedLevel>
</record>
<record>
  <date>2018-08-28T12:54:29</date>
  <millis>1535450069748</millis>
  <sequence>117</sequence>
  <level>INFO</level>
  <class>com.kms.katalon.core.logging.KeywordLogger</class>
  <method>logMessage</method>
  <thread>1</thread>
  <message>Setting text of object &amp;apos;Object Repository/page_authorization/input_password&amp;apos; to value &amp;apos;Gfhjkm123&amp;apos;</message>
  <nestedLevel>1</nestedLevel>
</record>
<record>
  <date>2018-08-28T12:54:29</date>
  <millis>1535450069823</millis>
  <sequence>118</sequence>
  <level>PASSED</level>
  <class>com.kms.katalon.core.logging.KeywordLogger</class>
  <method>logMessage</method>
  <thread>1</thread>
  <message>Text &amp;apos;Gfhjkm123&amp;apos; is set on object &amp;apos;Object Repository/page_authorization/input_password&amp;apos;</message>
  <nestedLevel>1</nestedLevel>
</record>
<record>
  <date>2018-08-28T12:54:29</date>
  <millis>1535450069824</millis>
  <sequence>119</sequence>
  <level>END</level>
  <class>com.kms.katalon.core.logging.KeywordLogger</class>
  <method>endKeyword</method>
  <thread>1</thread>
  <message>End action : setText</message>
  <nestedLevel>1</nestedLevel>
</record>
<record>
  <date>2018-08-28T12:54:29</date>
  <millis>1535450069824</millis>
  <sequence>120</sequence>
  <level>START</level>
  <class>com.kms.katalon.core.logging.KeywordLogger</class>
  <method>startKeyword</method>
  <thread>1</thread>
  <message>Start action : click</message>
  <nestedLevel>1</nestedLevel>
  <property name="startLine">41</property>
  <property name="stepIndex">7</property>
  <property name="description">\u041A\u043B\u0438\u043A \u043F\u043E \u043A\u043D\u043E\u043F\u043A\u0435 \&quot;\u0412\u043E\u0439\u0442\u0438\&quot;</property>
</record>
<record>
  <date>2018-08-28T12:54:29</date>
  <millis>1535450069825</millis>
  <sequence>121</sequence>
  <level>INFO</level>
  <class>com.kms.katalon.core.logging.KeywordLogger</class>
  <method>logMessage</method>
  <thread>1</thread>
  <message>Finding Test Object with id &amp;apos;Object Repository/page_authorization/button_come&amp;apos;</message>
  <nestedLevel>1</nestedLevel>
</record>
<record>
  <date>2018-08-28T12:54:29</date>
  <millis>1535450069833</millis>
  <sequence>122</sequence>
  <level>INFO</level>
  <class>com.kms.katalon.core.logging.KeywordLogger</class>
  <method>logMessage</method>
  <thread>1</thread>
  <message>Checking object</message>
  <nestedLevel>1</nestedLevel>
</record>
<record>
  <date>2018-08-28T12:54:29</date>
  <millis>1535450069833</millis>
  <sequence>123</sequence>
  <level>INFO</level>
  <class>com.kms.katalon.core.logging.KeywordLogger</class>
  <method>logMessage</method>
  <thread>1</thread>
  <message>Checking timeout</message>
  <nestedLevel>1</nestedLevel>
</record>
<record>
  <date>2018-08-28T12:54:29</date>
  <millis>1535450069834</millis>
  <sequence>124</sequence>
  <level>INFO</level>
  <class>com.kms.katalon.core.logging.KeywordLogger</class>
  <method>logMessage</method>
  <thread>1</thread>
  <message>Finding web element with id: &amp;apos;Object Repository/page_authorization/button_come&amp;apos; located by &amp;apos;By.xpath: //button[contains(text(),&amp;apos;\u0412\u043E\u0439\u0442\u0438&amp;apos;)]&amp;apos; in &amp;apos;120&amp;apos; second(s)</message>
  <nestedLevel>1</nestedLevel>
</record>
<record>
  <date>2018-08-28T12:54:29</date>
  <millis>1535450069846</millis>
  <sequence>125</sequence>
  <level>INFO</level>
  <class>com.kms.katalon.core.logging.KeywordLogger</class>
  <method>logMessage</method>
  <thread>1</thread>
  <message>Found 1 web elements with id: &amp;apos;Object Repository/page_authorization/button_come&amp;apos; located by &amp;apos;By.xpath: //button[contains(text(),&amp;apos;\u0412\u043E\u0439\u0442\u0438&amp;apos;)]&amp;apos; in &amp;apos;120&amp;apos; second(s)</message>
  <nestedLevel>1</nestedLevel>
</record>
<record>
  <date>2018-08-28T12:54:29</date>
  <millis>1535450069846</millis>
  <sequence>126</sequence>
  <level>INFO</level>
  <class>com.kms.katalon.core.logging.KeywordLogger</class>
  <method>logMessage</method>
  <thread>1</thread>
  <message>Clicking on object: &amp;apos;Object Repository/page_authorization/button_come&amp;apos;</message>
  <nestedLevel>1</nestedLevel>
</record>
<record>
  <date>2018-08-28T12:54:33</date>
  <millis>1535450073295</millis>
  <sequence>127</sequence>
  <level>PASSED</level>
  <class>com.kms.katalon.core.logging.KeywordLogger</class>
  <method>logMessage</method>
  <thread>1</thread>
  <message>Object: &amp;apos;Object Repository/page_authorization/button_come&amp;apos; is clicked on</message>
  <nestedLevel>1</nestedLevel>
</record>
<record>
  <date>2018-08-28T12:54:33</date>
  <millis>1535450073296</millis>
  <sequence>128</sequence>
  <level>END</level>
  <class>com.kms.katalon.core.logging.KeywordLogger</class>
  <method>endKeyword</method>
  <thread>1</thread>
  <message>End action : click</message>
  <nestedLevel>1</nestedLevel>
</record>
<record>
  <date>2018-08-28T12:54:33</date>
  <millis>1535450073304</millis>
  <sequence>129</sequence>
  <level>START</level>
  <class>com.kms.katalon.core.logging.KeywordLogger</class>
  <method>startKeyword</method>
  <thread>1</thread>
  <message>Start action : waitForElementPresent</message>
  <nestedLevel>1</nestedLevel>
  <property name="startLine">44</property>
  <property name="stepIndex">8</property>
  <property name="description">\u041F\u0440\u043E\u0432\u0435\u0440\u043A\u0430 \u043D\u0430\u043B\u0438\u0447\u0438\u044F \u043A\u043D\u043E\u043F\u043A\u0438 \&quot;\u0412\u044B\u0445\u043E\u0434\&quot;</property>
</record>
<record>
  <date>2018-08-28T12:54:33</date>
  <millis>1535450073307</millis>
  <sequence>130</sequence>
  <level>INFO</level>
  <class>com.kms.katalon.core.logging.KeywordLogger</class>
  <method>logMessage</method>
  <thread>1</thread>
  <message>Finding Test Object with id &amp;apos;Object Repository/page_home/span_exit&amp;apos;</message>
  <nestedLevel>1</nestedLevel>
</record>
<record>
  <date>2018-08-28T12:54:33</date>
  <millis>1535450073315</millis>
  <sequence>131</sequence>
  <level>INFO</level>
  <class>com.kms.katalon.core.logging.KeywordLogger</class>
  <method>logMessage</method>
  <thread>1</thread>
  <message>Checking object</message>
  <nestedLevel>1</nestedLevel>
</record>
<record>
  <date>2018-08-28T12:54:33</date>
  <millis>1535450073315</millis>
  <sequence>132</sequence>
  <level>INFO</level>
  <class>com.kms.katalon.core.logging.KeywordLogger</class>
  <method>logMessage</method>
  <thread>1</thread>
  <message>Checking timeout</message>
  <nestedLevel>1</nestedLevel>
</record>
<record>
  <date>2018-08-28T12:54:33</date>
  <millis>1535450073315</millis>
  <sequence>133</sequence>
  <level>INFO</level>
  <class>com.kms.katalon.core.logging.KeywordLogger</class>
  <method>logMessage</method>
  <thread>1</thread>
  <message>Finding web element with id: &amp;apos;Object Repository/page_home/span_exit&amp;apos; located by &amp;apos;By.xpath: //span[contains(text(),&amp;apos;\u0412\u044B\u0445\u043E\u0434&amp;apos;)]&amp;apos; in &amp;apos;60&amp;apos; second(s)</message>
  <nestedLevel>1</nestedLevel>
</record>
<record>
  <date>2018-08-28T12:54:33</date>
  <millis>1535450073352</millis>
  <sequence>134</sequence>
  <level>INFO</level>
  <class>com.kms.katalon.core.logging.KeywordLogger</class>
  <method>logMessage</method>
  <thread>1</thread>
  <message>Found 1 web elements with id: &amp;apos;Object Repository/page_home/span_exit&amp;apos; located by &amp;apos;By.xpath: //span[contains(text(),&amp;apos;\u0412\u044B\u0445\u043E\u0434&amp;apos;)]&amp;apos; in &amp;apos;60&amp;apos; second(s)</message>
  <nestedLevel>1</nestedLevel>
</record>
<record>
  <date>2018-08-28T12:54:33</date>
  <millis>1535450073353</millis>
  <sequence>135</sequence>
  <level>PASSED</level>
  <class>com.kms.katalon.core.logging.KeywordLogger</class>
  <method>logMessage</method>
  <thread>1</thread>
  <message>Object &amp;apos;Object Repository/page_home/span_exit&amp;apos; is present</message>
  <nestedLevel>1</nestedLevel>
</record>
<record>
  <date>2018-08-28T12:54:33</date>
  <millis>1535450073353</millis>
  <sequence>136</sequence>
  <level>END</level>
  <class>com.kms.katalon.core.logging.KeywordLogger</class>
  <method>endKeyword</method>
  <thread>1</thread>
  <message>End action : waitForElementPresent</message>
  <nestedLevel>1</nestedLevel>
</record>
<record>
  <date>2018-08-28T12:54:33</date>
  <millis>1535450073353</millis>
  <sequence>137</sequence>
  <level>PASSED</level>
  <class>com.kms.katalon.core.logging.KeywordLogger</class>
  <method>logMessage</method>
  <thread>1</thread>
  <message>Test Cases/Base/Authorization</message>
  <nestedLevel>1</nestedLevel>
</record>
<record>
  <date>2018-08-28T12:54:35</date>
  <millis>1535450075390</millis>
  <sequence>138</sequence>
  <level>END</level>
  <class>com.kms.katalon.core.logging.KeywordLogger</class>
  <method>endTest</method>
  <thread>1</thread>
  <message>End Test Case : Test Cases/Base/Authorization</message>
  <nestedLevel>0</nestedLevel>
</record>
<record>
  <date>2018-08-28T12:54:35</date>
  <millis>1535450075596</millis>
  <sequence>139</sequence>
  <level>END</level>
  <class>com.kms.katalon.core.logging.KeywordLogger</class>
  <method>endSuite</method>
  <thread>1</thread>
  <message>End Test Suite : Test Suites/Scenario1/Authorization</message>
  <nestedLevel>0</nestedLevel>
</record>
</log>