I 2018-11-19 11:31:12:773 server.cc(86) Starting WebDriver server on port: '28298' on host: ''
T 2018-11-19 11:31:12:773 server.cc(634) Entering Server::PopulateCommandRepository
T 2018-11-19 11:31:12:774 IEServer.cpp(32) Entering IEServer::IEServer
I 2018-11-19 11:31:12:774 IEServer.cpp(33) Driver version: 3.6.0.0 (32-bit)
T 2018-11-19 11:31:12:774 server.cc(121) Entering Server::Start
D 2018-11-19 11:31:12:774 server.cc(148) Civetweb ACL is -0.0.0.0/0,+127.0.0.1
T 2018-11-19 11:31:13:156 server.cc(174) Entering Server::ProcessRequest
T 2018-11-19 11:31:13:156 server.cc(183) Process request with: URI: /status HTTP verb: GET
body: {}
T 2018-11-19 11:31:13:156 server.cc(272) Entering Server::DispatchCommand
T 2018-11-19 11:31:13:156 server.cc(583) Entering Server::LookupCommand
D 2018-11-19 11:31:13:156 server.cc(281) Command: GET /status {}
T 2018-11-19 11:31:13:156 IEServer.cpp(51) Entering IEServer::GetStatus
T 2018-11-19 11:31:13:156 response.cc(72) Entering Response::SetSuccessResponse
T 2018-11-19 11:31:13:156 response.cc(78) Entering Response::SetResponse
T 2018-11-19 11:31:13:156 response.cc(51) Entering Response::Serialize
D 2018-11-19 11:31:13:156 server.cc(338) Response: {"value":{"build":{"version":"3.6.0.0 (32-bit)"},"message":"Ready to create session","os":{"arch":"x64","name":"windows","version":"6.1.7601.18015 (win7sp1_gdr.121129-1432)"},"ready":true}}

T 2018-11-19 11:31:13:156 server.cc(391) Entering Server::SendResponseToClient
T 2018-11-19 11:31:13:156 response.cc(30) Entering Response::Deserialize
T 2018-11-19 11:31:13:156 server.cc(445) Entering Server::SendHttpOk
T 2018-11-19 11:31:13:309 server.cc(174) Entering Server::ProcessRequest
T 2018-11-19 11:31:13:309 server.cc(238) Entering Server::ReadRequestBody
T 2018-11-19 11:31:13:309 server.cc(183) Process request with: URI: /session HTTP verb: POST
body: {
  "desiredCapabilities": {"Properties":"-private","browserName":"internet explorer","ensureCleanSession":true,"ie.usePerProcessProxy":"true","platform":"WINDOWS","se:ieOptions":{"ie.usePerProcessProxy":"true"}},
  "capabilities": {
    "desiredCapabilities": {"Properties":"-private","browserName":"internet explorer","ensureCleanSession":true,"ie.usePerProcessProxy":"true","platform":"WINDOWS","se:ieOptions":{"ie.usePerProcessProxy":"true"}},
    "firstMatch": [
      {"browserName":"internet explorer","platformName":"windows","se:ieOptions":{"ie.usePerProcessProxy":"true"}}
    ]
  }
}
T 2018-11-19 11:31:13:309 server.cc(272) Entering Server::DispatchCommand
T 2018-11-19 11:31:13:309 server.cc(583) Entering Server::LookupCommand
D 2018-11-19 11:31:13:309 server.cc(281) Command: POST /session {
  "desiredCapabilities": {"Properties":"-private","browserName":"internet explorer","ensureCleanSession":true,"ie.usePerProcessProxy":"true","platform":"WINDOWS","se:ieOptions":{"ie.usePerProcessProxy":"true"}},
  "capabilities": {
    "desiredCapabilities": {"Properties":"-private","browserName":"internet explorer","ensureCleanSession":true,"ie.usePerProcessProxy":"true","platform":"WINDOWS","se:ieOptions":{"ie.usePerProcessProxy":"true"}},
    "firstMatch": [
      {"browserName":"internet explorer","platformName":"windows","se:ieOptions":{"ie.usePerProcessProxy":"true"}}
    ]
  }
}
T 2018-11-19 11:31:13:309 IEServer.cpp(42) Entering IEServer::InitializeSession
T 2018-11-19 11:31:13:310 IESession.cpp(38) Entering IESession::Initialize
D 2018-11-19 11:31:13:310 IESession.cpp(53) Mutex acquired for session initalization
T 2018-11-19 11:31:13:311 IECommandExecutor.cpp(386) Entering IECommandExecutor::ThreadProc
T 2018-11-19 11:31:13:312 IECommandExecutor.cpp(47) Entering IECommandExecutor::OnCreate
T 2018-11-19 11:31:13:312 IECommandExecutor.cpp(753) Entering IECommandExecutor::PopulateElementFinderMethods
T 2018-11-19 11:31:13:312 InputManager.cpp(40) Entering InputManager::InputManager
T 2018-11-19 11:31:13:312 InputManager.cpp(75) Entering InputManager::Initialize
T 2018-11-19 11:31:13:312 BrowserFactory.cpp(998) Entering BrowserFactory::GetExecutableLocation
T 2018-11-19 11:31:13:313 BrowserFactory.cpp(1039) Entering BrowserFactory::GetIEVersion
T 2018-11-19 11:31:13:313 CommandHandlerRepository.cpp(108) Entering CommandHandlerRepository::PopulateCommandHandlers
T 2018-11-19 11:31:13:313 IESession.cpp(99) Created thread for command executor returns HWND: '004C0A26'
T 2018-11-19 11:31:13:313 IESession.cpp(103) Session id is retrived from command executor window: '3a0185d7-753f-49c2-a93c-0294910dfae6'
D 2018-11-19 11:31:13:313 IESession.cpp(109) Releasing session initialization mutex
T 2018-11-19 11:31:13:313 IESession.cpp(191) Entering IESession::ExecuteCommand
T 2018-11-19 11:31:13:313 IECommandExecutor.cpp(122) Entering IECommandExecutor::OnSetCommand
T 2018-11-19 11:31:13:313 command.cc(31) Entering Command::Deserialize
D 2018-11-19 11:31:13:313 command.cc(36) Raw JSON command: { "name" : "newSession", "locator" : { }, "parameters" : {
  "desiredCapabilities": {"Properties":"-private","browserName":"internet explorer","ensureCleanSession":true,"ie.usePerProcessProxy":"true","platform":"WINDOWS","se:ieOptions":{"ie.usePerProcessProxy":"true"}},
  "capabilities": {
    "desiredCapabilities": {"Properties":"-private","browserName":"internet explorer","ensureCleanSession":true,"ie.usePerProcessProxy":"true","platform":"WINDOWS","se:ieOptions":{"ie.usePerProcessProxy":"true"}},
    "firstMatch": [
      {"browserName":"internet explorer","platformName":"windows","se:ieOptions":{"ie.usePerProcessProxy":"true"}}
    ]
  }
} }
T 2018-11-19 11:31:13:313 IESession.cpp(212) Beginning wait for response length to be not zero
T 2018-11-19 11:31:13:313 IECommandExecutor.cpp(133) Entering IECommandExecutor::OnExecCommand
T 2018-11-19 11:31:13:313 IECommandExecutor.cpp(454) Entering IECommandExecutor::DispatchCommand
D 2018-11-19 11:31:13:313 CommandHandlers\NewSessionCommandHandler.cpp(46) Found W3C capabilities structure
D 2018-11-19 11:31:13:313 CommandHandlers\NewSessionCommandHandler.cpp(505) Validating capabilities object
D 2018-11-19 11:31:13:313 CommandHandlers\NewSessionCommandHandler.cpp(505) Validating capabilities object
D 2018-11-19 11:31:13:313 CommandHandlers\NewSessionCommandHandler.cpp(535) Found browserNamecapability. Validating value type is string.
D 2018-11-19 11:31:13:313 CommandHandlers\NewSessionCommandHandler.cpp(564) Found platformNamecapability. Validating value type is string.
D 2018-11-19 11:31:13:313 CommandHandlers\NewSessionCommandHandler.cpp(794) Found proxycapability. Validating value type is object.
T 2018-11-19 11:31:13:313 BrowserFactory.cpp(113) Entering BrowserFactory::Initialize
T 2018-11-19 11:31:13:314 IECommandExecutor.cpp(631) Entering IECommandExecutor::CreateNewBrowser
T 2018-11-19 11:31:13:314 BrowserFactory.cpp(142) Entering BrowserFactory::LaunchBrowserProcess
D 2018-11-19 11:31:13:314 BrowserFactory.cpp(146) Ignoring Protected Mode Settings: 0
D 2018-11-19 11:31:13:314 BrowserFactory.cpp(149) Checking validity of Protected Mode settings.
T 2018-11-19 11:31:13:314 BrowserFactory.cpp(1058) Entering BrowserFactory::ProtectedModeSettingsAreValid
D 2018-11-19 11:31:13:314 BrowserFactory.cpp(1061) Detected IE version: 11, Windows version supports Protected Mode: 1
T 2018-11-19 11:31:13:314 BrowserFactory.cpp(1135) Entering BrowserFactory::GetZoneProtectedModeSetting
D 2018-11-19 11:31:13:314 BrowserFactory.cpp(1152) Found Protected Mode setting value of 0 for zone 1
T 2018-11-19 11:31:13:314 BrowserFactory.cpp(1135) Entering BrowserFactory::GetZoneProtectedModeSetting
D 2018-11-19 11:31:13:314 BrowserFactory.cpp(1152) Found Protected Mode setting value of 0 for zone 2
T 2018-11-19 11:31:13:314 BrowserFactory.cpp(1135) Entering BrowserFactory::GetZoneProtectedModeSetting
D 2018-11-19 11:31:13:314 BrowserFactory.cpp(1152) Found Protected Mode setting value of 0 for zone 3
T 2018-11-19 11:31:13:314 BrowserFactory.cpp(1135) Entering BrowserFactory::GetZoneProtectedModeSetting
D 2018-11-19 11:31:13:314 BrowserFactory.cpp(1152) Found Protected Mode setting value of 0 for zone 4
D 2018-11-19 11:31:13:314 BrowserFactory.cpp(152) Has Valid Protected Mode Settings: 1
T 2018-11-19 11:31:13:314 BrowserFactory.cpp(226) Entering BrowserFactory::IsIELaunchURLAvailable
T 2018-11-19 11:31:13:318 BrowserFactory.cpp(130) Entering BrowserFactory::ClearCache
T 2018-11-19 11:31:13:318 BrowserFactory.cpp(247) Entering BrowserFactory::LaunchBrowserUsingIELaunchURL
D 2018-11-19 11:31:13:318 BrowserFactory.cpp(248) Starting IE using the IELaunchURL API
D 2018-11-19 11:31:13:473 BrowserFactory.cpp(202) IE launched successfully with process ID 12256
D 2018-11-19 11:31:13:473 BrowserFactory.cpp(208) Process with ID 12256 is executing iexplore.exe
T 2018-11-19 11:31:13:473 BrowserFactory.cpp(365) Entering BrowserFactory::AttachToBrowser
D 2018-11-19 11:31:13:473 BrowserFactory.cpp(375) Using Active Accessibility to find IWebBrowser2 interface
T 2018-11-19 11:31:13:473 BrowserFactory.cpp(414) Entering BrowserFactory::AttachToBrowserUsingActiveAccessibility
T 2018-11-19 11:31:14:589 server.cc(174) Entering Server::ProcessRequest
T 2018-11-19 11:31:14:589 server.cc(183) Process request with: URI: / HTTP verb: GET
body: {}
T 2018-11-19 11:31:14:589 server.cc(445) Entering Server::SendHttpOk
T 2018-11-19 11:31:14:678 server.cc(174) Entering Server::ProcessRequest
T 2018-11-19 11:31:14:678 server.cc(183) Process request with: URI: /favicon.ico HTTP verb: GET
body: {}
T 2018-11-19 11:31:14:678 server.cc(272) Entering Server::DispatchCommand
T 2018-11-19 11:31:14:678 server.cc(583) Entering Server::LookupCommand
D 2018-11-19 11:31:14:679 server.cc(281) Command: GET /favicon.ico {}
D 2018-11-19 11:31:14:679 server.cc(338) Response: { "error" : "unknown method", "message" : "Command not found: GET /favicon.ico" }
T 2018-11-19 11:31:14:679 server.cc(391) Entering Server::SendResponseToClient
T 2018-11-19 11:31:14:679 response.cc(30) Entering Response::Deserialize
T 2018-11-19 11:31:14:679 server.cc(445) Entering Server::SendHttpOk
D 2018-11-19 11:31:14:725 BrowserFactory.cpp(434) Found window handle 00430FBC for window with class 'Internet Explorer_Server' belonging to process with id 12256
T 2018-11-19 11:31:14:725 BrowserFactory.cpp(329) Entering BrowserFactory::GetDocumentFromWindowHandle
D 2018-11-19 11:31:14:761 BrowserFactory.cpp(396) Ignoring zoom setting: 0
T 2018-11-19 11:31:14:761 BrowserFactory.cpp(574) Entering BrowserFactory::GetBrowserZoomLevel
T 2018-11-19 11:31:14:773 BrowserFactory.cpp(614) Entering BrowserFactory::GetZoomLevel
D 2018-11-19 11:31:14:779 BrowserFactory.cpp(694) Browser zoom level is 100%
I 2018-11-19 11:31:14:782 IECommandExecutor.cpp(654) Persistent hovering set to: 1
T 2018-11-19 11:31:14:782 ProxyManager.cpp(97) ProxyManager::SetProxySettings
D 2018-11-19 11:31:14:782 ProxyManager.cpp(113) Using existing system proxy settings.
T 2018-11-19 11:31:14:782 DocumentHost.cpp(33) Entering DocumentHost::DocumentHost
T 2018-11-19 11:31:14:782 CookieManager.cpp(49) Entering CookieManager::Initialize
T 2018-11-19 11:31:14:782 Browser.cpp(33) Entering Browser::Browser
T 2018-11-19 11:31:14:782 Browser.cpp(293) Entering Browser::AttachEvents
T 2018-11-19 11:31:14:783 IECommandExecutor.cpp(621) Entering IECommandExecutor::AddManagedBrowser
T 2018-11-19 11:31:14:783 IECommandExecutor.cpp(625) Setting current browser id to 7fdb1e48-22a3-4277-b3f1-d6202bab76f1
T 2018-11-19 11:31:14:783 response.cc(72) Entering Response::SetSuccessResponse
T 2018-11-19 11:31:14:783 response.cc(78) Entering Response::SetResponse
T 2018-11-19 11:31:14:783 IECommandExecutor.cpp(577) Entering IECommandExecutor::GetCurrentBrowser
T 2018-11-19 11:31:14:783 IECommandExecutor.cpp(583) Entering IECommandExecutor::GetManagedBrowser
T 2018-11-19 11:31:14:783 response.cc(51) Entering Response::Serialize
T 2018-11-19 11:31:14:793 IESession.cpp(221) Found non-zero response length
T 2018-11-19 11:31:14:793 IECommandExecutor.cpp(156) Entering IECommandExecutor::OnGetResponse
T 2018-11-19 11:31:14:793 IECommandExecutor.cpp(285) Entering IECommandExecutor::OnIsSessionValid
T 2018-11-19 11:31:14:793 response.cc(30) Entering Response::Deserialize
D 2018-11-19 11:31:14:793 server.cc(338) Response: {"value":{"capabilities":{"acceptInsecureCerts":false,"browserName":"internet explorer","browserVersion":"11","pageLoadStrategy":"normal","platformName":"windows","se:ieOptions":{"browserAttachTimeout":0,"elementScrollBehavior":0,"enablePersistentHover":true,"ie.browserCommandLineSwitches":"","ie.ensureCleanSession":false,"ie.fileUploadDialogTimeout":3000,"ie.forceCreateProcessApi":false,"ignoreProtectedModeSettings":false,"ignoreZoomSetting":false,"initialBrowserUrl":"http://localhost:28298/","nativeEvents":true,"requireWindowFocus":false},"setWindowRect":true},"sessionId":"3a0185d7-753f-49c2-a93c-0294910dfae6"}}

T 2018-11-19 11:31:14:793 server.cc(391) Entering Server::SendResponseToClient
T 2018-11-19 11:31:14:793 response.cc(30) Entering Response::Deserialize
T 2018-11-19 11:31:14:793 server.cc(445) Entering Server::SendHttpOk
T 2018-11-19 11:31:14:840 server.cc(174) Entering Server::ProcessRequest
T 2018-11-19 11:31:14:840 server.cc(238) Entering Server::ReadRequestBody
T 2018-11-19 11:31:14:840 server.cc(183) Process request with: URI: /session/3a0185d7-753f-49c2-a93c-0294910dfae6/timeouts HTTP verb: POST
body: {"implicit":0}
T 2018-11-19 11:31:14:840 server.cc(272) Entering Server::DispatchCommand
T 2018-11-19 11:31:14:840 server.cc(583) Entering Server::LookupCommand
D 2018-11-19 11:31:14:840 server.cc(281) Command: POST /session/3a0185d7-753f-49c2-a93c-0294910dfae6/timeouts {"implicit":0}
T 2018-11-19 11:31:14:840 server.cc(378) Entering Server::LookupSession
T 2018-11-19 11:31:14:840 IESession.cpp(191) Entering IESession::ExecuteCommand
T 2018-11-19 11:31:14:840 IECommandExecutor.cpp(122) Entering IECommandExecutor::OnSetCommand
T 2018-11-19 11:31:14:840 command.cc(31) Entering Command::Deserialize
D 2018-11-19 11:31:14:840 command.cc(36) Raw JSON command: { "name" : "setTimeouts", "locator" : { "sessionid" : "3a0185d7-753f-49c2-a93c-0294910dfae6" }, "parameters" : {"implicit":0} }
T 2018-11-19 11:31:14:840 IECommandExecutor.cpp(133) Entering IECommandExecutor::OnExecCommand
T 2018-11-19 11:31:14:840 IECommandExecutor.cpp(454) Entering IECommandExecutor::DispatchCommand
T 2018-11-19 11:31:14:840 IECommandExecutor.cpp(577) Entering IECommandExecutor::GetCurrentBrowser
T 2018-11-19 11:31:14:840 IECommandExecutor.cpp(583) Entering IECommandExecutor::GetManagedBrowser
T 2018-11-19 11:31:14:840 IECommandExecutor.cpp(529) Entering IECommandExecutor::IsAlertActive
T 2018-11-19 11:31:14:840 Browser.cpp(700) Entering Browser::GetActiveDialogWindowHandle
T 2018-11-19 11:31:14:840 Browser.cpp(206) Entering Browser::GetContentWindowHandle
D 2018-11-19 11:31:14:840 IECommandExecutor.cpp(543) No alert handle is found
T 2018-11-19 11:31:14:840 IECommandExecutor.cpp(577) Entering IECommandExecutor::GetCurrentBrowser
T 2018-11-19 11:31:14:840 IECommandExecutor.cpp(583) Entering IECommandExecutor::GetManagedBrowser
T 2018-11-19 11:31:14:840 response.cc(51) Entering Response::Serialize
T 2018-11-19 11:31:14:840 IESession.cpp(212) Beginning wait for response length to be not zero
T 2018-11-19 11:31:14:850 IESession.cpp(221) Found non-zero response length
T 2018-11-19 11:31:14:850 IECommandExecutor.cpp(156) Entering IECommandExecutor::OnGetResponse
T 2018-11-19 11:31:14:850 IECommandExecutor.cpp(285) Entering IECommandExecutor::OnIsSessionValid
D 2018-11-19 11:31:14:850 server.cc(338) Response: {"value":null}

T 2018-11-19 11:31:14:850 server.cc(391) Entering Server::SendResponseToClient
T 2018-11-19 11:31:14:850 response.cc(30) Entering Response::Deserialize
T 2018-11-19 11:31:14:850 server.cc(445) Entering Server::SendHttpOk
T 2018-11-19 11:31:14:858 server.cc(174) Entering Server::ProcessRequest
T 2018-11-19 11:31:14:858 server.cc(238) Entering Server::ReadRequestBody
T 2018-11-19 11:31:14:858 server.cc(183) Process request with: URI: /session/3a0185d7-753f-49c2-a93c-0294910dfae6/execute/sync HTTP verb: POST
body: {"script":"return navigator.sayswho\u003d (function() { var ua\u003d navigator.userAgent, tem, M\u003d ua.match(/(opera|chrome|safari|firefox|msie|trident)\\/?\\s*(\\.?\\d+(\\.\\d+)*)/i) || []; if (/trident/i.test(M[1])) {     tem\u003d  /\\brv[ :]+(\\d+)/g.exec(ua) || [];     return \u0027IE \u0027+(tem[1] || \u0027\u0027); } if(M[1]\u003d\u003d\u003d \u0027Chrome\u0027) {     tem\u003d ua.match(/\\b(OPR|Edge)\\/(\\d+)/);     if(tem!\u003d null) return tem.slice(1).join(\u0027 \u0027).replace(\u0027OPR\u0027, \u0027Opera\u0027); } M\u003d M[2]? [M[1], M[2]]: [navigator.appName, navigator.appVersion, \u0027-?\u0027]; if((tem\u003d ua.match(/version\\/(\\d+)/i))!\u003d null) M.splice(1, 1, tem[1]); return M.join(\u0027 \u0027).replace(\u0027MSIE\u0027, \u0027IE\u0027);})();","args":[]}
T 2018-11-19 11:31:14:858 server.cc(272) Entering Server::DispatchCommand
T 2018-11-19 11:31:14:858 server.cc(583) Entering Server::LookupCommand
D 2018-11-19 11:31:14:858 server.cc(281) Command: POST /session/3a0185d7-753f-49c2-a93c-0294910dfae6/execute/sync {"script":"return navigator.sayswho\u003d (function() { var ua\u003d navigator.userAgent, tem, M\u003d ua.match(/(opera|chrome|safari|firefox|msie|trident)\\/?\\s*(\\.?\\d+(\\.\\d+)*)/i) || []; if (/trident/i.test(M[1])) {     tem\u003d  /\\brv[ :]+(\\d+)/g.exec(ua) || [];     return \u0027IE \u0027+(tem[1] || \u0027\u0027); } if(M[1]\u003d\u003d\u003d \u0027Chrome\u0027) {     tem\u003d ua.match(/\\b(OPR|Edge)\\/(\\d+)/);     if(tem!\u003d null) return tem.slice(1).join(\u0027 \u0027).replace(\u0027OPR\u0027, \u0027Opera\u0027); } M\u003d M[2]? [M[1], M[2]]: [navigator.appName, navigator.appVersion, \u0027-?\u0027]; if((tem\u003d ua.match(/version\\/(\\d+)/i))!\u003d null) M.splice(1, 1, tem[1]); return M.join(\u0027 \u0027).replace(\u0027MSIE\u0027, \u0027IE\u0027);})();","args":[]}
T 2018-11-19 11:31:14:858 server.cc(378) Entering Server::LookupSession
T 2018-11-19 11:31:14:859 IESession.cpp(191) Entering IESession::ExecuteCommand
T 2018-11-19 11:31:14:859 IECommandExecutor.cpp(122) Entering IECommandExecutor::OnSetCommand
T 2018-11-19 11:31:14:859 command.cc(31) Entering Command::Deserialize
D 2018-11-19 11:31:14:859 command.cc(36) Raw JSON command: { "name" : "executeScript", "locator" : { "sessionid" : "3a0185d7-753f-49c2-a93c-0294910dfae6" }, "parameters" : {"script":"return navigator.sayswho\u003d (function() { var ua\u003d navigator.userAgent, tem, M\u003d ua.match(/(opera|chrome|safari|firefox|msie|trident)\\/?\\s*(\\.?\\d+(\\.\\d+)*)/i) || []; if (/trident/i.test(M[1])) {     tem\u003d  /\\brv[ :]+(\\d+)/g.exec(ua) || [];     return \u0027IE \u0027+(tem[1] || \u0027\u0027); } if(M[1]\u003d\u003d\u003d \u0027Chrome\u0027) {     tem\u003d ua.match(/\\b(OPR|Edge)\\/(\\d+)/);     if(tem!\u003d null) return tem.slice(1).join(\u0027 \u0027).replace(\u0027OPR\u0027, \u0027Opera\u0027); } M\u003d M[2]? [M[1], M[2]]: [navigator.appName, navigator.appVersion, \u0027-?\u0027]; if((tem\u003d ua.match(/version\\/(\\d+)/i))!\u003d null) M.splice(1, 1, tem[1]); return M.join(\u0027 \u0027).replace(\u0027MSIE\u0027, \u0027IE\u0027);})();","args":[]} }
T 2018-11-19 11:31:14:859 IECommandExecutor.cpp(133) Entering IECommandExecutor::OnExecCommand
T 2018-11-19 11:31:14:859 IECommandExecutor.cpp(454) Entering IECommandExecutor::DispatchCommand
T 2018-11-19 11:31:14:859 IESession.cpp(212) Beginning wait for response length to be not zero
T 2018-11-19 11:31:14:859 IECommandExecutor.cpp(577) Entering IECommandExecutor::GetCurrentBrowser
T 2018-11-19 11:31:14:859 IECommandExecutor.cpp(583) Entering IECommandExecutor::GetManagedBrowser
T 2018-11-19 11:31:14:859 IECommandExecutor.cpp(529) Entering IECommandExecutor::IsAlertActive
T 2018-11-19 11:31:14:859 Browser.cpp(700) Entering Browser::GetActiveDialogWindowHandle
T 2018-11-19 11:31:14:859 Browser.cpp(206) Entering Browser::GetContentWindowHandle
D 2018-11-19 11:31:14:859 IECommandExecutor.cpp(543) No alert handle is found
T 2018-11-19 11:31:14:859 IECommandExecutor.cpp(577) Entering IECommandExecutor::GetCurrentBrowser
T 2018-11-19 11:31:14:859 IECommandExecutor.cpp(583) Entering IECommandExecutor::GetManagedBrowser
T 2018-11-19 11:31:14:859 Browser.cpp(126) Entering Browser::GetDocument
I 2018-11-19 11:31:14:859 Browser.cpp(130) No child frame focus. Focus is on top-level frame
T 2018-11-19 11:31:14:869 Browser.cpp(613) Entering Browser::GetDocumentFromWindow
T 2018-11-19 11:31:14:871 Script.cpp(49) Entering Script::Initialize
T 2018-11-19 11:31:14:872 CommandHandlers\ExecuteScriptCommandHandler.cpp(85) Entering ExecuteScriptCommandHandler::PopulateArgumentArray
T 2018-11-19 11:31:14:872 Script.cpp(169) Entering Script::Execute
T 2018-11-19 11:31:14:872 Script.cpp(438) Entering Script::CreateAnonymousFunction
T 2018-11-19 11:31:14:900 Script.cpp(426) Entering Script::ConvertResultToJsonValue
T 2018-11-19 11:31:14:900 response.cc(72) Entering Response::SetSuccessResponse
T 2018-11-19 11:31:14:900 response.cc(78) Entering Response::SetResponse
T 2018-11-19 11:31:14:900 IECommandExecutor.cpp(577) Entering IECommandExecutor::GetCurrentBrowser
T 2018-11-19 11:31:14:900 IECommandExecutor.cpp(583) Entering IECommandExecutor::GetManagedBrowser
T 2018-11-19 11:31:14:900 response.cc(51) Entering Response::Serialize
T 2018-11-19 11:31:14:907 IESession.cpp(221) Found non-zero response length
T 2018-11-19 11:31:14:907 IECommandExecutor.cpp(156) Entering IECommandExecutor::OnGetResponse
T 2018-11-19 11:31:14:907 IECommandExecutor.cpp(285) Entering IECommandExecutor::OnIsSessionValid
D 2018-11-19 11:31:14:907 server.cc(338) Response: {"value":"IE 11"}

T 2018-11-19 11:31:14:907 server.cc(391) Entering Server::SendResponseToClient
T 2018-11-19 11:31:14:907 response.cc(30) Entering Response::Deserialize
T 2018-11-19 11:31:14:907 server.cc(445) Entering Server::SendHttpOk
T 2018-11-19 11:31:14:914 server.cc(174) Entering Server::ProcessRequest
T 2018-11-19 11:31:14:914 server.cc(238) Entering Server::ReadRequestBody
T 2018-11-19 11:31:14:914 server.cc(183) Process request with: URI: /session/3a0185d7-753f-49c2-a93c-0294910dfae6/url HTTP verb: POST
body: {"url":"http://192.168.20.156/edo"}
T 2018-11-19 11:31:14:914 server.cc(272) Entering Server::DispatchCommand
T 2018-11-19 11:31:14:914 server.cc(583) Entering Server::LookupCommand
D 2018-11-19 11:31:14:914 server.cc(281) Command: POST /session/3a0185d7-753f-49c2-a93c-0294910dfae6/url {"url":"http://192.168.20.156/edo"}
T 2018-11-19 11:31:14:914 server.cc(378) Entering Server::LookupSession
T 2018-11-19 11:31:14:914 IESession.cpp(191) Entering IESession::ExecuteCommand
T 2018-11-19 11:31:14:914 IECommandExecutor.cpp(122) Entering IECommandExecutor::OnSetCommand
T 2018-11-19 11:31:14:914 command.cc(31) Entering Command::Deserialize
D 2018-11-19 11:31:14:914 command.cc(36) Raw JSON command: { "name" : "get", "locator" : { "sessionid" : "3a0185d7-753f-49c2-a93c-0294910dfae6" }, "parameters" : {"url":"http://192.168.20.156/edo"} }
T 2018-11-19 11:31:14:914 IECommandExecutor.cpp(133) Entering IECommandExecutor::OnExecCommand
T 2018-11-19 11:31:14:914 IECommandExecutor.cpp(454) Entering IECommandExecutor::DispatchCommand
T 2018-11-19 11:31:14:914 IECommandExecutor.cpp(577) Entering IECommandExecutor::GetCurrentBrowser
T 2018-11-19 11:31:14:914 IECommandExecutor.cpp(583) Entering IECommandExecutor::GetManagedBrowser
T 2018-11-19 11:31:14:914 IECommandExecutor.cpp(529) Entering IECommandExecutor::IsAlertActive
T 2018-11-19 11:31:14:914 Browser.cpp(700) Entering Browser::GetActiveDialogWindowHandle
T 2018-11-19 11:31:14:914 Browser.cpp(206) Entering Browser::GetContentWindowHandle
T 2018-11-19 11:31:14:914 IESession.cpp(212) Beginning wait for response length to be not zero
D 2018-11-19 11:31:14:914 IECommandExecutor.cpp(543) No alert handle is found
T 2018-11-19 11:31:14:914 IECommandExecutor.cpp(577) Entering IECommandExecutor::GetCurrentBrowser
T 2018-11-19 11:31:14:914 IECommandExecutor.cpp(583) Entering IECommandExecutor::GetManagedBrowser
T 2018-11-19 11:31:14:914 Browser.cpp(318) Entring Browser::NavigateToUrl
T 2018-11-19 11:31:14:915 DocumentHost.cpp(142) Entering DocumentHost::SetFocusedFrameByElement
T 2018-11-19 11:31:14:915 response.cc(72) Entering Response::SetSuccessResponse
T 2018-11-19 11:31:14:915 response.cc(78) Entering Response::SetResponse
T 2018-11-19 11:31:14:915 IECommandExecutor.cpp(577) Entering IECommandExecutor::GetCurrentBrowser
T 2018-11-19 11:31:14:915 IECommandExecutor.cpp(583) Entering IECommandExecutor::GetManagedBrowser
T 2018-11-19 11:31:14:915 response.cc(51) Entering Response::Serialize
T 2018-11-19 11:31:14:915 IECommandExecutor.cpp(172) Entering IECommandExecutor::OnWait
T 2018-11-19 11:31:14:915 IECommandExecutor.cpp(577) Entering IECommandExecutor::GetCurrentBrowser
T 2018-11-19 11:31:14:915 IECommandExecutor.cpp(583) Entering IECommandExecutor::GetManagedBrowser
T 2018-11-19 11:31:14:915 Browser.cpp(438) Entering Browser::Wait
D 2018-11-19 11:31:14:915 Browser.cpp(448) Navigate Events Completed.
T 2018-11-19 11:31:14:915 Browser.cpp(700) Entering Browser::GetActiveDialogWindowHandle
T 2018-11-19 11:31:14:915 Browser.cpp(206) Entering Browser::GetContentWindowHandle
T 2018-11-19 11:31:14:915 Browser.cpp(50) Entering Browser::BeforeNavigate2
D 2018-11-19 11:31:14:916 Browser.cpp(464) Browser busy property is true.
T 2018-11-19 11:31:14:917 IECommandExecutor.cpp(377) Entering IECommandExecutor::WaitThreadProc
T 2018-11-19 11:31:15:118 IECommandExecutor.cpp(172) Entering IECommandExecutor::OnWait
T 2018-11-19 11:31:15:118 IECommandExecutor.cpp(577) Entering IECommandExecutor::GetCurrentBrowser
T 2018-11-19 11:31:15:118 IECommandExecutor.cpp(583) Entering IECommandExecutor::GetManagedBrowser
T 2018-11-19 11:31:15:118 Browser.cpp(438) Entering Browser::Wait
D 2018-11-19 11:31:15:118 Browser.cpp(448) Navigate Events Completed.
T 2018-11-19 11:31:15:118 Browser.cpp(700) Entering Browser::GetActiveDialogWindowHandle
T 2018-11-19 11:31:15:118 Browser.cpp(206) Entering Browser::GetContentWindowHandle
D 2018-11-19 11:31:15:151 Browser.cpp(464) Browser busy property is true.
T 2018-11-19 11:31:15:214 IECommandExecutor.cpp(377) Entering IECommandExecutor::WaitThreadProc
T 2018-11-19 11:31:15:425 IECommandExecutor.cpp(172) Entering IECommandExecutor::OnWait
T 2018-11-19 11:31:15:425 IECommandExecutor.cpp(577) Entering IECommandExecutor::GetCurrentBrowser
T 2018-11-19 11:31:15:425 IECommandExecutor.cpp(583) Entering IECommandExecutor::GetManagedBrowser
T 2018-11-19 11:31:15:425 Browser.cpp(438) Entering Browser::Wait
D 2018-11-19 11:31:15:425 Browser.cpp(448) Navigate Events Completed.
T 2018-11-19 11:31:15:425 Browser.cpp(700) Entering Browser::GetActiveDialogWindowHandle
T 2018-11-19 11:31:15:425 Browser.cpp(206) Entering Browser::GetContentWindowHandle
D 2018-11-19 11:31:16:373 Browser.cpp(464) Browser busy property is true.
T 2018-11-19 11:31:16:390 IECommandExecutor.cpp(377) Entering IECommandExecutor::WaitThreadProc
T 2018-11-19 11:31:16:424 Browser.cpp(96) Entering Browser::DocumentComplete
D 2018-11-19 11:31:16:425 ElementRepository.cpp(113) Refreshing managed element cache. Found 0 to remove from cache.
T 2018-11-19 11:31:16:590 IECommandExecutor.cpp(172) Entering IECommandExecutor::OnWait
T 2018-11-19 11:31:16:590 IECommandExecutor.cpp(577) Entering IECommandExecutor::GetCurrentBrowser
T 2018-11-19 11:31:16:590 IECommandExecutor.cpp(583) Entering IECommandExecutor::GetManagedBrowser
T 2018-11-19 11:31:16:590 Browser.cpp(438) Entering Browser::Wait
D 2018-11-19 11:31:16:590 Browser.cpp(448) Navigate Events Completed.
T 2018-11-19 11:31:16:590 Browser.cpp(700) Entering Browser::GetActiveDialogWindowHandle
T 2018-11-19 11:31:16:590 Browser.cpp(206) Entering Browser::GetContentWindowHandle
D 2018-11-19 11:31:16:591 Browser.cpp(508) Waiting for document to complete...
T 2018-11-19 11:31:16:591 Browser.cpp(522) Entering Browser::IsDocumentNavigating
D 2018-11-19 11:31:16:603 Browser.cpp(513) Not in navigating state
T 2018-11-19 11:31:16:612 IESession.cpp(221) Found non-zero response length
T 2018-11-19 11:31:16:612 IECommandExecutor.cpp(156) Entering IECommandExecutor::OnGetResponse
T 2018-11-19 11:31:16:612 IECommandExecutor.cpp(285) Entering IECommandExecutor::OnIsSessionValid
D 2018-11-19 11:31:16:612 server.cc(338) Response: {"value":null}

T 2018-11-19 11:31:16:612 server.cc(391) Entering Server::SendResponseToClient
T 2018-11-19 11:31:16:612 response.cc(30) Entering Response::Deserialize
T 2018-11-19 11:31:16:612 server.cc(445) Entering Server::SendHttpOk
T 2018-11-19 11:31:16:632 server.cc(174) Entering Server::ProcessRequest
T 2018-11-19 11:31:16:632 server.cc(183) Process request with: URI: /session/3a0185d7-753f-49c2-a93c-0294910dfae6/cookie HTTP verb: DELETE
body: {}
T 2018-11-19 11:31:16:632 server.cc(272) Entering Server::DispatchCommand
T 2018-11-19 11:31:16:632 server.cc(583) Entering Server::LookupCommand
D 2018-11-19 11:31:16:632 server.cc(281) Command: DELETE /session/3a0185d7-753f-49c2-a93c-0294910dfae6/cookie {}
T 2018-11-19 11:31:16:632 server.cc(378) Entering Server::LookupSession
T 2018-11-19 11:31:16:632 IESession.cpp(191) Entering IESession::ExecuteCommand
T 2018-11-19 11:31:16:636 IECommandExecutor.cpp(122) Entering IECommandExecutor::OnSetCommand
T 2018-11-19 11:31:16:636 command.cc(31) Entering Command::Deserialize
D 2018-11-19 11:31:16:636 command.cc(36) Raw JSON command: { "name" : "deleteAllCookies", "locator" : { "sessionid" : "3a0185d7-753f-49c2-a93c-0294910dfae6" }, "parameters" : {} }
T 2018-11-19 11:31:16:636 IECommandExecutor.cpp(133) Entering IECommandExecutor::OnExecCommand
T 2018-11-19 11:31:16:636 IESession.cpp(212) Beginning wait for response length to be not zero
T 2018-11-19 11:31:16:636 IECommandExecutor.cpp(454) Entering IECommandExecutor::DispatchCommand
T 2018-11-19 11:31:16:636 IECommandExecutor.cpp(577) Entering IECommandExecutor::GetCurrentBrowser
T 2018-11-19 11:31:16:636 IECommandExecutor.cpp(583) Entering IECommandExecutor::GetManagedBrowser
T 2018-11-19 11:31:16:636 IECommandExecutor.cpp(529) Entering IECommandExecutor::IsAlertActive
T 2018-11-19 11:31:16:636 Browser.cpp(700) Entering Browser::GetActiveDialogWindowHandle
T 2018-11-19 11:31:16:636 Browser.cpp(206) Entering Browser::GetContentWindowHandle
D 2018-11-19 11:31:16:636 IECommandExecutor.cpp(543) No alert handle is found
T 2018-11-19 11:31:16:636 IECommandExecutor.cpp(577) Entering IECommandExecutor::GetCurrentBrowser
T 2018-11-19 11:31:16:636 IECommandExecutor.cpp(583) Entering IECommandExecutor::GetManagedBrowser
T 2018-11-19 11:31:16:636 DocumentHost.cpp(73) Entering DocumentHost::GetCurrentUrl
T 2018-11-19 11:31:16:636 Browser.cpp(126) Entering Browser::GetDocument
I 2018-11-19 11:31:16:636 Browser.cpp(130) No child frame focus. Focus is on top-level frame
T 2018-11-19 11:31:16:650 Browser.cpp(613) Entering Browser::GetDocumentFromWindow
T 2018-11-19 11:31:16:653 CookieManager.cpp(86) Entering CookieManager::GetCookies
T 2018-11-19 11:31:16:653 HookProcessor.cpp(104) Entering HookProcessor::Initialize
T 2018-11-19 11:31:16:653 HookProcessor.cpp(204) Entering HookProcessor::CreateReturnPipe
D 2018-11-19 11:31:16:653 HookProcessor.cpp(239) Created named pipe \\.\pipe\IEDriverPipe9728
T 2018-11-19 11:31:16:653 HookProcessor.cpp(167) Entering HookProcessor::InstallWindowsHook
T 2018-11-19 11:31:16:654 CookieManager.cpp(369) Entering CookieManager::SendGetCookieMessage
T 2018-11-19 11:31:16:654 HookProcessor.cpp(261) Entering HookProcessor::PushData
T 2018-11-19 11:31:16:664 HookProcessor.cpp(287) Entering HookProcessor::PullData
D 2018-11-19 11:31:16:664 HookProcessor.cpp(293) Waiting for connection from browser via named pipe
T 2018-11-19 11:31:16:664 CookieManager.cpp(398) Entering CookieManager::ThreadProc
D 2018-11-19 11:31:16:664 HookProcessor.cpp(302) Connection from browser established via named pipe
T 2018-11-19 11:31:16:664 CookieManager.cpp(349) Entering CookieManager::ParseCookieString
T 2018-11-19 11:31:16:664 CookieManager.cpp(369) Entering CookieManager::SendGetCookieMessage
T 2018-11-19 11:31:16:664 HookProcessor.cpp(261) Entering HookProcessor::PushData
T 2018-11-19 11:31:16:665 HookProcessor.cpp(287) Entering HookProcessor::PullData
D 2018-11-19 11:31:16:665 HookProcessor.cpp(293) Waiting for connection from browser via named pipe
T 2018-11-19 11:31:16:665 CookieManager.cpp(398) Entering CookieManager::ThreadProc
D 2018-11-19 11:31:16:666 HookProcessor.cpp(302) Connection from browser established via named pipe
T 2018-11-19 11:31:16:666 CookieManager.cpp(349) Entering CookieManager::ParseCookieString
T 2018-11-19 11:31:16:666 CookieManager.cpp(369) Entering CookieManager::SendGetCookieMessage
T 2018-11-19 11:31:16:666 HookProcessor.cpp(261) Entering HookProcessor::PushData
T 2018-11-19 11:31:16:667 HookProcessor.cpp(287) Entering HookProcessor::PullData
D 2018-11-19 11:31:16:667 HookProcessor.cpp(293) Waiting for connection from browser via named pipe
T 2018-11-19 11:31:16:667 CookieManager.cpp(398) Entering CookieManager::ThreadProc
D 2018-11-19 11:31:16:667 HookProcessor.cpp(302) Connection from browser established via named pipe
T 2018-11-19 11:31:16:668 CookieManager.cpp(349) Entering CookieManager::ParseCookieString
T 2018-11-19 11:31:16:668 CookieManager.cpp(369) Entering CookieManager::SendGetCookieMessage
T 2018-11-19 11:31:16:668 HookProcessor.cpp(261) Entering HookProcessor::PushData
T 2018-11-19 11:31:16:669 HookProcessor.cpp(287) Entering HookProcessor::PullData
D 2018-11-19 11:31:16:669 HookProcessor.cpp(293) Waiting for connection from browser via named pipe
T 2018-11-19 11:31:16:669 CookieManager.cpp(398) Entering CookieManager::ThreadProc
D 2018-11-19 11:31:16:670 HookProcessor.cpp(302) Connection from browser established via named pipe
T 2018-11-19 11:31:16:670 HookProcessor.cpp(244) Entering HookProcessor::Dispose
T 2018-11-19 11:31:16:670 HookProcessor.cpp(197) Entering HookProcessor::UninstallWindowsHook
T 2018-11-19 11:31:16:670 response.cc(72) Entering Response::SetSuccessResponse
T 2018-11-19 11:31:16:670 response.cc(78) Entering Response::SetResponse
T 2018-11-19 11:31:16:670 IECommandExecutor.cpp(577) Entering IECommandExecutor::GetCurrentBrowser
T 2018-11-19 11:31:16:670 IECommandExecutor.cpp(583) Entering IECommandExecutor::GetManagedBrowser
T 2018-11-19 11:31:16:670 response.cc(51) Entering Response::Serialize
T 2018-11-19 11:31:16:670 IESession.cpp(221) Found non-zero response length
T 2018-11-19 11:31:16:671 IECommandExecutor.cpp(156) Entering IECommandExecutor::OnGetResponse
T 2018-11-19 11:31:16:671 IECommandExecutor.cpp(285) Entering IECommandExecutor::OnIsSessionValid
D 2018-11-19 11:31:16:671 server.cc(338) Response: {"value":null}

T 2018-11-19 11:31:16:671 server.cc(391) Entering Server::SendResponseToClient
T 2018-11-19 11:31:16:671 response.cc(30) Entering Response::Deserialize
T 2018-11-19 11:31:16:671 server.cc(445) Entering Server::SendHttpOk
T 2018-11-19 11:31:16:686 server.cc(174) Entering Server::ProcessRequest
T 2018-11-19 11:31:16:686 server.cc(238) Entering Server::ReadRequestBody
T 2018-11-19 11:31:16:686 server.cc(183) Process request with: URI: /session/3a0185d7-753f-49c2-a93c-0294910dfae6/refresh HTTP verb: POST
body: {}
T 2018-11-19 11:31:16:686 server.cc(272) Entering Server::DispatchCommand
T 2018-11-19 11:31:16:686 server.cc(583) Entering Server::LookupCommand
D 2018-11-19 11:31:16:686 server.cc(281) Command: POST /session/3a0185d7-753f-49c2-a93c-0294910dfae6/refresh {}
T 2018-11-19 11:31:16:686 server.cc(378) Entering Server::LookupSession
T 2018-11-19 11:31:16:686 IESession.cpp(191) Entering IESession::ExecuteCommand
T 2018-11-19 11:31:16:686 IECommandExecutor.cpp(122) Entering IECommandExecutor::OnSetCommand
T 2018-11-19 11:31:16:686 command.cc(31) Entering Command::Deserialize
D 2018-11-19 11:31:16:686 command.cc(36) Raw JSON command: { "name" : "refresh", "locator" : { "sessionid" : "3a0185d7-753f-49c2-a93c-0294910dfae6" }, "parameters" : {} }
T 2018-11-19 11:31:16:687 IECommandExecutor.cpp(133) Entering IECommandExecutor::OnExecCommand
T 2018-11-19 11:31:16:687 IECommandExecutor.cpp(454) Entering IECommandExecutor::DispatchCommand
T 2018-11-19 11:31:16:687 IECommandExecutor.cpp(577) Entering IECommandExecutor::GetCurrentBrowser
T 2018-11-19 11:31:16:687 IECommandExecutor.cpp(583) Entering IECommandExecutor::GetManagedBrowser
T 2018-11-19 11:31:16:687 IECommandExecutor.cpp(529) Entering IECommandExecutor::IsAlertActive
T 2018-11-19 11:31:16:687 Browser.cpp(700) Entering Browser::GetActiveDialogWindowHandle
T 2018-11-19 11:31:16:687 Browser.cpp(206) Entering Browser::GetContentWindowHandle
D 2018-11-19 11:31:16:687 IECommandExecutor.cpp(543) No alert handle is found
T 2018-11-19 11:31:16:687 IECommandExecutor.cpp(577) Entering IECommandExecutor::GetCurrentBrowser
T 2018-11-19 11:31:16:687 IECommandExecutor.cpp(583) Entering IECommandExecutor::GetManagedBrowser
T 2018-11-19 11:31:16:687 Browser.cpp(404) Entering Browser::Refresh
T 2018-11-19 11:31:16:687 IESession.cpp(212) Beginning wait for response length to be not zero
T 2018-11-19 11:31:16:697 response.cc(72) Entering Response::SetSuccessResponse
T 2018-11-19 11:31:16:697 response.cc(78) Entering Response::SetResponse
T 2018-11-19 11:31:16:697 IECommandExecutor.cpp(577) Entering IECommandExecutor::GetCurrentBrowser
T 2018-11-19 11:31:16:697 IECommandExecutor.cpp(583) Entering IECommandExecutor::GetManagedBrowser
T 2018-11-19 11:31:16:697 response.cc(51) Entering Response::Serialize
T 2018-11-19 11:31:16:697 IECommandExecutor.cpp(172) Entering IECommandExecutor::OnWait
T 2018-11-19 11:31:16:697 IECommandExecutor.cpp(577) Entering IECommandExecutor::GetCurrentBrowser
T 2018-11-19 11:31:16:697 IECommandExecutor.cpp(583) Entering IECommandExecutor::GetManagedBrowser
T 2018-11-19 11:31:16:697 Browser.cpp(438) Entering Browser::Wait
D 2018-11-19 11:31:16:697 Browser.cpp(448) Navigate Events Completed.
T 2018-11-19 11:31:16:697 Browser.cpp(700) Entering Browser::GetActiveDialogWindowHandle
T 2018-11-19 11:31:16:697 Browser.cpp(206) Entering Browser::GetContentWindowHandle
D 2018-11-19 11:31:16:809 Browser.cpp(508) Waiting for document to complete...
T 2018-11-19 11:31:16:809 Browser.cpp(522) Entering Browser::IsDocumentNavigating
D 2018-11-19 11:31:16:810 Browser.cpp(546) document.readyState is not 'complete'; it was uninitialized
T 2018-11-19 11:31:16:813 IECommandExecutor.cpp(377) Entering IECommandExecutor::WaitThreadProc
T 2018-11-19 11:31:17:063 IECommandExecutor.cpp(172) Entering IECommandExecutor::OnWait
T 2018-11-19 11:31:17:063 IECommandExecutor.cpp(577) Entering IECommandExecutor::GetCurrentBrowser
T 2018-11-19 11:31:17:063 IECommandExecutor.cpp(583) Entering IECommandExecutor::GetManagedBrowser
T 2018-11-19 11:31:17:063 Browser.cpp(438) Entering Browser::Wait
D 2018-11-19 11:31:17:063 Browser.cpp(448) Navigate Events Completed.
T 2018-11-19 11:31:17:063 Browser.cpp(700) Entering Browser::GetActiveDialogWindowHandle
T 2018-11-19 11:31:17:063 Browser.cpp(206) Entering Browser::GetContentWindowHandle
D 2018-11-19 11:31:17:087 Browser.cpp(464) Browser busy property is true.
T 2018-11-19 11:31:17:089 IECommandExecutor.cpp(377) Entering IECommandExecutor::WaitThreadProc
T 2018-11-19 11:31:17:289 IECommandExecutor.cpp(172) Entering IECommandExecutor::OnWait
T 2018-11-19 11:31:17:289 IECommandExecutor.cpp(577) Entering IECommandExecutor::GetCurrentBrowser
T 2018-11-19 11:31:17:289 IECommandExecutor.cpp(583) Entering IECommandExecutor::GetManagedBrowser
T 2018-11-19 11:31:17:289 Browser.cpp(438) Entering Browser::Wait
D 2018-11-19 11:31:17:289 Browser.cpp(448) Navigate Events Completed.
T 2018-11-19 11:31:17:289 Browser.cpp(700) Entering Browser::GetActiveDialogWindowHandle
T 2018-11-19 11:31:17:289 Browser.cpp(206) Entering Browser::GetContentWindowHandle
D 2018-11-19 11:31:17:309 Browser.cpp(464) Browser busy property is true.
T 2018-11-19 11:31:17:310 IECommandExecutor.cpp(377) Entering IECommandExecutor::WaitThreadProc
T 2018-11-19 11:31:17:517 IECommandExecutor.cpp(172) Entering IECommandExecutor::OnWait
T 2018-11-19 11:31:17:517 IECommandExecutor.cpp(577) Entering IECommandExecutor::GetCurrentBrowser
T 2018-11-19 11:31:17:517 IECommandExecutor.cpp(583) Entering IECommandExecutor::GetManagedBrowser
T 2018-11-19 11:31:17:517 Browser.cpp(438) Entering Browser::Wait
D 2018-11-19 11:31:17:517 Browser.cpp(448) Navigate Events Completed.
T 2018-11-19 11:31:17:517 Browser.cpp(700) Entering Browser::GetActiveDialogWindowHandle
T 2018-11-19 11:31:17:517 Browser.cpp(206) Entering Browser::GetContentWindowHandle
D 2018-11-19 11:31:17:917 Browser.cpp(464) Browser busy property is true.
T 2018-11-19 11:31:17:918 IECommandExecutor.cpp(377) Entering IECommandExecutor::WaitThreadProc
T 2018-11-19 11:31:18:118 IECommandExecutor.cpp(172) Entering IECommandExecutor::OnWait
T 2018-11-19 11:31:18:118 IECommandExecutor.cpp(577) Entering IECommandExecutor::GetCurrentBrowser
T 2018-11-19 11:31:18:118 IECommandExecutor.cpp(583) Entering IECommandExecutor::GetManagedBrowser
T 2018-11-19 11:31:18:118 Browser.cpp(438) Entering Browser::Wait
D 2018-11-19 11:31:18:118 Browser.cpp(448) Navigate Events Completed.
T 2018-11-19 11:31:18:118 Browser.cpp(700) Entering Browser::GetActiveDialogWindowHandle
T 2018-11-19 11:31:18:118 Browser.cpp(206) Entering Browser::GetContentWindowHandle
D 2018-11-19 11:31:18:119 Browser.cpp(508) Waiting for document to complete...
T 2018-11-19 11:31:18:119 Browser.cpp(522) Entering Browser::IsDocumentNavigating
D 2018-11-19 11:31:18:131 Browser.cpp(513) Not in navigating state
T 2018-11-19 11:31:18:139 IESession.cpp(221) Found non-zero response length
T 2018-11-19 11:31:18:139 IECommandExecutor.cpp(156) Entering IECommandExecutor::OnGetResponse
T 2018-11-19 11:31:18:139 IECommandExecutor.cpp(285) Entering IECommandExecutor::OnIsSessionValid
D 2018-11-19 11:31:18:139 server.cc(338) Response: {"value":null}

T 2018-11-19 11:31:18:139 server.cc(391) Entering Server::SendResponseToClient
T 2018-11-19 11:31:18:139 response.cc(30) Entering Response::Deserialize
T 2018-11-19 11:31:18:139 server.cc(445) Entering Server::SendHttpOk
T 2018-11-19 11:31:18:153 server.cc(174) Entering Server::ProcessRequest
T 2018-11-19 11:31:18:153 server.cc(238) Entering Server::ReadRequestBody
T 2018-11-19 11:31:18:153 server.cc(183) Process request with: URI: /session/3a0185d7-753f-49c2-a93c-0294910dfae6/window/maximize HTTP verb: POST
body: {}
T 2018-11-19 11:31:18:153 server.cc(272) Entering Server::DispatchCommand
T 2018-11-19 11:31:18:153 server.cc(583) Entering Server::LookupCommand
D 2018-11-19 11:31:18:153 server.cc(281) Command: POST /session/3a0185d7-753f-49c2-a93c-0294910dfae6/window/maximize {}
T 2018-11-19 11:31:18:153 server.cc(378) Entering Server::LookupSession
T 2018-11-19 11:31:18:153 IESession.cpp(191) Entering IESession::ExecuteCommand
T 2018-11-19 11:31:18:153 IECommandExecutor.cpp(122) Entering IECommandExecutor::OnSetCommand
T 2018-11-19 11:31:18:153 command.cc(31) Entering Command::Deserialize
D 2018-11-19 11:31:18:153 command.cc(36) Raw JSON command: { "name" : "maximizeWindow", "locator" : { "sessionid" : "3a0185d7-753f-49c2-a93c-0294910dfae6" }, "parameters" : {} }
T 2018-11-19 11:31:18:153 IECommandExecutor.cpp(133) Entering IECommandExecutor::OnExecCommand
T 2018-11-19 11:31:18:153 IECommandExecutor.cpp(454) Entering IECommandExecutor::DispatchCommand
T 2018-11-19 11:31:18:153 IECommandExecutor.cpp(577) Entering IECommandExecutor::GetCurrentBrowser
T 2018-11-19 11:31:18:153 IECommandExecutor.cpp(583) Entering IECommandExecutor::GetManagedBrowser
T 2018-11-19 11:31:18:153 IECommandExecutor.cpp(529) Entering IECommandExecutor::IsAlertActive
T 2018-11-19 11:31:18:153 Browser.cpp(700) Entering Browser::GetActiveDialogWindowHandle
T 2018-11-19 11:31:18:153 Browser.cpp(206) Entering Browser::GetContentWindowHandle
D 2018-11-19 11:31:18:153 IECommandExecutor.cpp(543) No alert handle is found
T 2018-11-19 11:31:18:153 IECommandExecutor.cpp(577) Entering IECommandExecutor::GetCurrentBrowser
T 2018-11-19 11:31:18:153 IECommandExecutor.cpp(583) Entering IECommandExecutor::GetManagedBrowser
T 2018-11-19 11:31:18:153 Browser.cpp(416) Entering Browser::GetTopLevelWindowHandle
T 2018-11-19 11:31:18:153 IESession.cpp(212) Beginning wait for response length to be not zero
T 2018-11-19 11:31:18:156 response.cc(72) Entering Response::SetSuccessResponse
T 2018-11-19 11:31:18:156 response.cc(78) Entering Response::SetResponse
T 2018-11-19 11:31:18:156 IECommandExecutor.cpp(577) Entering IECommandExecutor::GetCurrentBrowser
T 2018-11-19 11:31:18:156 IECommandExecutor.cpp(583) Entering IECommandExecutor::GetManagedBrowser
T 2018-11-19 11:31:18:156 response.cc(51) Entering Response::Serialize
T 2018-11-19 11:31:18:163 IESession.cpp(221) Found non-zero response length
T 2018-11-19 11:31:18:163 IECommandExecutor.cpp(156) Entering IECommandExecutor::OnGetResponse
T 2018-11-19 11:31:18:163 IECommandExecutor.cpp(285) Entering IECommandExecutor::OnIsSessionValid
D 2018-11-19 11:31:18:163 server.cc(338) Response: {"value":{"height":1056,"width":1936,"x":-8,"y":-8}}

T 2018-11-19 11:31:18:163 server.cc(391) Entering Server::SendResponseToClient
T 2018-11-19 11:31:18:163 response.cc(30) Entering Response::Deserialize
T 2018-11-19 11:31:18:163 server.cc(445) Entering Server::SendHttpOk
T 2018-11-19 11:31:18:201 server.cc(174) Entering Server::ProcessRequest
T 2018-11-19 11:31:18:201 server.cc(238) Entering Server::ReadRequestBody
T 2018-11-19 11:31:18:201 server.cc(183) Process request with: URI: /session/3a0185d7-753f-49c2-a93c-0294910dfae6/elements HTTP verb: POST
body: {"value":"//input[@name\u003d\u0027login\u0027]","using":"xpath"}
T 2018-11-19 11:31:18:201 server.cc(272) Entering Server::DispatchCommand
T 2018-11-19 11:31:18:201 server.cc(583) Entering Server::LookupCommand
D 2018-11-19 11:31:18:201 server.cc(281) Command: POST /session/3a0185d7-753f-49c2-a93c-0294910dfae6/elements {"value":"//input[@name\u003d\u0027login\u0027]","using":"xpath"}
T 2018-11-19 11:31:18:201 server.cc(378) Entering Server::LookupSession
T 2018-11-19 11:31:18:201 IESession.cpp(191) Entering IESession::ExecuteCommand
T 2018-11-19 11:31:18:201 IECommandExecutor.cpp(122) Entering IECommandExecutor::OnSetCommand
T 2018-11-19 11:31:18:201 command.cc(31) Entering Command::Deserialize
D 2018-11-19 11:31:18:201 command.cc(36) Raw JSON command: { "name" : "findElements", "locator" : { "sessionid" : "3a0185d7-753f-49c2-a93c-0294910dfae6" }, "parameters" : {"value":"//input[@name\u003d\u0027login\u0027]","using":"xpath"} }
T 2018-11-19 11:31:18:201 IECommandExecutor.cpp(133) Entering IECommandExecutor::OnExecCommand
T 2018-11-19 11:31:18:201 IESession.cpp(212) Beginning wait for response length to be not zero
T 2018-11-19 11:31:18:201 IECommandExecutor.cpp(454) Entering IECommandExecutor::DispatchCommand
T 2018-11-19 11:31:18:201 IECommandExecutor.cpp(577) Entering IECommandExecutor::GetCurrentBrowser
T 2018-11-19 11:31:18:201 IECommandExecutor.cpp(583) Entering IECommandExecutor::GetManagedBrowser
T 2018-11-19 11:31:18:201 IECommandExecutor.cpp(529) Entering IECommandExecutor::IsAlertActive
T 2018-11-19 11:31:18:201 Browser.cpp(700) Entering Browser::GetActiveDialogWindowHandle
T 2018-11-19 11:31:18:201 Browser.cpp(206) Entering Browser::GetContentWindowHandle
D 2018-11-19 11:31:18:201 IECommandExecutor.cpp(543) No alert handle is found
T 2018-11-19 11:31:18:201 IECommandExecutor.cpp(734) Entering IECommandExecutor::LocateElements
T 2018-11-19 11:31:18:201 IECommandExecutor.cpp(695) Entering IECommandExecutor::GetElementFindMethod
T 2018-11-19 11:31:18:201 ElementFinder.cpp(111) Entering ElementFinder::FindElements
T 2018-11-19 11:31:18:201 IECommandExecutor.cpp(577) Entering IECommandExecutor::GetCurrentBrowser
T 2018-11-19 11:31:18:201 IECommandExecutor.cpp(583) Entering IECommandExecutor::GetManagedBrowser
D 2018-11-19 11:31:18:201 ElementFinder.cpp(128) Using FindElements atom to locate element having xpath = //input[@name='login']
T 2018-11-19 11:31:18:201 Browser.cpp(126) Entering Browser::GetDocument
I 2018-11-19 11:31:18:201 Browser.cpp(130) No child frame focus. Focus is on top-level frame
T 2018-11-19 11:31:18:214 Browser.cpp(613) Entering Browser::GetDocumentFromWindow
T 2018-11-19 11:31:18:216 Script.cpp(49) Entering Script::Initialize
T 2018-11-19 11:31:18:216 Script.cpp(70) Entering Script::AddArgument(std::wstring)
T 2018-11-19 11:31:18:216 Script.cpp(105) Entering Script::AddArgument(VARIANT)
T 2018-11-19 11:31:18:216 Script.cpp(70) Entering Script::AddArgument(std::wstring)
T 2018-11-19 11:31:18:216 Script.cpp(105) Entering Script::AddArgument(VARIANT)
T 2018-11-19 11:31:18:216 Script.cpp(169) Entering Script::Execute
T 2018-11-19 11:31:18:216 Script.cpp(438) Entering Script::CreateAnonymousFunction
T 2018-11-19 11:31:18:277 Script.cpp(426) Entering Script::ConvertResultToJsonValue
D 2018-11-19 11:31:18:278 VariantUtilities.cpp(100) Result type is JScriptTypeInfo
T 2018-11-19 11:31:18:279 VariantUtilities.cpp(307) Entering Script::GetPropertyNameList
D 2018-11-19 11:31:18:282 VariantUtilities.cpp(100) Result type is JScriptTypeInfo
T 2018-11-19 11:31:18:283 VariantUtilities.cpp(324) Entering Script::GetArrayLength
T 2018-11-19 11:31:18:283 VariantUtilities.cpp(342) Entering Script::GetArrayItem
I 2018-11-19 11:31:18:283 VariantUtilities.cpp(233) Unknown type of dispatch is found in result, assuming IHTMLElement
T 2018-11-19 11:31:18:285 IECommandExecutor.cpp(677) Entering IECommandExecutor::AddManagedElement
T 2018-11-19 11:31:18:285 IECommandExecutor.cpp(577) Entering IECommandExecutor::GetCurrentBrowser
T 2018-11-19 11:31:18:285 IECommandExecutor.cpp(583) Entering IECommandExecutor::GetManagedBrowser
T 2018-11-19 11:31:18:285 ElementRepository.cpp(49) Entering ElementRepository::AddManagedElement
D 2018-11-19 11:31:18:285 ElementRepository.cpp(69) Element is not yet managed
T 2018-11-19 11:31:18:285 Browser.cpp(206) Entering Browser::GetContentWindowHandle
T 2018-11-19 11:31:18:285 Element.cpp(45) Entering Element::Element
T 2018-11-19 11:31:18:285 Element.cpp(79) Entering Element::ConvertToJson
T 2018-11-19 11:31:18:285 response.cc(72) Entering Response::SetSuccessResponse
T 2018-11-19 11:31:18:285 response.cc(78) Entering Response::SetResponse
T 2018-11-19 11:31:18:285 IECommandExecutor.cpp(577) Entering IECommandExecutor::GetCurrentBrowser
T 2018-11-19 11:31:18:285 IECommandExecutor.cpp(583) Entering IECommandExecutor::GetManagedBrowser
T 2018-11-19 11:31:18:285 response.cc(51) Entering Response::Serialize
T 2018-11-19 11:31:18:290 IESession.cpp(221) Found non-zero response length
T 2018-11-19 11:31:18:290 IECommandExecutor.cpp(156) Entering IECommandExecutor::OnGetResponse
T 2018-11-19 11:31:18:290 IECommandExecutor.cpp(285) Entering IECommandExecutor::OnIsSessionValid
D 2018-11-19 11:31:18:290 server.cc(338) Response: {"value":[{"element-6066-11e4-a52e-4f735466cecf":"45092e68-eafe-4f2c-ba21-58b6bdad3234"}]}

T 2018-11-19 11:31:18:290 server.cc(391) Entering Server::SendResponseToClient
T 2018-11-19 11:31:18:290 response.cc(30) Entering Response::Deserialize
T 2018-11-19 11:31:18:290 server.cc(445) Entering Server::SendHttpOk
T 2018-11-19 11:31:18:297 server.cc(174) Entering Server::ProcessRequest
T 2018-11-19 11:31:18:297 server.cc(238) Entering Server::ReadRequestBody
T 2018-11-19 11:31:18:297 server.cc(183) Process request with: URI: /session/3a0185d7-753f-49c2-a93c-0294910dfae6/element/45092e68-eafe-4f2c-ba21-58b6bdad3234/clear HTTP verb: POST
body: {"id":"45092e68-eafe-4f2c-ba21-58b6bdad3234"}
T 2018-11-19 11:31:18:297 server.cc(272) Entering Server::DispatchCommand
T 2018-11-19 11:31:18:297 server.cc(583) Entering Server::LookupCommand
D 2018-11-19 11:31:18:297 server.cc(281) Command: POST /session/3a0185d7-753f-49c2-a93c-0294910dfae6/element/45092e68-eafe-4f2c-ba21-58b6bdad3234/clear {"id":"45092e68-eafe-4f2c-ba21-58b6bdad3234"}
T 2018-11-19 11:31:18:297 server.cc(378) Entering Server::LookupSession
T 2018-11-19 11:31:18:297 IESession.cpp(191) Entering IESession::ExecuteCommand
T 2018-11-19 11:31:18:297 IECommandExecutor.cpp(122) Entering IECommandExecutor::OnSetCommand
T 2018-11-19 11:31:18:297 command.cc(31) Entering Command::Deserialize
D 2018-11-19 11:31:18:297 command.cc(36) Raw JSON command: { "name" : "clear", "locator" : { "sessionid" : "3a0185d7-753f-49c2-a93c-0294910dfae6", "id" : "45092e68-eafe-4f2c-ba21-58b6bdad3234" }, "parameters" : {"id":"45092e68-eafe-4f2c-ba21-58b6bdad3234"} }
T 2018-11-19 11:31:18:298 IECommandExecutor.cpp(133) Entering IECommandExecutor::OnExecCommand
T 2018-11-19 11:31:18:298 IECommandExecutor.cpp(454) Entering IECommandExecutor::DispatchCommand
T 2018-11-19 11:31:18:298 IECommandExecutor.cpp(577) Entering IECommandExecutor::GetCurrentBrowser
T 2018-11-19 11:31:18:298 IECommandExecutor.cpp(583) Entering IECommandExecutor::GetManagedBrowser
T 2018-11-19 11:31:18:298 IECommandExecutor.cpp(529) Entering IECommandExecutor::IsAlertActive
T 2018-11-19 11:31:18:298 Browser.cpp(700) Entering Browser::GetActiveDialogWindowHandle
T 2018-11-19 11:31:18:298 Browser.cpp(206) Entering Browser::GetContentWindowHandle
D 2018-11-19 11:31:18:298 IECommandExecutor.cpp(543) No alert handle is found
T 2018-11-19 11:31:18:298 IECommandExecutor.cpp(577) Entering IECommandExecutor::GetCurrentBrowser
T 2018-11-19 11:31:18:298 IECommandExecutor.cpp(583) Entering IECommandExecutor::GetManagedBrowser
T 2018-11-19 11:31:18:298 IECommandHandler.cpp(45) Entering IECommandHandler::GetElement
T 2018-11-19 11:31:18:298 IECommandExecutor.cpp(671) Entering IECommandExecutor::GetManagedElement
T 2018-11-19 11:31:18:298 ElementRepository.cpp(34) Entering ElementRepository::GetManagedElement
T 2018-11-19 11:31:18:299 IESession.cpp(212) Beginning wait for response length to be not zero
T 2018-11-19 11:31:18:306 IECommandExecutor.cpp(577) Entering IECommandExecutor::GetCurrentBrowser
T 2018-11-19 11:31:18:306 IECommandExecutor.cpp(583) Entering IECommandExecutor::GetManagedBrowser
T 2018-11-19 11:31:18:306 Browser.cpp(126) Entering Browser::GetDocument
I 2018-11-19 11:31:18:306 Browser.cpp(130) No child frame focus. Focus is on top-level frame
T 2018-11-19 11:31:18:324 Browser.cpp(613) Entering Browser::GetDocumentFromWindow
T 2018-11-19 11:31:18:327 Element.cpp(161) Entering Element::IsInteractable
T 2018-11-19 11:31:18:327 Element.cpp(956) Entering Element::GetContainingDocument
T 2018-11-19 11:31:18:328 Script.cpp(49) Entering Script::Initialize
T 2018-11-19 11:31:18:328 Script.cpp(99) Entering Script::AddArgument(IHTMLElement*)
T 2018-11-19 11:31:18:328 Script.cpp(105) Entering Script::AddArgument(VARIANT)
T 2018-11-19 11:31:18:328 Script.cpp(169) Entering Script::Execute
T 2018-11-19 11:31:18:328 Script.cpp(438) Entering Script::CreateAnonymousFunction
T 2018-11-19 11:31:18:400 Element.cpp(188) Entering Element::IsEditable
T 2018-11-19 11:31:18:400 Element.cpp(956) Entering Element::GetContainingDocument
T 2018-11-19 11:31:18:401 Script.cpp(49) Entering Script::Initialize
T 2018-11-19 11:31:18:401 Script.cpp(99) Entering Script::AddArgument(IHTMLElement*)
T 2018-11-19 11:31:18:401 Script.cpp(105) Entering Script::AddArgument(VARIANT)
T 2018-11-19 11:31:18:401 Script.cpp(169) Entering Script::Execute
T 2018-11-19 11:31:18:401 Script.cpp(438) Entering Script::CreateAnonymousFunction
T 2018-11-19 11:31:18:428 Browser.cpp(126) Entering Browser::GetDocument
I 2018-11-19 11:31:18:428 Browser.cpp(130) No child frame focus. Focus is on top-level frame
T 2018-11-19 11:31:18:442 Browser.cpp(613) Entering Browser::GetDocumentFromWindow
T 2018-11-19 11:31:18:446 Script.cpp(49) Entering Script::Initialize
T 2018-11-19 11:31:18:447 Script.cpp(94) Entering Script::AddArgument(ElementHandle)
T 2018-11-19 11:31:18:447 Script.cpp(99) Entering Script::AddArgument(IHTMLElement*)
T 2018-11-19 11:31:18:447 Script.cpp(105) Entering Script::AddArgument(VARIANT)
T 2018-11-19 11:31:18:447 Script.cpp(264) Entering Script::ExecuteAsync
D 2018-11-19 11:31:18:447 Script.cpp(297) Creating synchronization event for new thread
D 2018-11-19 11:31:18:447 Script.cpp(317) Starting new thread
D 2018-11-19 11:31:18:448 Script.cpp(326) Waiting for new thread to be ready for messages
T 2018-11-19 11:31:18:448 AsyncScriptExecutor.cpp(170) Entering AsyncScriptExecutor::ThreadProc
T 2018-11-19 11:31:18:448 AsyncScriptExecutor.cpp(40) Entering AsyncScriptExecutor::OnCreate
D 2018-11-19 11:31:18:448 Script.cpp(346) Marshaling document to stream to send to new thread
T 2018-11-19 11:31:18:448 AsyncScriptExecutor.cpp(82) Entering AsyncScriptExecutor::OnSetDocument
T 2018-11-19 11:31:18:449 AsyncScriptExecutor.cpp(95) Entering AsyncScriptExecutor::OnSetArgument
T 2018-11-19 11:31:18:449 Script.cpp(396) Waiting for async script execution to be complete
T 2018-11-19 11:31:18:449 AsyncScriptExecutor.cpp(125) Entering AsyncScriptExecutor::OnExecuteScript
T 2018-11-19 11:31:18:449 Script.cpp(49) Entering Script::Initialize
T 2018-11-19 11:31:18:449 Script.cpp(105) Entering Script::AddArgument(VARIANT)
T 2018-11-19 11:31:18:449 Script.cpp(169) Entering Script::Execute
T 2018-11-19 11:31:18:449 Script.cpp(438) Entering Script::CreateAnonymousFunction
T 2018-11-19 11:31:18:537 Script.cpp(414) Async script execution completed, getting result
T 2018-11-19 11:31:18:537 AsyncScriptExecutor.cpp(160) Entering AsyncScriptExecutor::OnGetResult
T 2018-11-19 11:31:18:537 AsyncScriptExecutor.cpp(63) Entering AsyncScriptExecutor::OnClose
T 2018-11-19 11:31:18:537 response.cc(72) Entering Response::SetSuccessResponse
T 2018-11-19 11:31:18:537 response.cc(78) Entering Response::SetResponse
T 2018-11-19 11:31:18:537 IECommandExecutor.cpp(577) Entering IECommandExecutor::GetCurrentBrowser
T 2018-11-19 11:31:18:537 IECommandExecutor.cpp(583) Entering IECommandExecutor::GetManagedBrowser
T 2018-11-19 11:31:18:537 response.cc(51) Entering Response::Serialize
T 2018-11-19 11:31:18:537 AsyncScriptExecutor.cpp(72) Entering AsyncAtomExecutor::OnDestroy
T 2018-11-19 11:31:18:547 IESession.cpp(221) Found non-zero response length
T 2018-11-19 11:31:18:547 IECommandExecutor.cpp(156) Entering IECommandExecutor::OnGetResponse
T 2018-11-19 11:31:18:547 IECommandExecutor.cpp(285) Entering IECommandExecutor::OnIsSessionValid
D 2018-11-19 11:31:18:547 server.cc(338) Response: {"value":null}

T 2018-11-19 11:31:18:547 server.cc(391) Entering Server::SendResponseToClient
T 2018-11-19 11:31:18:547 response.cc(30) Entering Response::Deserialize
T 2018-11-19 11:31:18:547 server.cc(445) Entering Server::SendHttpOk
T 2018-11-19 11:34:59:527 Browser.cpp(54) Entering Browser::OnQuit
T 2018-11-19 11:34:59:527 DocumentHost.cpp(252) Entering DocumentHost::PostQuitMessage
T 2018-11-19 11:34:59:527 IECommandExecutor.cpp(250) Entering IECommandExecutor::OnBrowserQuit
T 2018-11-19 11:34:59:527 IECommandExecutor.cpp(529) Entering IECommandExecutor::IsAlertActive
T 2018-11-19 11:34:59:527 Browser.cpp(700) Entering Browser::GetActiveDialogWindowHandle
T 2018-11-19 11:34:59:527 Browser.cpp(206) Entering Browser::GetContentWindowHandle
D 2018-11-19 11:34:59:528 IECommandExecutor.cpp(543) No alert handle is found
T 2018-11-19 11:34:59:528 Browser.cpp(300) Entering Browser::DetachEvents
