I 2018-10-10 17:55:45:224 server.cc(86) Starting WebDriver server on port: '35701' on host: ''
T 2018-10-10 17:55:45:224 server.cc(634) Entering Server::PopulateCommandRepository
T 2018-10-10 17:55:45:224 IEServer.cpp(32) Entering IEServer::IEServer
I 2018-10-10 17:55:45:224 IEServer.cpp(33) Driver version: 3.6.0.0 (32-bit)
T 2018-10-10 17:55:45:225 server.cc(121) Entering Server::Start
D 2018-10-10 17:55:45:225 server.cc(148) Civetweb ACL is -0.0.0.0/0,+127.0.0.1
T 2018-10-10 17:55:45:579 server.cc(174) Entering Server::ProcessRequest
T 2018-10-10 17:55:45:579 server.cc(183) Process request with: URI: /status HTTP verb: GET
body: {}
T 2018-10-10 17:55:45:579 server.cc(272) Entering Server::DispatchCommand
T 2018-10-10 17:55:45:580 server.cc(583) Entering Server::LookupCommand
D 2018-10-10 17:55:45:580 server.cc(281) Command: GET /status {}
T 2018-10-10 17:55:45:580 IEServer.cpp(51) Entering IEServer::GetStatus
T 2018-10-10 17:55:45:580 response.cc(72) Entering Response::SetSuccessResponse
T 2018-10-10 17:55:45:580 response.cc(78) Entering Response::SetResponse
T 2018-10-10 17:55:45:580 response.cc(51) Entering Response::Serialize
D 2018-10-10 17:55:45:580 server.cc(338) Response: {"value":{"build":{"version":"3.6.0.0 (32-bit)"},"message":"Ready to create session","os":{"arch":"x64","name":"windows","version":"6.1.7601.18015 (win7sp1_gdr.121129-1432)"},"ready":true}}

T 2018-10-10 17:55:45:580 server.cc(391) Entering Server::SendResponseToClient
T 2018-10-10 17:55:45:580 response.cc(30) Entering Response::Deserialize
T 2018-10-10 17:55:45:580 server.cc(445) Entering Server::SendHttpOk
T 2018-10-10 17:55:45:755 server.cc(174) Entering Server::ProcessRequest
T 2018-10-10 17:55:45:755 server.cc(238) Entering Server::ReadRequestBody
T 2018-10-10 17:55:45:755 server.cc(183) Process request with: URI: /session HTTP verb: POST
body: {
  "desiredCapabilities": {"Properties":"-private","browserName":"internet explorer","ensureCleanSession":true,"ie.usePerProcessProxy":"true","platform":"WINDOWS","se:ieOptions":{"ie.usePerProcessProxy":"true"}},
  "capabilities": {
    "desiredCapabilities": {"Properties":"-private","browserName":"internet explorer","ensureCleanSession":true,"ie.usePerProcessProxy":"true","platform":"WINDOWS","se:ieOptions":{"ie.usePerProcessProxy":"true"}},
    "firstMatch": [
      {"browserName":"internet explorer","platformName":"windows","se:ieOptions":{"ie.usePerProcessProxy":"true"}}
    ]
  }
}
T 2018-10-10 17:55:45:755 server.cc(272) Entering Server::DispatchCommand
T 2018-10-10 17:55:45:755 server.cc(583) Entering Server::LookupCommand
D 2018-10-10 17:55:45:755 server.cc(281) Command: POST /session {
  "desiredCapabilities": {"Properties":"-private","browserName":"internet explorer","ensureCleanSession":true,"ie.usePerProcessProxy":"true","platform":"WINDOWS","se:ieOptions":{"ie.usePerProcessProxy":"true"}},
  "capabilities": {
    "desiredCapabilities": {"Properties":"-private","browserName":"internet explorer","ensureCleanSession":true,"ie.usePerProcessProxy":"true","platform":"WINDOWS","se:ieOptions":{"ie.usePerProcessProxy":"true"}},
    "firstMatch": [
      {"browserName":"internet explorer","platformName":"windows","se:ieOptions":{"ie.usePerProcessProxy":"true"}}
    ]
  }
}
T 2018-10-10 17:55:45:755 IEServer.cpp(42) Entering IEServer::InitializeSession
T 2018-10-10 17:55:45:755 IESession.cpp(38) Entering IESession::Initialize
D 2018-10-10 17:55:45:755 IESession.cpp(53) Mutex acquired for session initalization
T 2018-10-10 17:55:45:767 IECommandExecutor.cpp(386) Entering IECommandExecutor::ThreadProc
T 2018-10-10 17:55:45:770 IECommandExecutor.cpp(47) Entering IECommandExecutor::OnCreate
T 2018-10-10 17:55:45:770 IECommandExecutor.cpp(753) Entering IECommandExecutor::PopulateElementFinderMethods
T 2018-10-10 17:55:45:770 InputManager.cpp(40) Entering InputManager::InputManager
T 2018-10-10 17:55:45:770 InputManager.cpp(75) Entering InputManager::Initialize
T 2018-10-10 17:55:45:770 BrowserFactory.cpp(998) Entering BrowserFactory::GetExecutableLocation
T 2018-10-10 17:55:45:770 BrowserFactory.cpp(1039) Entering BrowserFactory::GetIEVersion
T 2018-10-10 17:55:45:771 CommandHandlerRepository.cpp(108) Entering CommandHandlerRepository::PopulateCommandHandlers
T 2018-10-10 17:55:45:771 IESession.cpp(99) Created thread for command executor returns HWND: '00190B46'
T 2018-10-10 17:55:45:771 IESession.cpp(103) Session id is retrived from command executor window: 'aac41153-15dc-41d7-bbf6-85aa2f40d44c'
D 2018-10-10 17:55:45:771 IESession.cpp(109) Releasing session initialization mutex
T 2018-10-10 17:55:45:771 IESession.cpp(191) Entering IESession::ExecuteCommand
T 2018-10-10 17:55:45:771 IECommandExecutor.cpp(122) Entering IECommandExecutor::OnSetCommand
T 2018-10-10 17:55:45:771 command.cc(31) Entering Command::Deserialize
D 2018-10-10 17:55:45:771 command.cc(36) Raw JSON command: { "name" : "newSession", "locator" : { }, "parameters" : {
  "desiredCapabilities": {"Properties":"-private","browserName":"internet explorer","ensureCleanSession":true,"ie.usePerProcessProxy":"true","platform":"WINDOWS","se:ieOptions":{"ie.usePerProcessProxy":"true"}},
  "capabilities": {
    "desiredCapabilities": {"Properties":"-private","browserName":"internet explorer","ensureCleanSession":true,"ie.usePerProcessProxy":"true","platform":"WINDOWS","se:ieOptions":{"ie.usePerProcessProxy":"true"}},
    "firstMatch": [
      {"browserName":"internet explorer","platformName":"windows","se:ieOptions":{"ie.usePerProcessProxy":"true"}}
    ]
  }
} }
T 2018-10-10 17:55:45:771 IECommandExecutor.cpp(133) Entering IECommandExecutor::OnExecCommand
T 2018-10-10 17:55:45:771 IECommandExecutor.cpp(454) Entering IECommandExecutor::DispatchCommand
D 2018-10-10 17:55:45:771 CommandHandlers\NewSessionCommandHandler.cpp(46) Found W3C capabilities structure
D 2018-10-10 17:55:45:771 CommandHandlers\NewSessionCommandHandler.cpp(505) Validating capabilities object
D 2018-10-10 17:55:45:771 CommandHandlers\NewSessionCommandHandler.cpp(505) Validating capabilities object
D 2018-10-10 17:55:45:771 CommandHandlers\NewSessionCommandHandler.cpp(535) Found browserNamecapability. Validating value type is string.
D 2018-10-10 17:55:45:771 CommandHandlers\NewSessionCommandHandler.cpp(564) Found platformNamecapability. Validating value type is string.
D 2018-10-10 17:55:45:771 CommandHandlers\NewSessionCommandHandler.cpp(794) Found proxycapability. Validating value type is object.
T 2018-10-10 17:55:45:771 BrowserFactory.cpp(113) Entering BrowserFactory::Initialize
T 2018-10-10 17:55:45:771 IECommandExecutor.cpp(631) Entering IECommandExecutor::CreateNewBrowser
T 2018-10-10 17:55:45:771 BrowserFactory.cpp(142) Entering BrowserFactory::LaunchBrowserProcess
D 2018-10-10 17:55:45:771 BrowserFactory.cpp(146) Ignoring Protected Mode Settings: 0
D 2018-10-10 17:55:45:771 BrowserFactory.cpp(149) Checking validity of Protected Mode settings.
T 2018-10-10 17:55:45:771 BrowserFactory.cpp(1058) Entering BrowserFactory::ProtectedModeSettingsAreValid
D 2018-10-10 17:55:45:771 BrowserFactory.cpp(1061) Detected IE version: 11, Windows version supports Protected Mode: 1
T 2018-10-10 17:55:45:771 BrowserFactory.cpp(1135) Entering BrowserFactory::GetZoneProtectedModeSetting
D 2018-10-10 17:55:45:771 BrowserFactory.cpp(1152) Found Protected Mode setting value of 0 for zone 1
T 2018-10-10 17:55:45:771 BrowserFactory.cpp(1135) Entering BrowserFactory::GetZoneProtectedModeSetting
D 2018-10-10 17:55:45:771 BrowserFactory.cpp(1152) Found Protected Mode setting value of 0 for zone 2
T 2018-10-10 17:55:45:771 BrowserFactory.cpp(1135) Entering BrowserFactory::GetZoneProtectedModeSetting
D 2018-10-10 17:55:45:771 BrowserFactory.cpp(1152) Found Protected Mode setting value of 0 for zone 3
T 2018-10-10 17:55:45:771 BrowserFactory.cpp(1135) Entering BrowserFactory::GetZoneProtectedModeSetting
D 2018-10-10 17:55:45:771 BrowserFactory.cpp(1152) Found Protected Mode setting value of 0 for zone 4
D 2018-10-10 17:55:45:771 BrowserFactory.cpp(152) Has Valid Protected Mode Settings: 1
T 2018-10-10 17:55:45:771 BrowserFactory.cpp(226) Entering BrowserFactory::IsIELaunchURLAvailable
T 2018-10-10 17:55:45:772 IESession.cpp(212) Beginning wait for response length to be not zero
T 2018-10-10 17:55:45:781 BrowserFactory.cpp(130) Entering BrowserFactory::ClearCache
T 2018-10-10 17:55:45:781 BrowserFactory.cpp(247) Entering BrowserFactory::LaunchBrowserUsingIELaunchURL
D 2018-10-10 17:55:45:781 BrowserFactory.cpp(248) Starting IE using the IELaunchURL API
D 2018-10-10 17:55:45:949 BrowserFactory.cpp(202) IE launched successfully with process ID 8308
D 2018-10-10 17:55:45:949 BrowserFactory.cpp(208) Process with ID 8308 is executing iexplore.exe
T 2018-10-10 17:55:45:949 BrowserFactory.cpp(365) Entering BrowserFactory::AttachToBrowser
D 2018-10-10 17:55:45:949 BrowserFactory.cpp(375) Using Active Accessibility to find IWebBrowser2 interface
T 2018-10-10 17:55:45:949 BrowserFactory.cpp(414) Entering BrowserFactory::AttachToBrowserUsingActiveAccessibility
T 2018-10-10 17:55:47:192 server.cc(174) Entering Server::ProcessRequest
T 2018-10-10 17:55:47:193 server.cc(183) Process request with: URI: / HTTP verb: GET
body: {}
T 2018-10-10 17:55:47:193 server.cc(445) Entering Server::SendHttpOk
T 2018-10-10 17:55:47:270 server.cc(174) Entering Server::ProcessRequest
T 2018-10-10 17:55:47:270 server.cc(183) Process request with: URI: /favicon.ico HTTP verb: GET
body: {}
T 2018-10-10 17:55:47:270 server.cc(272) Entering Server::DispatchCommand
T 2018-10-10 17:55:47:270 server.cc(583) Entering Server::LookupCommand
D 2018-10-10 17:55:47:270 server.cc(281) Command: GET /favicon.ico {}
D 2018-10-10 17:55:47:270 server.cc(338) Response: { "error" : "unknown method", "message" : "Command not found: GET /favicon.ico" }
T 2018-10-10 17:55:47:270 server.cc(391) Entering Server::SendResponseToClient
T 2018-10-10 17:55:47:270 response.cc(30) Entering Response::Deserialize
T 2018-10-10 17:55:47:270 server.cc(445) Entering Server::SendHttpOk
D 2018-10-10 17:55:47:454 BrowserFactory.cpp(434) Found window handle 000907F2 for window with class 'Internet Explorer_Server' belonging to process with id 8308
T 2018-10-10 17:55:47:454 BrowserFactory.cpp(329) Entering BrowserFactory::GetDocumentFromWindowHandle
D 2018-10-10 17:55:47:494 BrowserFactory.cpp(396) Ignoring zoom setting: 0
T 2018-10-10 17:55:47:494 BrowserFactory.cpp(574) Entering BrowserFactory::GetBrowserZoomLevel
T 2018-10-10 17:55:47:550 BrowserFactory.cpp(614) Entering BrowserFactory::GetZoomLevel
D 2018-10-10 17:55:47:558 BrowserFactory.cpp(694) Browser zoom level is 100%
I 2018-10-10 17:55:47:560 IECommandExecutor.cpp(654) Persistent hovering set to: 1
T 2018-10-10 17:55:47:560 ProxyManager.cpp(97) ProxyManager::SetProxySettings
D 2018-10-10 17:55:47:560 ProxyManager.cpp(113) Using existing system proxy settings.
T 2018-10-10 17:55:47:560 DocumentHost.cpp(33) Entering DocumentHost::DocumentHost
T 2018-10-10 17:55:47:560 CookieManager.cpp(49) Entering CookieManager::Initialize
T 2018-10-10 17:55:47:560 Browser.cpp(33) Entering Browser::Browser
T 2018-10-10 17:55:47:560 Browser.cpp(293) Entering Browser::AttachEvents
T 2018-10-10 17:55:47:562 IECommandExecutor.cpp(621) Entering IECommandExecutor::AddManagedBrowser
T 2018-10-10 17:55:47:562 IECommandExecutor.cpp(625) Setting current browser id to 1035fdcf-4ee1-4d5d-9e4e-58875804bf92
T 2018-10-10 17:55:47:562 response.cc(72) Entering Response::SetSuccessResponse
T 2018-10-10 17:55:47:562 response.cc(78) Entering Response::SetResponse
T 2018-10-10 17:55:47:562 IECommandExecutor.cpp(577) Entering IECommandExecutor::GetCurrentBrowser
T 2018-10-10 17:55:47:562 IECommandExecutor.cpp(583) Entering IECommandExecutor::GetManagedBrowser
T 2018-10-10 17:55:47:562 response.cc(51) Entering Response::Serialize
T 2018-10-10 17:55:47:570 IESession.cpp(221) Found non-zero response length
T 2018-10-10 17:55:47:570 IECommandExecutor.cpp(156) Entering IECommandExecutor::OnGetResponse
T 2018-10-10 17:55:47:570 IECommandExecutor.cpp(285) Entering IECommandExecutor::OnIsSessionValid
T 2018-10-10 17:55:47:570 response.cc(30) Entering Response::Deserialize
D 2018-10-10 17:55:47:570 server.cc(338) Response: {"value":{"capabilities":{"acceptInsecureCerts":false,"browserName":"internet explorer","browserVersion":"11","pageLoadStrategy":"normal","platformName":"windows","se:ieOptions":{"browserAttachTimeout":0,"elementScrollBehavior":0,"enablePersistentHover":true,"ie.browserCommandLineSwitches":"","ie.ensureCleanSession":false,"ie.fileUploadDialogTimeout":3000,"ie.forceCreateProcessApi":false,"ignoreProtectedModeSettings":false,"ignoreZoomSetting":false,"initialBrowserUrl":"http://localhost:35701/","nativeEvents":true,"requireWindowFocus":false},"setWindowRect":true},"sessionId":"aac41153-15dc-41d7-bbf6-85aa2f40d44c"}}

T 2018-10-10 17:55:47:570 server.cc(391) Entering Server::SendResponseToClient
T 2018-10-10 17:55:47:570 response.cc(30) Entering Response::Deserialize
T 2018-10-10 17:55:47:570 server.cc(445) Entering Server::SendHttpOk
T 2018-10-10 17:55:47:616 server.cc(174) Entering Server::ProcessRequest
T 2018-10-10 17:55:47:616 server.cc(238) Entering Server::ReadRequestBody
T 2018-10-10 17:55:47:616 server.cc(183) Process request with: URI: /session/aac41153-15dc-41d7-bbf6-85aa2f40d44c/timeouts HTTP verb: POST
body: {"implicit":0}
T 2018-10-10 17:55:47:616 server.cc(272) Entering Server::DispatchCommand
T 2018-10-10 17:55:47:616 server.cc(583) Entering Server::LookupCommand
D 2018-10-10 17:55:47:616 server.cc(281) Command: POST /session/aac41153-15dc-41d7-bbf6-85aa2f40d44c/timeouts {"implicit":0}
T 2018-10-10 17:55:47:616 server.cc(378) Entering Server::LookupSession
T 2018-10-10 17:55:47:616 IESession.cpp(191) Entering IESession::ExecuteCommand
T 2018-10-10 17:55:47:616 IECommandExecutor.cpp(122) Entering IECommandExecutor::OnSetCommand
T 2018-10-10 17:55:47:616 command.cc(31) Entering Command::Deserialize
D 2018-10-10 17:55:47:616 command.cc(36) Raw JSON command: { "name" : "setTimeouts", "locator" : { "sessionid" : "aac41153-15dc-41d7-bbf6-85aa2f40d44c" }, "parameters" : {"implicit":0} }
T 2018-10-10 17:55:47:616 IECommandExecutor.cpp(133) Entering IECommandExecutor::OnExecCommand
T 2018-10-10 17:55:47:616 IECommandExecutor.cpp(454) Entering IECommandExecutor::DispatchCommand
T 2018-10-10 17:55:47:616 IECommandExecutor.cpp(577) Entering IECommandExecutor::GetCurrentBrowser
T 2018-10-10 17:55:47:616 IECommandExecutor.cpp(583) Entering IECommandExecutor::GetManagedBrowser
T 2018-10-10 17:55:47:616 IECommandExecutor.cpp(529) Entering IECommandExecutor::IsAlertActive
T 2018-10-10 17:55:47:616 Browser.cpp(700) Entering Browser::GetActiveDialogWindowHandle
T 2018-10-10 17:55:47:616 Browser.cpp(206) Entering Browser::GetContentWindowHandle
D 2018-10-10 17:55:47:616 IECommandExecutor.cpp(543) No alert handle is found
T 2018-10-10 17:55:47:616 IECommandExecutor.cpp(577) Entering IECommandExecutor::GetCurrentBrowser
T 2018-10-10 17:55:47:616 IECommandExecutor.cpp(583) Entering IECommandExecutor::GetManagedBrowser
T 2018-10-10 17:55:47:616 response.cc(51) Entering Response::Serialize
T 2018-10-10 17:55:47:616 IESession.cpp(212) Beginning wait for response length to be not zero
T 2018-10-10 17:55:47:616 IESession.cpp(221) Found non-zero response length
T 2018-10-10 17:55:47:616 IECommandExecutor.cpp(156) Entering IECommandExecutor::OnGetResponse
T 2018-10-10 17:55:47:616 IECommandExecutor.cpp(285) Entering IECommandExecutor::OnIsSessionValid
D 2018-10-10 17:55:47:616 server.cc(338) Response: {"value":null}

T 2018-10-10 17:55:47:616 server.cc(391) Entering Server::SendResponseToClient
T 2018-10-10 17:55:47:616 response.cc(30) Entering Response::Deserialize
T 2018-10-10 17:55:47:616 server.cc(445) Entering Server::SendHttpOk
T 2018-10-10 17:55:47:628 server.cc(174) Entering Server::ProcessRequest
T 2018-10-10 17:55:47:628 server.cc(238) Entering Server::ReadRequestBody
T 2018-10-10 17:55:47:628 server.cc(183) Process request with: URI: /session/aac41153-15dc-41d7-bbf6-85aa2f40d44c/execute/sync HTTP verb: POST
body: {"script":"return navigator.sayswho\u003d (function() { var ua\u003d navigator.userAgent, tem, M\u003d ua.match(/(opera|chrome|safari|firefox|msie|trident)\\/?\\s*(\\.?\\d+(\\.\\d+)*)/i) || []; if (/trident/i.test(M[1])) {     tem\u003d  /\\brv[ :]+(\\d+)/g.exec(ua) || [];     return \u0027IE \u0027+(tem[1] || \u0027\u0027); } if(M[1]\u003d\u003d\u003d \u0027Chrome\u0027) {     tem\u003d ua.match(/\\b(OPR|Edge)\\/(\\d+)/);     if(tem!\u003d null) return tem.slice(1).join(\u0027 \u0027).replace(\u0027OPR\u0027, \u0027Opera\u0027); } M\u003d M[2]? [M[1], M[2]]: [navigator.appName, navigator.appVersion, \u0027-?\u0027]; if((tem\u003d ua.match(/version\\/(\\d+)/i))!\u003d null) M.splice(1, 1, tem[1]); return M.join(\u0027 \u0027).replace(\u0027MSIE\u0027, \u0027IE\u0027);})();","args":[]}
T 2018-10-10 17:55:47:628 server.cc(272) Entering Server::DispatchCommand
T 2018-10-10 17:55:47:628 server.cc(583) Entering Server::LookupCommand
D 2018-10-10 17:55:47:628 server.cc(281) Command: POST /session/aac41153-15dc-41d7-bbf6-85aa2f40d44c/execute/sync {"script":"return navigator.sayswho\u003d (function() { var ua\u003d navigator.userAgent, tem, M\u003d ua.match(/(opera|chrome|safari|firefox|msie|trident)\\/?\\s*(\\.?\\d+(\\.\\d+)*)/i) || []; if (/trident/i.test(M[1])) {     tem\u003d  /\\brv[ :]+(\\d+)/g.exec(ua) || [];     return \u0027IE \u0027+(tem[1] || \u0027\u0027); } if(M[1]\u003d\u003d\u003d \u0027Chrome\u0027) {     tem\u003d ua.match(/\\b(OPR|Edge)\\/(\\d+)/);     if(tem!\u003d null) return tem.slice(1).join(\u0027 \u0027).replace(\u0027OPR\u0027, \u0027Opera\u0027); } M\u003d M[2]? [M[1], M[2]]: [navigator.appName, navigator.appVersion, \u0027-?\u0027]; if((tem\u003d ua.match(/version\\/(\\d+)/i))!\u003d null) M.splice(1, 1, tem[1]); return M.join(\u0027 \u0027).replace(\u0027MSIE\u0027, \u0027IE\u0027);})();","args":[]}
T 2018-10-10 17:55:47:628 server.cc(378) Entering Server::LookupSession
T 2018-10-10 17:55:47:628 IESession.cpp(191) Entering IESession::ExecuteCommand
T 2018-10-10 17:55:47:628 IECommandExecutor.cpp(122) Entering IECommandExecutor::OnSetCommand
T 2018-10-10 17:55:47:628 command.cc(31) Entering Command::Deserialize
D 2018-10-10 17:55:47:628 command.cc(36) Raw JSON command: { "name" : "executeScript", "locator" : { "sessionid" : "aac41153-15dc-41d7-bbf6-85aa2f40d44c" }, "parameters" : {"script":"return navigator.sayswho\u003d (function() { var ua\u003d navigator.userAgent, tem, M\u003d ua.match(/(opera|chrome|safari|firefox|msie|trident)\\/?\\s*(\\.?\\d+(\\.\\d+)*)/i) || []; if (/trident/i.test(M[1])) {     tem\u003d  /\\brv[ :]+(\\d+)/g.exec(ua) || [];     return \u0027IE \u0027+(tem[1] || \u0027\u0027); } if(M[1]\u003d\u003d\u003d \u0027Chrome\u0027) {     tem\u003d ua.match(/\\b(OPR|Edge)\\/(\\d+)/);     if(tem!\u003d null) return tem.slice(1).join(\u0027 \u0027).replace(\u0027OPR\u0027, \u0027Opera\u0027); } M\u003d M[2]? [M[1], M[2]]: [navigator.appName, navigator.appVersion, \u0027-?\u0027]; if((tem\u003d ua.match(/version\\/(\\d+)/i))!\u003d null) M.splice(1, 1, tem[1]); return M.join(\u0027 \u0027).replace(\u0027MSIE\u0027, \u0027IE\u0027);})();","args":[]} }
T 2018-10-10 17:55:47:628 IECommandExecutor.cpp(133) Entering IECommandExecutor::OnExecCommand
T 2018-10-10 17:55:47:628 IECommandExecutor.cpp(454) Entering IECommandExecutor::DispatchCommand
T 2018-10-10 17:55:47:628 IECommandExecutor.cpp(577) Entering IECommandExecutor::GetCurrentBrowser
T 2018-10-10 17:55:47:628 IECommandExecutor.cpp(583) Entering IECommandExecutor::GetManagedBrowser
T 2018-10-10 17:55:47:628 IECommandExecutor.cpp(529) Entering IECommandExecutor::IsAlertActive
T 2018-10-10 17:55:47:628 Browser.cpp(700) Entering Browser::GetActiveDialogWindowHandle
T 2018-10-10 17:55:47:628 Browser.cpp(206) Entering Browser::GetContentWindowHandle
T 2018-10-10 17:55:47:628 IESession.cpp(212) Beginning wait for response length to be not zero
D 2018-10-10 17:55:47:628 IECommandExecutor.cpp(543) No alert handle is found
T 2018-10-10 17:55:47:628 IECommandExecutor.cpp(577) Entering IECommandExecutor::GetCurrentBrowser
T 2018-10-10 17:55:47:628 IECommandExecutor.cpp(583) Entering IECommandExecutor::GetManagedBrowser
T 2018-10-10 17:55:47:628 Browser.cpp(126) Entering Browser::GetDocument
I 2018-10-10 17:55:47:628 Browser.cpp(130) No child frame focus. Focus is on top-level frame
T 2018-10-10 17:55:47:641 Browser.cpp(613) Entering Browser::GetDocumentFromWindow
T 2018-10-10 17:55:47:643 Script.cpp(49) Entering Script::Initialize
T 2018-10-10 17:55:47:643 CommandHandlers\ExecuteScriptCommandHandler.cpp(85) Entering ExecuteScriptCommandHandler::PopulateArgumentArray
T 2018-10-10 17:55:47:643 Script.cpp(169) Entering Script::Execute
T 2018-10-10 17:55:47:643 Script.cpp(438) Entering Script::CreateAnonymousFunction
T 2018-10-10 17:55:47:671 Script.cpp(426) Entering Script::ConvertResultToJsonValue
T 2018-10-10 17:55:47:671 response.cc(72) Entering Response::SetSuccessResponse
T 2018-10-10 17:55:47:671 response.cc(78) Entering Response::SetResponse
T 2018-10-10 17:55:47:671 IECommandExecutor.cpp(577) Entering IECommandExecutor::GetCurrentBrowser
T 2018-10-10 17:55:47:672 IECommandExecutor.cpp(583) Entering IECommandExecutor::GetManagedBrowser
T 2018-10-10 17:55:47:672 response.cc(51) Entering Response::Serialize
T 2018-10-10 17:55:47:679 IESession.cpp(221) Found non-zero response length
T 2018-10-10 17:55:47:679 IECommandExecutor.cpp(156) Entering IECommandExecutor::OnGetResponse
T 2018-10-10 17:55:47:679 IECommandExecutor.cpp(285) Entering IECommandExecutor::OnIsSessionValid
D 2018-10-10 17:55:47:679 server.cc(338) Response: {"value":"IE 11"}

T 2018-10-10 17:55:47:679 server.cc(391) Entering Server::SendResponseToClient
T 2018-10-10 17:55:47:679 response.cc(30) Entering Response::Deserialize
T 2018-10-10 17:55:47:679 server.cc(445) Entering Server::SendHttpOk
T 2018-10-10 17:55:47:691 server.cc(174) Entering Server::ProcessRequest
T 2018-10-10 17:55:47:691 server.cc(238) Entering Server::ReadRequestBody
T 2018-10-10 17:55:47:691 server.cc(183) Process request with: URI: /session/aac41153-15dc-41d7-bbf6-85aa2f40d44c/url HTTP verb: POST
body: {"url":"http://192.168.20.156/edo"}
T 2018-10-10 17:55:47:691 server.cc(272) Entering Server::DispatchCommand
T 2018-10-10 17:55:47:691 server.cc(583) Entering Server::LookupCommand
D 2018-10-10 17:55:47:691 server.cc(281) Command: POST /session/aac41153-15dc-41d7-bbf6-85aa2f40d44c/url {"url":"http://192.168.20.156/edo"}
T 2018-10-10 17:55:47:691 server.cc(378) Entering Server::LookupSession
T 2018-10-10 17:55:47:691 IESession.cpp(191) Entering IESession::ExecuteCommand
T 2018-10-10 17:55:47:691 IECommandExecutor.cpp(122) Entering IECommandExecutor::OnSetCommand
T 2018-10-10 17:55:47:691 command.cc(31) Entering Command::Deserialize
D 2018-10-10 17:55:47:691 command.cc(36) Raw JSON command: { "name" : "get", "locator" : { "sessionid" : "aac41153-15dc-41d7-bbf6-85aa2f40d44c" }, "parameters" : {"url":"http://192.168.20.156/edo"} }
T 2018-10-10 17:55:47:691 IECommandExecutor.cpp(133) Entering IECommandExecutor::OnExecCommand
T 2018-10-10 17:55:47:691 IECommandExecutor.cpp(454) Entering IECommandExecutor::DispatchCommand
T 2018-10-10 17:55:47:691 IESession.cpp(212) Beginning wait for response length to be not zero
T 2018-10-10 17:55:47:691 IECommandExecutor.cpp(577) Entering IECommandExecutor::GetCurrentBrowser
T 2018-10-10 17:55:47:691 IECommandExecutor.cpp(583) Entering IECommandExecutor::GetManagedBrowser
T 2018-10-10 17:55:47:691 IECommandExecutor.cpp(529) Entering IECommandExecutor::IsAlertActive
T 2018-10-10 17:55:47:691 Browser.cpp(700) Entering Browser::GetActiveDialogWindowHandle
T 2018-10-10 17:55:47:691 Browser.cpp(206) Entering Browser::GetContentWindowHandle
D 2018-10-10 17:55:47:691 IECommandExecutor.cpp(543) No alert handle is found
T 2018-10-10 17:55:47:691 IECommandExecutor.cpp(577) Entering IECommandExecutor::GetCurrentBrowser
T 2018-10-10 17:55:47:691 IECommandExecutor.cpp(583) Entering IECommandExecutor::GetManagedBrowser
T 2018-10-10 17:55:47:691 Browser.cpp(318) Entring Browser::NavigateToUrl
T 2018-10-10 17:55:47:692 DocumentHost.cpp(142) Entering DocumentHost::SetFocusedFrameByElement
T 2018-10-10 17:55:47:692 response.cc(72) Entering Response::SetSuccessResponse
T 2018-10-10 17:55:47:692 response.cc(78) Entering Response::SetResponse
T 2018-10-10 17:55:47:692 IECommandExecutor.cpp(577) Entering IECommandExecutor::GetCurrentBrowser
T 2018-10-10 17:55:47:692 IECommandExecutor.cpp(583) Entering IECommandExecutor::GetManagedBrowser
T 2018-10-10 17:55:47:692 response.cc(51) Entering Response::Serialize
T 2018-10-10 17:55:47:692 IECommandExecutor.cpp(172) Entering IECommandExecutor::OnWait
T 2018-10-10 17:55:47:692 IECommandExecutor.cpp(577) Entering IECommandExecutor::GetCurrentBrowser
T 2018-10-10 17:55:47:692 IECommandExecutor.cpp(583) Entering IECommandExecutor::GetManagedBrowser
T 2018-10-10 17:55:47:692 Browser.cpp(438) Entering Browser::Wait
D 2018-10-10 17:55:47:692 Browser.cpp(448) Navigate Events Completed.
T 2018-10-10 17:55:47:692 Browser.cpp(700) Entering Browser::GetActiveDialogWindowHandle
T 2018-10-10 17:55:47:692 Browser.cpp(206) Entering Browser::GetContentWindowHandle
D 2018-10-10 17:55:47:692 Browser.cpp(484) Browser ReadyState is not at least '4'; it was 1
T 2018-10-10 17:55:47:693 Browser.cpp(50) Entering Browser::BeforeNavigate2
T 2018-10-10 17:55:47:693 IECommandExecutor.cpp(377) Entering IECommandExecutor::WaitThreadProc
T 2018-10-10 17:55:47:901 IECommandExecutor.cpp(172) Entering IECommandExecutor::OnWait
T 2018-10-10 17:55:47:901 IECommandExecutor.cpp(577) Entering IECommandExecutor::GetCurrentBrowser
T 2018-10-10 17:55:47:901 IECommandExecutor.cpp(583) Entering IECommandExecutor::GetManagedBrowser
T 2018-10-10 17:55:47:901 Browser.cpp(438) Entering Browser::Wait
D 2018-10-10 17:55:47:901 Browser.cpp(448) Navigate Events Completed.
T 2018-10-10 17:55:47:901 Browser.cpp(700) Entering Browser::GetActiveDialogWindowHandle
T 2018-10-10 17:55:47:901 Browser.cpp(206) Entering Browser::GetContentWindowHandle
D 2018-10-10 17:55:47:901 Browser.cpp(464) Browser busy property is true.
T 2018-10-10 17:55:47:902 IECommandExecutor.cpp(377) Entering IECommandExecutor::WaitThreadProc
T 2018-10-10 17:55:48:103 IECommandExecutor.cpp(172) Entering IECommandExecutor::OnWait
T 2018-10-10 17:55:48:103 IECommandExecutor.cpp(577) Entering IECommandExecutor::GetCurrentBrowser
T 2018-10-10 17:55:48:103 IECommandExecutor.cpp(583) Entering IECommandExecutor::GetManagedBrowser
T 2018-10-10 17:55:48:103 Browser.cpp(438) Entering Browser::Wait
D 2018-10-10 17:55:48:103 Browser.cpp(448) Navigate Events Completed.
T 2018-10-10 17:55:48:103 Browser.cpp(700) Entering Browser::GetActiveDialogWindowHandle
T 2018-10-10 17:55:48:103 Browser.cpp(206) Entering Browser::GetContentWindowHandle
D 2018-10-10 17:55:48:103 Browser.cpp(464) Browser busy property is true.
T 2018-10-10 17:55:48:104 IECommandExecutor.cpp(377) Entering IECommandExecutor::WaitThreadProc
T 2018-10-10 17:55:48:304 IECommandExecutor.cpp(172) Entering IECommandExecutor::OnWait
T 2018-10-10 17:55:48:304 IECommandExecutor.cpp(577) Entering IECommandExecutor::GetCurrentBrowser
T 2018-10-10 17:55:48:304 IECommandExecutor.cpp(583) Entering IECommandExecutor::GetManagedBrowser
T 2018-10-10 17:55:48:304 Browser.cpp(438) Entering Browser::Wait
D 2018-10-10 17:55:48:304 Browser.cpp(448) Navigate Events Completed.
T 2018-10-10 17:55:48:304 Browser.cpp(700) Entering Browser::GetActiveDialogWindowHandle
T 2018-10-10 17:55:48:304 Browser.cpp(206) Entering Browser::GetContentWindowHandle
D 2018-10-10 17:55:48:304 Browser.cpp(464) Browser busy property is true.
T 2018-10-10 17:55:48:305 IECommandExecutor.cpp(377) Entering IECommandExecutor::WaitThreadProc
T 2018-10-10 17:55:48:505 IECommandExecutor.cpp(172) Entering IECommandExecutor::OnWait
T 2018-10-10 17:55:48:505 IECommandExecutor.cpp(577) Entering IECommandExecutor::GetCurrentBrowser
T 2018-10-10 17:55:48:505 IECommandExecutor.cpp(583) Entering IECommandExecutor::GetManagedBrowser
T 2018-10-10 17:55:48:505 Browser.cpp(438) Entering Browser::Wait
D 2018-10-10 17:55:48:505 Browser.cpp(448) Navigate Events Completed.
T 2018-10-10 17:55:48:505 Browser.cpp(700) Entering Browser::GetActiveDialogWindowHandle
T 2018-10-10 17:55:48:505 Browser.cpp(206) Entering Browser::GetContentWindowHandle
D 2018-10-10 17:55:48:505 Browser.cpp(464) Browser busy property is true.
T 2018-10-10 17:55:48:507 IECommandExecutor.cpp(377) Entering IECommandExecutor::WaitThreadProc
T 2018-10-10 17:55:48:707 IECommandExecutor.cpp(172) Entering IECommandExecutor::OnWait
T 2018-10-10 17:55:48:707 IECommandExecutor.cpp(577) Entering IECommandExecutor::GetCurrentBrowser
T 2018-10-10 17:55:48:707 IECommandExecutor.cpp(583) Entering IECommandExecutor::GetManagedBrowser
T 2018-10-10 17:55:48:707 Browser.cpp(438) Entering Browser::Wait
D 2018-10-10 17:55:48:707 Browser.cpp(448) Navigate Events Completed.
T 2018-10-10 17:55:48:707 Browser.cpp(700) Entering Browser::GetActiveDialogWindowHandle
T 2018-10-10 17:55:48:707 Browser.cpp(206) Entering Browser::GetContentWindowHandle
D 2018-10-10 17:55:48:708 Browser.cpp(464) Browser busy property is true.
T 2018-10-10 17:55:48:710 IECommandExecutor.cpp(377) Entering IECommandExecutor::WaitThreadProc
T 2018-10-10 17:55:48:910 IECommandExecutor.cpp(172) Entering IECommandExecutor::OnWait
T 2018-10-10 17:55:48:910 IECommandExecutor.cpp(577) Entering IECommandExecutor::GetCurrentBrowser
T 2018-10-10 17:55:48:910 IECommandExecutor.cpp(583) Entering IECommandExecutor::GetManagedBrowser
T 2018-10-10 17:55:48:910 Browser.cpp(438) Entering Browser::Wait
D 2018-10-10 17:55:48:910 Browser.cpp(448) Navigate Events Completed.
T 2018-10-10 17:55:48:910 Browser.cpp(700) Entering Browser::GetActiveDialogWindowHandle
T 2018-10-10 17:55:48:910 Browser.cpp(206) Entering Browser::GetContentWindowHandle
D 2018-10-10 17:55:48:910 Browser.cpp(464) Browser busy property is true.
T 2018-10-10 17:55:48:911 IECommandExecutor.cpp(377) Entering IECommandExecutor::WaitThreadProc
T 2018-10-10 17:55:49:111 IECommandExecutor.cpp(172) Entering IECommandExecutor::OnWait
T 2018-10-10 17:55:49:111 IECommandExecutor.cpp(577) Entering IECommandExecutor::GetCurrentBrowser
T 2018-10-10 17:55:49:111 IECommandExecutor.cpp(583) Entering IECommandExecutor::GetManagedBrowser
T 2018-10-10 17:55:49:111 Browser.cpp(438) Entering Browser::Wait
D 2018-10-10 17:55:49:111 Browser.cpp(448) Navigate Events Completed.
T 2018-10-10 17:55:49:111 Browser.cpp(700) Entering Browser::GetActiveDialogWindowHandle
T 2018-10-10 17:55:49:111 Browser.cpp(206) Entering Browser::GetContentWindowHandle
D 2018-10-10 17:55:49:111 Browser.cpp(464) Browser busy property is true.
T 2018-10-10 17:55:49:112 IECommandExecutor.cpp(377) Entering IECommandExecutor::WaitThreadProc
T 2018-10-10 17:55:49:312 IECommandExecutor.cpp(172) Entering IECommandExecutor::OnWait
T 2018-10-10 17:55:49:312 IECommandExecutor.cpp(577) Entering IECommandExecutor::GetCurrentBrowser
T 2018-10-10 17:55:49:312 IECommandExecutor.cpp(583) Entering IECommandExecutor::GetManagedBrowser
T 2018-10-10 17:55:49:312 Browser.cpp(438) Entering Browser::Wait
D 2018-10-10 17:55:49:312 Browser.cpp(448) Navigate Events Completed.
T 2018-10-10 17:55:49:312 Browser.cpp(700) Entering Browser::GetActiveDialogWindowHandle
T 2018-10-10 17:55:49:312 Browser.cpp(206) Entering Browser::GetContentWindowHandle
D 2018-10-10 17:55:49:312 Browser.cpp(464) Browser busy property is true.
T 2018-10-10 17:55:49:313 IECommandExecutor.cpp(377) Entering IECommandExecutor::WaitThreadProc
T 2018-10-10 17:55:49:522 IECommandExecutor.cpp(172) Entering IECommandExecutor::OnWait
T 2018-10-10 17:55:49:522 IECommandExecutor.cpp(577) Entering IECommandExecutor::GetCurrentBrowser
T 2018-10-10 17:55:49:522 IECommandExecutor.cpp(583) Entering IECommandExecutor::GetManagedBrowser
T 2018-10-10 17:55:49:522 Browser.cpp(438) Entering Browser::Wait
D 2018-10-10 17:55:49:522 Browser.cpp(448) Navigate Events Completed.
T 2018-10-10 17:55:49:522 Browser.cpp(700) Entering Browser::GetActiveDialogWindowHandle
T 2018-10-10 17:55:49:522 Browser.cpp(206) Entering Browser::GetContentWindowHandle
D 2018-10-10 17:55:49:523 Browser.cpp(464) Browser busy property is true.
T 2018-10-10 17:55:49:529 IECommandExecutor.cpp(377) Entering IECommandExecutor::WaitThreadProc
T 2018-10-10 17:55:49:729 IECommandExecutor.cpp(172) Entering IECommandExecutor::OnWait
T 2018-10-10 17:55:49:729 IECommandExecutor.cpp(577) Entering IECommandExecutor::GetCurrentBrowser
T 2018-10-10 17:55:49:729 IECommandExecutor.cpp(583) Entering IECommandExecutor::GetManagedBrowser
T 2018-10-10 17:55:49:729 Browser.cpp(438) Entering Browser::Wait
D 2018-10-10 17:55:49:729 Browser.cpp(448) Navigate Events Completed.
T 2018-10-10 17:55:49:729 Browser.cpp(700) Entering Browser::GetActiveDialogWindowHandle
T 2018-10-10 17:55:49:729 Browser.cpp(206) Entering Browser::GetContentWindowHandle
D 2018-10-10 17:55:49:729 Browser.cpp(464) Browser busy property is true.
T 2018-10-10 17:55:49:730 IECommandExecutor.cpp(377) Entering IECommandExecutor::WaitThreadProc
T 2018-10-10 17:55:49:930 IECommandExecutor.cpp(172) Entering IECommandExecutor::OnWait
T 2018-10-10 17:55:49:930 IECommandExecutor.cpp(577) Entering IECommandExecutor::GetCurrentBrowser
T 2018-10-10 17:55:49:930 IECommandExecutor.cpp(583) Entering IECommandExecutor::GetManagedBrowser
T 2018-10-10 17:55:49:930 Browser.cpp(438) Entering Browser::Wait
D 2018-10-10 17:55:49:930 Browser.cpp(448) Navigate Events Completed.
T 2018-10-10 17:55:49:930 Browser.cpp(700) Entering Browser::GetActiveDialogWindowHandle
T 2018-10-10 17:55:49:930 Browser.cpp(206) Entering Browser::GetContentWindowHandle
D 2018-10-10 17:55:49:930 Browser.cpp(464) Browser busy property is true.
T 2018-10-10 17:55:49:932 IECommandExecutor.cpp(377) Entering IECommandExecutor::WaitThreadProc
T 2018-10-10 17:55:50:132 IECommandExecutor.cpp(172) Entering IECommandExecutor::OnWait
T 2018-10-10 17:55:50:132 IECommandExecutor.cpp(577) Entering IECommandExecutor::GetCurrentBrowser
T 2018-10-10 17:55:50:132 IECommandExecutor.cpp(583) Entering IECommandExecutor::GetManagedBrowser
T 2018-10-10 17:55:50:132 Browser.cpp(438) Entering Browser::Wait
D 2018-10-10 17:55:50:132 Browser.cpp(448) Navigate Events Completed.
T 2018-10-10 17:55:50:132 Browser.cpp(700) Entering Browser::GetActiveDialogWindowHandle
T 2018-10-10 17:55:50:132 Browser.cpp(206) Entering Browser::GetContentWindowHandle
D 2018-10-10 17:55:50:132 Browser.cpp(464) Browser busy property is true.
T 2018-10-10 17:55:50:157 IECommandExecutor.cpp(377) Entering IECommandExecutor::WaitThreadProc
T 2018-10-10 17:55:50:357 IECommandExecutor.cpp(172) Entering IECommandExecutor::OnWait
T 2018-10-10 17:55:50:357 IECommandExecutor.cpp(577) Entering IECommandExecutor::GetCurrentBrowser
T 2018-10-10 17:55:50:357 IECommandExecutor.cpp(583) Entering IECommandExecutor::GetManagedBrowser
T 2018-10-10 17:55:50:357 Browser.cpp(438) Entering Browser::Wait
D 2018-10-10 17:55:50:357 Browser.cpp(448) Navigate Events Completed.
T 2018-10-10 17:55:50:357 Browser.cpp(700) Entering Browser::GetActiveDialogWindowHandle
T 2018-10-10 17:55:50:357 Browser.cpp(206) Entering Browser::GetContentWindowHandle
D 2018-10-10 17:55:50:357 Browser.cpp(464) Browser busy property is true.
T 2018-10-10 17:55:50:358 IECommandExecutor.cpp(377) Entering IECommandExecutor::WaitThreadProc
T 2018-10-10 17:55:50:580 IECommandExecutor.cpp(172) Entering IECommandExecutor::OnWait
T 2018-10-10 17:55:50:580 IECommandExecutor.cpp(577) Entering IECommandExecutor::GetCurrentBrowser
T 2018-10-10 17:55:50:580 IECommandExecutor.cpp(583) Entering IECommandExecutor::GetManagedBrowser
T 2018-10-10 17:55:50:580 Browser.cpp(438) Entering Browser::Wait
D 2018-10-10 17:55:50:580 Browser.cpp(448) Navigate Events Completed.
T 2018-10-10 17:55:50:580 Browser.cpp(700) Entering Browser::GetActiveDialogWindowHandle
T 2018-10-10 17:55:50:580 Browser.cpp(206) Entering Browser::GetContentWindowHandle
D 2018-10-10 17:55:50:581 Browser.cpp(464) Browser busy property is true.
T 2018-10-10 17:55:50:582 IECommandExecutor.cpp(377) Entering IECommandExecutor::WaitThreadProc
T 2018-10-10 17:55:50:782 IECommandExecutor.cpp(172) Entering IECommandExecutor::OnWait
T 2018-10-10 17:55:50:782 IECommandExecutor.cpp(577) Entering IECommandExecutor::GetCurrentBrowser
T 2018-10-10 17:55:50:782 IECommandExecutor.cpp(583) Entering IECommandExecutor::GetManagedBrowser
T 2018-10-10 17:55:50:782 Browser.cpp(438) Entering Browser::Wait
D 2018-10-10 17:55:50:782 Browser.cpp(448) Navigate Events Completed.
T 2018-10-10 17:55:50:782 Browser.cpp(700) Entering Browser::GetActiveDialogWindowHandle
T 2018-10-10 17:55:50:782 Browser.cpp(206) Entering Browser::GetContentWindowHandle
D 2018-10-10 17:55:50:784 Browser.cpp(464) Browser busy property is true.
T 2018-10-10 17:55:50:788 IECommandExecutor.cpp(377) Entering IECommandExecutor::WaitThreadProc
T 2018-10-10 17:55:50:988 IECommandExecutor.cpp(172) Entering IECommandExecutor::OnWait
T 2018-10-10 17:55:50:988 IECommandExecutor.cpp(577) Entering IECommandExecutor::GetCurrentBrowser
T 2018-10-10 17:55:50:988 IECommandExecutor.cpp(583) Entering IECommandExecutor::GetManagedBrowser
T 2018-10-10 17:55:50:988 Browser.cpp(438) Entering Browser::Wait
D 2018-10-10 17:55:50:988 Browser.cpp(448) Navigate Events Completed.
T 2018-10-10 17:55:50:988 Browser.cpp(700) Entering Browser::GetActiveDialogWindowHandle
T 2018-10-10 17:55:50:988 Browser.cpp(206) Entering Browser::GetContentWindowHandle
D 2018-10-10 17:55:50:988 Browser.cpp(464) Browser busy property is true.
T 2018-10-10 17:55:50:990 IECommandExecutor.cpp(377) Entering IECommandExecutor::WaitThreadProc
T 2018-10-10 17:55:51:191 IECommandExecutor.cpp(172) Entering IECommandExecutor::OnWait
T 2018-10-10 17:55:51:191 IECommandExecutor.cpp(577) Entering IECommandExecutor::GetCurrentBrowser
T 2018-10-10 17:55:51:191 IECommandExecutor.cpp(583) Entering IECommandExecutor::GetManagedBrowser
T 2018-10-10 17:55:51:191 Browser.cpp(438) Entering Browser::Wait
D 2018-10-10 17:55:51:191 Browser.cpp(448) Navigate Events Completed.
T 2018-10-10 17:55:51:191 Browser.cpp(700) Entering Browser::GetActiveDialogWindowHandle
T 2018-10-10 17:55:51:191 Browser.cpp(206) Entering Browser::GetContentWindowHandle
D 2018-10-10 17:55:51:191 Browser.cpp(464) Browser busy property is true.
T 2018-10-10 17:55:51:193 IECommandExecutor.cpp(377) Entering IECommandExecutor::WaitThreadProc
T 2018-10-10 17:55:51:399 IECommandExecutor.cpp(172) Entering IECommandExecutor::OnWait
T 2018-10-10 17:55:51:399 IECommandExecutor.cpp(577) Entering IECommandExecutor::GetCurrentBrowser
T 2018-10-10 17:55:51:399 IECommandExecutor.cpp(583) Entering IECommandExecutor::GetManagedBrowser
T 2018-10-10 17:55:51:399 Browser.cpp(438) Entering Browser::Wait
D 2018-10-10 17:55:51:399 Browser.cpp(448) Navigate Events Completed.
T 2018-10-10 17:55:51:399 Browser.cpp(700) Entering Browser::GetActiveDialogWindowHandle
T 2018-10-10 17:55:51:399 Browser.cpp(206) Entering Browser::GetContentWindowHandle
D 2018-10-10 17:55:51:404 Browser.cpp(464) Browser busy property is true.
T 2018-10-10 17:55:51:481 IECommandExecutor.cpp(377) Entering IECommandExecutor::WaitThreadProc
T 2018-10-10 17:55:51:681 IECommandExecutor.cpp(172) Entering IECommandExecutor::OnWait
T 2018-10-10 17:55:51:681 IECommandExecutor.cpp(577) Entering IECommandExecutor::GetCurrentBrowser
T 2018-10-10 17:55:51:681 IECommandExecutor.cpp(583) Entering IECommandExecutor::GetManagedBrowser
T 2018-10-10 17:55:51:681 Browser.cpp(438) Entering Browser::Wait
D 2018-10-10 17:55:51:681 Browser.cpp(448) Navigate Events Completed.
T 2018-10-10 17:55:51:681 Browser.cpp(700) Entering Browser::GetActiveDialogWindowHandle
T 2018-10-10 17:55:51:681 Browser.cpp(206) Entering Browser::GetContentWindowHandle
D 2018-10-10 17:55:51:681 Browser.cpp(464) Browser busy property is true.
T 2018-10-10 17:55:51:682 IECommandExecutor.cpp(377) Entering IECommandExecutor::WaitThreadProc
T 2018-10-10 17:55:51:882 IECommandExecutor.cpp(172) Entering IECommandExecutor::OnWait
T 2018-10-10 17:55:51:882 IECommandExecutor.cpp(577) Entering IECommandExecutor::GetCurrentBrowser
T 2018-10-10 17:55:51:882 IECommandExecutor.cpp(583) Entering IECommandExecutor::GetManagedBrowser
T 2018-10-10 17:55:51:882 Browser.cpp(438) Entering Browser::Wait
D 2018-10-10 17:55:51:882 Browser.cpp(448) Navigate Events Completed.
T 2018-10-10 17:55:51:882 Browser.cpp(700) Entering Browser::GetActiveDialogWindowHandle
T 2018-10-10 17:55:51:882 Browser.cpp(206) Entering Browser::GetContentWindowHandle
D 2018-10-10 17:55:51:883 Browser.cpp(464) Browser busy property is true.
T 2018-10-10 17:55:51:884 IECommandExecutor.cpp(377) Entering IECommandExecutor::WaitThreadProc
T 2018-10-10 17:55:52:084 IECommandExecutor.cpp(172) Entering IECommandExecutor::OnWait
T 2018-10-10 17:55:52:084 IECommandExecutor.cpp(577) Entering IECommandExecutor::GetCurrentBrowser
T 2018-10-10 17:55:52:084 IECommandExecutor.cpp(583) Entering IECommandExecutor::GetManagedBrowser
T 2018-10-10 17:55:52:084 Browser.cpp(438) Entering Browser::Wait
D 2018-10-10 17:55:52:084 Browser.cpp(448) Navigate Events Completed.
T 2018-10-10 17:55:52:084 Browser.cpp(700) Entering Browser::GetActiveDialogWindowHandle
T 2018-10-10 17:55:52:084 Browser.cpp(206) Entering Browser::GetContentWindowHandle
D 2018-10-10 17:55:52:084 Browser.cpp(464) Browser busy property is true.
T 2018-10-10 17:55:52:085 IECommandExecutor.cpp(377) Entering IECommandExecutor::WaitThreadProc
T 2018-10-10 17:55:52:285 IECommandExecutor.cpp(172) Entering IECommandExecutor::OnWait
T 2018-10-10 17:55:52:285 IECommandExecutor.cpp(577) Entering IECommandExecutor::GetCurrentBrowser
T 2018-10-10 17:55:52:285 IECommandExecutor.cpp(583) Entering IECommandExecutor::GetManagedBrowser
T 2018-10-10 17:55:52:285 Browser.cpp(438) Entering Browser::Wait
D 2018-10-10 17:55:52:285 Browser.cpp(448) Navigate Events Completed.
T 2018-10-10 17:55:52:285 Browser.cpp(700) Entering Browser::GetActiveDialogWindowHandle
T 2018-10-10 17:55:52:285 Browser.cpp(206) Entering Browser::GetContentWindowHandle
D 2018-10-10 17:55:52:285 Browser.cpp(464) Browser busy property is true.
T 2018-10-10 17:55:52:286 IECommandExecutor.cpp(377) Entering IECommandExecutor::WaitThreadProc
T 2018-10-10 17:55:52:486 IECommandExecutor.cpp(172) Entering IECommandExecutor::OnWait
T 2018-10-10 17:55:52:486 IECommandExecutor.cpp(577) Entering IECommandExecutor::GetCurrentBrowser
T 2018-10-10 17:55:52:486 IECommandExecutor.cpp(583) Entering IECommandExecutor::GetManagedBrowser
T 2018-10-10 17:55:52:486 Browser.cpp(438) Entering Browser::Wait
D 2018-10-10 17:55:52:486 Browser.cpp(448) Navigate Events Completed.
T 2018-10-10 17:55:52:486 Browser.cpp(700) Entering Browser::GetActiveDialogWindowHandle
T 2018-10-10 17:55:52:486 Browser.cpp(206) Entering Browser::GetContentWindowHandle
D 2018-10-10 17:55:52:486 Browser.cpp(464) Browser busy property is true.
T 2018-10-10 17:55:52:487 IECommandExecutor.cpp(377) Entering IECommandExecutor::WaitThreadProc
T 2018-10-10 17:55:52:696 IECommandExecutor.cpp(172) Entering IECommandExecutor::OnWait
T 2018-10-10 17:55:52:696 IECommandExecutor.cpp(577) Entering IECommandExecutor::GetCurrentBrowser
T 2018-10-10 17:55:52:696 IECommandExecutor.cpp(583) Entering IECommandExecutor::GetManagedBrowser
T 2018-10-10 17:55:52:696 Browser.cpp(438) Entering Browser::Wait
D 2018-10-10 17:55:52:696 Browser.cpp(448) Navigate Events Completed.
T 2018-10-10 17:55:52:696 Browser.cpp(700) Entering Browser::GetActiveDialogWindowHandle
T 2018-10-10 17:55:52:696 Browser.cpp(206) Entering Browser::GetContentWindowHandle
D 2018-10-10 17:55:52:696 Browser.cpp(464) Browser busy property is true.
T 2018-10-10 17:55:52:696 IECommandExecutor.cpp(377) Entering IECommandExecutor::WaitThreadProc
T 2018-10-10 17:55:52:898 IECommandExecutor.cpp(172) Entering IECommandExecutor::OnWait
T 2018-10-10 17:55:52:898 IECommandExecutor.cpp(577) Entering IECommandExecutor::GetCurrentBrowser
T 2018-10-10 17:55:52:898 IECommandExecutor.cpp(583) Entering IECommandExecutor::GetManagedBrowser
T 2018-10-10 17:55:52:898 Browser.cpp(438) Entering Browser::Wait
D 2018-10-10 17:55:52:898 Browser.cpp(448) Navigate Events Completed.
T 2018-10-10 17:55:52:898 Browser.cpp(700) Entering Browser::GetActiveDialogWindowHandle
T 2018-10-10 17:55:52:898 Browser.cpp(206) Entering Browser::GetContentWindowHandle
D 2018-10-10 17:55:52:898 Browser.cpp(464) Browser busy property is true.
T 2018-10-10 17:55:52:898 IECommandExecutor.cpp(377) Entering IECommandExecutor::WaitThreadProc
T 2018-10-10 17:55:53:098 IECommandExecutor.cpp(172) Entering IECommandExecutor::OnWait
T 2018-10-10 17:55:53:098 IECommandExecutor.cpp(577) Entering IECommandExecutor::GetCurrentBrowser
T 2018-10-10 17:55:53:098 IECommandExecutor.cpp(583) Entering IECommandExecutor::GetManagedBrowser
T 2018-10-10 17:55:53:098 Browser.cpp(438) Entering Browser::Wait
D 2018-10-10 17:55:53:098 Browser.cpp(448) Navigate Events Completed.
T 2018-10-10 17:55:53:098 Browser.cpp(700) Entering Browser::GetActiveDialogWindowHandle
T 2018-10-10 17:55:53:098 Browser.cpp(206) Entering Browser::GetContentWindowHandle
D 2018-10-10 17:55:53:098 Browser.cpp(464) Browser busy property is true.
T 2018-10-10 17:55:53:098 IECommandExecutor.cpp(377) Entering IECommandExecutor::WaitThreadProc
T 2018-10-10 17:55:53:298 IECommandExecutor.cpp(172) Entering IECommandExecutor::OnWait
T 2018-10-10 17:55:53:298 IECommandExecutor.cpp(577) Entering IECommandExecutor::GetCurrentBrowser
T 2018-10-10 17:55:53:298 IECommandExecutor.cpp(583) Entering IECommandExecutor::GetManagedBrowser
T 2018-10-10 17:55:53:298 Browser.cpp(438) Entering Browser::Wait
D 2018-10-10 17:55:53:298 Browser.cpp(448) Navigate Events Completed.
T 2018-10-10 17:55:53:298 Browser.cpp(700) Entering Browser::GetActiveDialogWindowHandle
T 2018-10-10 17:55:53:298 Browser.cpp(206) Entering Browser::GetContentWindowHandle
D 2018-10-10 17:55:53:298 Browser.cpp(464) Browser busy property is true.
T 2018-10-10 17:55:53:298 IECommandExecutor.cpp(377) Entering IECommandExecutor::WaitThreadProc
T 2018-10-10 17:55:53:499 IECommandExecutor.cpp(172) Entering IECommandExecutor::OnWait
T 2018-10-10 17:55:53:499 IECommandExecutor.cpp(577) Entering IECommandExecutor::GetCurrentBrowser
T 2018-10-10 17:55:53:499 IECommandExecutor.cpp(583) Entering IECommandExecutor::GetManagedBrowser
T 2018-10-10 17:55:53:499 Browser.cpp(438) Entering Browser::Wait
D 2018-10-10 17:55:53:499 Browser.cpp(448) Navigate Events Completed.
T 2018-10-10 17:55:53:499 Browser.cpp(700) Entering Browser::GetActiveDialogWindowHandle
T 2018-10-10 17:55:53:499 Browser.cpp(206) Entering Browser::GetContentWindowHandle
D 2018-10-10 17:55:53:499 Browser.cpp(464) Browser busy property is true.
T 2018-10-10 17:55:53:499 IECommandExecutor.cpp(377) Entering IECommandExecutor::WaitThreadProc
T 2018-10-10 17:55:53:699 IECommandExecutor.cpp(172) Entering IECommandExecutor::OnWait
T 2018-10-10 17:55:53:699 IECommandExecutor.cpp(577) Entering IECommandExecutor::GetCurrentBrowser
T 2018-10-10 17:55:53:699 IECommandExecutor.cpp(583) Entering IECommandExecutor::GetManagedBrowser
T 2018-10-10 17:55:53:699 Browser.cpp(438) Entering Browser::Wait
D 2018-10-10 17:55:53:699 Browser.cpp(448) Navigate Events Completed.
T 2018-10-10 17:55:53:699 Browser.cpp(700) Entering Browser::GetActiveDialogWindowHandle
T 2018-10-10 17:55:53:699 Browser.cpp(206) Entering Browser::GetContentWindowHandle
D 2018-10-10 17:55:53:699 Browser.cpp(464) Browser busy property is true.
T 2018-10-10 17:55:53:699 IECommandExecutor.cpp(377) Entering IECommandExecutor::WaitThreadProc
T 2018-10-10 17:55:53:899 IECommandExecutor.cpp(172) Entering IECommandExecutor::OnWait
T 2018-10-10 17:55:53:899 IECommandExecutor.cpp(577) Entering IECommandExecutor::GetCurrentBrowser
T 2018-10-10 17:55:53:899 IECommandExecutor.cpp(583) Entering IECommandExecutor::GetManagedBrowser
T 2018-10-10 17:55:53:899 Browser.cpp(438) Entering Browser::Wait
D 2018-10-10 17:55:53:899 Browser.cpp(448) Navigate Events Completed.
T 2018-10-10 17:55:53:899 Browser.cpp(700) Entering Browser::GetActiveDialogWindowHandle
T 2018-10-10 17:55:53:899 Browser.cpp(206) Entering Browser::GetContentWindowHandle
D 2018-10-10 17:55:53:899 Browser.cpp(464) Browser busy property is true.
T 2018-10-10 17:55:53:899 IECommandExecutor.cpp(377) Entering IECommandExecutor::WaitThreadProc
T 2018-10-10 17:55:54:099 IECommandExecutor.cpp(172) Entering IECommandExecutor::OnWait
T 2018-10-10 17:55:54:099 IECommandExecutor.cpp(577) Entering IECommandExecutor::GetCurrentBrowser
T 2018-10-10 17:55:54:099 IECommandExecutor.cpp(583) Entering IECommandExecutor::GetManagedBrowser
T 2018-10-10 17:55:54:099 Browser.cpp(438) Entering Browser::Wait
D 2018-10-10 17:55:54:099 Browser.cpp(448) Navigate Events Completed.
T 2018-10-10 17:55:54:099 Browser.cpp(700) Entering Browser::GetActiveDialogWindowHandle
T 2018-10-10 17:55:54:099 Browser.cpp(206) Entering Browser::GetContentWindowHandle
D 2018-10-10 17:55:54:099 Browser.cpp(464) Browser busy property is true.
T 2018-10-10 17:55:54:099 IECommandExecutor.cpp(377) Entering IECommandExecutor::WaitThreadProc
T 2018-10-10 17:55:54:299 IECommandExecutor.cpp(172) Entering IECommandExecutor::OnWait
T 2018-10-10 17:55:54:299 IECommandExecutor.cpp(577) Entering IECommandExecutor::GetCurrentBrowser
T 2018-10-10 17:55:54:299 IECommandExecutor.cpp(583) Entering IECommandExecutor::GetManagedBrowser
T 2018-10-10 17:55:54:299 Browser.cpp(438) Entering Browser::Wait
D 2018-10-10 17:55:54:299 Browser.cpp(448) Navigate Events Completed.
T 2018-10-10 17:55:54:299 Browser.cpp(700) Entering Browser::GetActiveDialogWindowHandle
T 2018-10-10 17:55:54:299 Browser.cpp(206) Entering Browser::GetContentWindowHandle
D 2018-10-10 17:55:54:299 Browser.cpp(464) Browser busy property is true.
T 2018-10-10 17:55:54:299 IECommandExecutor.cpp(377) Entering IECommandExecutor::WaitThreadProc
T 2018-10-10 17:55:54:501 IECommandExecutor.cpp(172) Entering IECommandExecutor::OnWait
T 2018-10-10 17:55:54:501 IECommandExecutor.cpp(577) Entering IECommandExecutor::GetCurrentBrowser
T 2018-10-10 17:55:54:501 IECommandExecutor.cpp(583) Entering IECommandExecutor::GetManagedBrowser
T 2018-10-10 17:55:54:501 Browser.cpp(438) Entering Browser::Wait
D 2018-10-10 17:55:54:501 Browser.cpp(448) Navigate Events Completed.
T 2018-10-10 17:55:54:501 Browser.cpp(700) Entering Browser::GetActiveDialogWindowHandle
T 2018-10-10 17:55:54:501 Browser.cpp(206) Entering Browser::GetContentWindowHandle
D 2018-10-10 17:55:54:501 Browser.cpp(464) Browser busy property is true.
T 2018-10-10 17:55:54:501 IECommandExecutor.cpp(377) Entering IECommandExecutor::WaitThreadProc
T 2018-10-10 17:55:54:701 IECommandExecutor.cpp(172) Entering IECommandExecutor::OnWait
T 2018-10-10 17:55:54:701 IECommandExecutor.cpp(577) Entering IECommandExecutor::GetCurrentBrowser
T 2018-10-10 17:55:54:701 IECommandExecutor.cpp(583) Entering IECommandExecutor::GetManagedBrowser
T 2018-10-10 17:55:54:701 Browser.cpp(438) Entering Browser::Wait
D 2018-10-10 17:55:54:701 Browser.cpp(448) Navigate Events Completed.
T 2018-10-10 17:55:54:701 Browser.cpp(700) Entering Browser::GetActiveDialogWindowHandle
T 2018-10-10 17:55:54:701 Browser.cpp(206) Entering Browser::GetContentWindowHandle
D 2018-10-10 17:55:54:701 Browser.cpp(464) Browser busy property is true.
T 2018-10-10 17:55:54:701 IECommandExecutor.cpp(377) Entering IECommandExecutor::WaitThreadProc
T 2018-10-10 17:55:54:901 IECommandExecutor.cpp(172) Entering IECommandExecutor::OnWait
T 2018-10-10 17:55:54:901 IECommandExecutor.cpp(577) Entering IECommandExecutor::GetCurrentBrowser
T 2018-10-10 17:55:54:901 IECommandExecutor.cpp(583) Entering IECommandExecutor::GetManagedBrowser
T 2018-10-10 17:55:54:901 Browser.cpp(438) Entering Browser::Wait
D 2018-10-10 17:55:54:901 Browser.cpp(448) Navigate Events Completed.
T 2018-10-10 17:55:54:901 Browser.cpp(700) Entering Browser::GetActiveDialogWindowHandle
T 2018-10-10 17:55:54:901 Browser.cpp(206) Entering Browser::GetContentWindowHandle
D 2018-10-10 17:55:54:901 Browser.cpp(464) Browser busy property is true.
T 2018-10-10 17:55:54:901 IECommandExecutor.cpp(377) Entering IECommandExecutor::WaitThreadProc
T 2018-10-10 17:55:55:101 IECommandExecutor.cpp(172) Entering IECommandExecutor::OnWait
T 2018-10-10 17:55:55:101 IECommandExecutor.cpp(577) Entering IECommandExecutor::GetCurrentBrowser
T 2018-10-10 17:55:55:101 IECommandExecutor.cpp(583) Entering IECommandExecutor::GetManagedBrowser
T 2018-10-10 17:55:55:101 Browser.cpp(438) Entering Browser::Wait
D 2018-10-10 17:55:55:101 Browser.cpp(448) Navigate Events Completed.
T 2018-10-10 17:55:55:101 Browser.cpp(700) Entering Browser::GetActiveDialogWindowHandle
T 2018-10-10 17:55:55:101 Browser.cpp(206) Entering Browser::GetContentWindowHandle
D 2018-10-10 17:55:55:101 Browser.cpp(464) Browser busy property is true.
T 2018-10-10 17:55:55:101 IECommandExecutor.cpp(377) Entering IECommandExecutor::WaitThreadProc
T 2018-10-10 17:55:55:301 IECommandExecutor.cpp(172) Entering IECommandExecutor::OnWait
T 2018-10-10 17:55:55:301 IECommandExecutor.cpp(577) Entering IECommandExecutor::GetCurrentBrowser
T 2018-10-10 17:55:55:301 IECommandExecutor.cpp(583) Entering IECommandExecutor::GetManagedBrowser
T 2018-10-10 17:55:55:301 Browser.cpp(438) Entering Browser::Wait
D 2018-10-10 17:55:55:301 Browser.cpp(448) Navigate Events Completed.
T 2018-10-10 17:55:55:301 Browser.cpp(700) Entering Browser::GetActiveDialogWindowHandle
T 2018-10-10 17:55:55:301 Browser.cpp(206) Entering Browser::GetContentWindowHandle
D 2018-10-10 17:55:55:301 Browser.cpp(464) Browser busy property is true.
T 2018-10-10 17:55:55:301 IECommandExecutor.cpp(377) Entering IECommandExecutor::WaitThreadProc
T 2018-10-10 17:55:55:503 IECommandExecutor.cpp(172) Entering IECommandExecutor::OnWait
T 2018-10-10 17:55:55:503 IECommandExecutor.cpp(577) Entering IECommandExecutor::GetCurrentBrowser
T 2018-10-10 17:55:55:503 IECommandExecutor.cpp(583) Entering IECommandExecutor::GetManagedBrowser
T 2018-10-10 17:55:55:503 Browser.cpp(438) Entering Browser::Wait
D 2018-10-10 17:55:55:503 Browser.cpp(448) Navigate Events Completed.
T 2018-10-10 17:55:55:503 Browser.cpp(700) Entering Browser::GetActiveDialogWindowHandle
T 2018-10-10 17:55:55:503 Browser.cpp(206) Entering Browser::GetContentWindowHandle
D 2018-10-10 17:55:55:503 Browser.cpp(464) Browser busy property is true.
T 2018-10-10 17:55:55:503 IECommandExecutor.cpp(377) Entering IECommandExecutor::WaitThreadProc
T 2018-10-10 17:55:55:703 IECommandExecutor.cpp(172) Entering IECommandExecutor::OnWait
T 2018-10-10 17:55:55:703 IECommandExecutor.cpp(577) Entering IECommandExecutor::GetCurrentBrowser
T 2018-10-10 17:55:55:703 IECommandExecutor.cpp(583) Entering IECommandExecutor::GetManagedBrowser
T 2018-10-10 17:55:55:703 Browser.cpp(438) Entering Browser::Wait
D 2018-10-10 17:55:55:703 Browser.cpp(448) Navigate Events Completed.
T 2018-10-10 17:55:55:703 Browser.cpp(700) Entering Browser::GetActiveDialogWindowHandle
T 2018-10-10 17:55:55:703 Browser.cpp(206) Entering Browser::GetContentWindowHandle
D 2018-10-10 17:55:55:703 Browser.cpp(464) Browser busy property is true.
T 2018-10-10 17:55:55:703 IECommandExecutor.cpp(377) Entering IECommandExecutor::WaitThreadProc
T 2018-10-10 17:55:55:903 IECommandExecutor.cpp(172) Entering IECommandExecutor::OnWait
T 2018-10-10 17:55:55:903 IECommandExecutor.cpp(577) Entering IECommandExecutor::GetCurrentBrowser
T 2018-10-10 17:55:55:903 IECommandExecutor.cpp(583) Entering IECommandExecutor::GetManagedBrowser
T 2018-10-10 17:55:55:903 Browser.cpp(438) Entering Browser::Wait
D 2018-10-10 17:55:55:903 Browser.cpp(448) Navigate Events Completed.
T 2018-10-10 17:55:55:903 Browser.cpp(700) Entering Browser::GetActiveDialogWindowHandle
T 2018-10-10 17:55:55:903 Browser.cpp(206) Entering Browser::GetContentWindowHandle
D 2018-10-10 17:55:55:903 Browser.cpp(464) Browser busy property is true.
T 2018-10-10 17:55:55:903 IECommandExecutor.cpp(377) Entering IECommandExecutor::WaitThreadProc
T 2018-10-10 17:55:56:103 IECommandExecutor.cpp(172) Entering IECommandExecutor::OnWait
T 2018-10-10 17:55:56:103 IECommandExecutor.cpp(577) Entering IECommandExecutor::GetCurrentBrowser
T 2018-10-10 17:55:56:103 IECommandExecutor.cpp(583) Entering IECommandExecutor::GetManagedBrowser
T 2018-10-10 17:55:56:103 Browser.cpp(438) Entering Browser::Wait
D 2018-10-10 17:55:56:103 Browser.cpp(448) Navigate Events Completed.
T 2018-10-10 17:55:56:103 Browser.cpp(700) Entering Browser::GetActiveDialogWindowHandle
T 2018-10-10 17:55:56:103 Browser.cpp(206) Entering Browser::GetContentWindowHandle
D 2018-10-10 17:55:56:103 Browser.cpp(464) Browser busy property is true.
T 2018-10-10 17:55:56:103 IECommandExecutor.cpp(377) Entering IECommandExecutor::WaitThreadProc
T 2018-10-10 17:55:56:303 IECommandExecutor.cpp(172) Entering IECommandExecutor::OnWait
T 2018-10-10 17:55:56:303 IECommandExecutor.cpp(577) Entering IECommandExecutor::GetCurrentBrowser
T 2018-10-10 17:55:56:303 IECommandExecutor.cpp(583) Entering IECommandExecutor::GetManagedBrowser
T 2018-10-10 17:55:56:303 Browser.cpp(438) Entering Browser::Wait
D 2018-10-10 17:55:56:303 Browser.cpp(448) Navigate Events Completed.
T 2018-10-10 17:55:56:303 Browser.cpp(700) Entering Browser::GetActiveDialogWindowHandle
T 2018-10-10 17:55:56:303 Browser.cpp(206) Entering Browser::GetContentWindowHandle
D 2018-10-10 17:55:56:303 Browser.cpp(464) Browser busy property is true.
T 2018-10-10 17:55:56:303 IECommandExecutor.cpp(377) Entering IECommandExecutor::WaitThreadProc
T 2018-10-10 17:55:56:507 IECommandExecutor.cpp(172) Entering IECommandExecutor::OnWait
T 2018-10-10 17:55:56:507 IECommandExecutor.cpp(577) Entering IECommandExecutor::GetCurrentBrowser
T 2018-10-10 17:55:56:507 IECommandExecutor.cpp(583) Entering IECommandExecutor::GetManagedBrowser
T 2018-10-10 17:55:56:507 Browser.cpp(438) Entering Browser::Wait
D 2018-10-10 17:55:56:507 Browser.cpp(448) Navigate Events Completed.
T 2018-10-10 17:55:56:507 Browser.cpp(700) Entering Browser::GetActiveDialogWindowHandle
T 2018-10-10 17:55:56:507 Browser.cpp(206) Entering Browser::GetContentWindowHandle
D 2018-10-10 17:55:56:507 Browser.cpp(464) Browser busy property is true.
T 2018-10-10 17:55:56:507 IECommandExecutor.cpp(377) Entering IECommandExecutor::WaitThreadProc
T 2018-10-10 17:55:56:707 IECommandExecutor.cpp(172) Entering IECommandExecutor::OnWait
T 2018-10-10 17:55:56:707 IECommandExecutor.cpp(577) Entering IECommandExecutor::GetCurrentBrowser
T 2018-10-10 17:55:56:707 IECommandExecutor.cpp(583) Entering IECommandExecutor::GetManagedBrowser
T 2018-10-10 17:55:56:707 Browser.cpp(438) Entering Browser::Wait
D 2018-10-10 17:55:56:707 Browser.cpp(448) Navigate Events Completed.
T 2018-10-10 17:55:56:707 Browser.cpp(700) Entering Browser::GetActiveDialogWindowHandle
T 2018-10-10 17:55:56:707 Browser.cpp(206) Entering Browser::GetContentWindowHandle
D 2018-10-10 17:55:56:707 Browser.cpp(464) Browser busy property is true.
T 2018-10-10 17:55:56:707 IECommandExecutor.cpp(377) Entering IECommandExecutor::WaitThreadProc
T 2018-10-10 17:55:56:907 IECommandExecutor.cpp(172) Entering IECommandExecutor::OnWait
T 2018-10-10 17:55:56:907 IECommandExecutor.cpp(577) Entering IECommandExecutor::GetCurrentBrowser
T 2018-10-10 17:55:56:907 IECommandExecutor.cpp(583) Entering IECommandExecutor::GetManagedBrowser
T 2018-10-10 17:55:56:907 Browser.cpp(438) Entering Browser::Wait
D 2018-10-10 17:55:56:907 Browser.cpp(448) Navigate Events Completed.
T 2018-10-10 17:55:56:907 Browser.cpp(700) Entering Browser::GetActiveDialogWindowHandle
T 2018-10-10 17:55:56:907 Browser.cpp(206) Entering Browser::GetContentWindowHandle
D 2018-10-10 17:55:56:907 Browser.cpp(464) Browser busy property is true.
T 2018-10-10 17:55:56:907 IECommandExecutor.cpp(377) Entering IECommandExecutor::WaitThreadProc
T 2018-10-10 17:55:57:107 IECommandExecutor.cpp(172) Entering IECommandExecutor::OnWait
T 2018-10-10 17:55:57:107 IECommandExecutor.cpp(577) Entering IECommandExecutor::GetCurrentBrowser
T 2018-10-10 17:55:57:107 IECommandExecutor.cpp(583) Entering IECommandExecutor::GetManagedBrowser
T 2018-10-10 17:55:57:107 Browser.cpp(438) Entering Browser::Wait
D 2018-10-10 17:55:57:107 Browser.cpp(448) Navigate Events Completed.
T 2018-10-10 17:55:57:107 Browser.cpp(700) Entering Browser::GetActiveDialogWindowHandle
T 2018-10-10 17:55:57:107 Browser.cpp(206) Entering Browser::GetContentWindowHandle
D 2018-10-10 17:55:57:107 Browser.cpp(464) Browser busy property is true.
T 2018-10-10 17:55:57:107 IECommandExecutor.cpp(377) Entering IECommandExecutor::WaitThreadProc
T 2018-10-10 17:55:57:307 IECommandExecutor.cpp(172) Entering IECommandExecutor::OnWait
T 2018-10-10 17:55:57:307 IECommandExecutor.cpp(577) Entering IECommandExecutor::GetCurrentBrowser
T 2018-10-10 17:55:57:307 IECommandExecutor.cpp(583) Entering IECommandExecutor::GetManagedBrowser
T 2018-10-10 17:55:57:307 Browser.cpp(438) Entering Browser::Wait
D 2018-10-10 17:55:57:307 Browser.cpp(448) Navigate Events Completed.
T 2018-10-10 17:55:57:307 Browser.cpp(700) Entering Browser::GetActiveDialogWindowHandle
T 2018-10-10 17:55:57:307 Browser.cpp(206) Entering Browser::GetContentWindowHandle
D 2018-10-10 17:55:57:307 Browser.cpp(464) Browser busy property is true.
T 2018-10-10 17:55:57:307 IECommandExecutor.cpp(377) Entering IECommandExecutor::WaitThreadProc
T 2018-10-10 17:55:57:510 IECommandExecutor.cpp(172) Entering IECommandExecutor::OnWait
T 2018-10-10 17:55:57:510 IECommandExecutor.cpp(577) Entering IECommandExecutor::GetCurrentBrowser
T 2018-10-10 17:55:57:510 IECommandExecutor.cpp(583) Entering IECommandExecutor::GetManagedBrowser
T 2018-10-10 17:55:57:510 Browser.cpp(438) Entering Browser::Wait
D 2018-10-10 17:55:57:510 Browser.cpp(448) Navigate Events Completed.
T 2018-10-10 17:55:57:510 Browser.cpp(700) Entering Browser::GetActiveDialogWindowHandle
T 2018-10-10 17:55:57:510 Browser.cpp(206) Entering Browser::GetContentWindowHandle
D 2018-10-10 17:55:57:510 Browser.cpp(464) Browser busy property is true.
T 2018-10-10 17:55:57:510 IECommandExecutor.cpp(377) Entering IECommandExecutor::WaitThreadProc
T 2018-10-10 17:55:57:710 IECommandExecutor.cpp(172) Entering IECommandExecutor::OnWait
T 2018-10-10 17:55:57:710 IECommandExecutor.cpp(577) Entering IECommandExecutor::GetCurrentBrowser
T 2018-10-10 17:55:57:710 IECommandExecutor.cpp(583) Entering IECommandExecutor::GetManagedBrowser
T 2018-10-10 17:55:57:710 Browser.cpp(438) Entering Browser::Wait
D 2018-10-10 17:55:57:710 Browser.cpp(448) Navigate Events Completed.
T 2018-10-10 17:55:57:710 Browser.cpp(700) Entering Browser::GetActiveDialogWindowHandle
T 2018-10-10 17:55:57:710 Browser.cpp(206) Entering Browser::GetContentWindowHandle
D 2018-10-10 17:55:57:710 Browser.cpp(464) Browser busy property is true.
T 2018-10-10 17:55:57:710 IECommandExecutor.cpp(377) Entering IECommandExecutor::WaitThreadProc
T 2018-10-10 17:55:57:910 IECommandExecutor.cpp(172) Entering IECommandExecutor::OnWait
T 2018-10-10 17:55:57:910 IECommandExecutor.cpp(577) Entering IECommandExecutor::GetCurrentBrowser
T 2018-10-10 17:55:57:910 IECommandExecutor.cpp(583) Entering IECommandExecutor::GetManagedBrowser
T 2018-10-10 17:55:57:910 Browser.cpp(438) Entering Browser::Wait
D 2018-10-10 17:55:57:910 Browser.cpp(448) Navigate Events Completed.
T 2018-10-10 17:55:57:910 Browser.cpp(700) Entering Browser::GetActiveDialogWindowHandle
T 2018-10-10 17:55:57:910 Browser.cpp(206) Entering Browser::GetContentWindowHandle
D 2018-10-10 17:55:57:910 Browser.cpp(464) Browser busy property is true.
T 2018-10-10 17:55:57:910 IECommandExecutor.cpp(377) Entering IECommandExecutor::WaitThreadProc
T 2018-10-10 17:55:58:110 IECommandExecutor.cpp(172) Entering IECommandExecutor::OnWait
T 2018-10-10 17:55:58:110 IECommandExecutor.cpp(577) Entering IECommandExecutor::GetCurrentBrowser
T 2018-10-10 17:55:58:110 IECommandExecutor.cpp(583) Entering IECommandExecutor::GetManagedBrowser
T 2018-10-10 17:55:58:110 Browser.cpp(438) Entering Browser::Wait
D 2018-10-10 17:55:58:110 Browser.cpp(448) Navigate Events Completed.
T 2018-10-10 17:55:58:110 Browser.cpp(700) Entering Browser::GetActiveDialogWindowHandle
T 2018-10-10 17:55:58:110 Browser.cpp(206) Entering Browser::GetContentWindowHandle
D 2018-10-10 17:55:58:110 Browser.cpp(464) Browser busy property is true.
T 2018-10-10 17:55:58:110 IECommandExecutor.cpp(377) Entering IECommandExecutor::WaitThreadProc
T 2018-10-10 17:55:58:310 IECommandExecutor.cpp(172) Entering IECommandExecutor::OnWait
T 2018-10-10 17:55:58:310 IECommandExecutor.cpp(577) Entering IECommandExecutor::GetCurrentBrowser
T 2018-10-10 17:55:58:310 IECommandExecutor.cpp(583) Entering IECommandExecutor::GetManagedBrowser
T 2018-10-10 17:55:58:310 Browser.cpp(438) Entering Browser::Wait
D 2018-10-10 17:55:58:310 Browser.cpp(448) Navigate Events Completed.
T 2018-10-10 17:55:58:310 Browser.cpp(700) Entering Browser::GetActiveDialogWindowHandle
T 2018-10-10 17:55:58:310 Browser.cpp(206) Entering Browser::GetContentWindowHandle
D 2018-10-10 17:55:58:310 Browser.cpp(464) Browser busy property is true.
T 2018-10-10 17:55:58:310 IECommandExecutor.cpp(377) Entering IECommandExecutor::WaitThreadProc
T 2018-10-10 17:55:58:519 IECommandExecutor.cpp(172) Entering IECommandExecutor::OnWait
T 2018-10-10 17:55:58:519 IECommandExecutor.cpp(577) Entering IECommandExecutor::GetCurrentBrowser
T 2018-10-10 17:55:58:519 IECommandExecutor.cpp(583) Entering IECommandExecutor::GetManagedBrowser
T 2018-10-10 17:55:58:519 Browser.cpp(438) Entering Browser::Wait
D 2018-10-10 17:55:58:519 Browser.cpp(448) Navigate Events Completed.
T 2018-10-10 17:55:58:519 Browser.cpp(700) Entering Browser::GetActiveDialogWindowHandle
T 2018-10-10 17:55:58:519 Browser.cpp(206) Entering Browser::GetContentWindowHandle
D 2018-10-10 17:55:58:519 Browser.cpp(464) Browser busy property is true.
T 2018-10-10 17:55:58:519 IECommandExecutor.cpp(377) Entering IECommandExecutor::WaitThreadProc
T 2018-10-10 17:55:58:719 IECommandExecutor.cpp(172) Entering IECommandExecutor::OnWait
T 2018-10-10 17:55:58:719 IECommandExecutor.cpp(577) Entering IECommandExecutor::GetCurrentBrowser
T 2018-10-10 17:55:58:719 IECommandExecutor.cpp(583) Entering IECommandExecutor::GetManagedBrowser
T 2018-10-10 17:55:58:719 Browser.cpp(438) Entering Browser::Wait
D 2018-10-10 17:55:58:719 Browser.cpp(448) Navigate Events Completed.
T 2018-10-10 17:55:58:719 Browser.cpp(700) Entering Browser::GetActiveDialogWindowHandle
T 2018-10-10 17:55:58:719 Browser.cpp(206) Entering Browser::GetContentWindowHandle
D 2018-10-10 17:55:58:719 Browser.cpp(464) Browser busy property is true.
T 2018-10-10 17:55:58:719 IECommandExecutor.cpp(377) Entering IECommandExecutor::WaitThreadProc
T 2018-10-10 17:55:58:919 IECommandExecutor.cpp(172) Entering IECommandExecutor::OnWait
T 2018-10-10 17:55:58:919 IECommandExecutor.cpp(577) Entering IECommandExecutor::GetCurrentBrowser
T 2018-10-10 17:55:58:919 IECommandExecutor.cpp(583) Entering IECommandExecutor::GetManagedBrowser
T 2018-10-10 17:55:58:919 Browser.cpp(438) Entering Browser::Wait
D 2018-10-10 17:55:58:919 Browser.cpp(448) Navigate Events Completed.
T 2018-10-10 17:55:58:919 Browser.cpp(700) Entering Browser::GetActiveDialogWindowHandle
T 2018-10-10 17:55:58:919 Browser.cpp(206) Entering Browser::GetContentWindowHandle
D 2018-10-10 17:55:58:919 Browser.cpp(464) Browser busy property is true.
T 2018-10-10 17:55:58:919 IECommandExecutor.cpp(377) Entering IECommandExecutor::WaitThreadProc
T 2018-10-10 17:55:59:119 IECommandExecutor.cpp(172) Entering IECommandExecutor::OnWait
T 2018-10-10 17:55:59:119 IECommandExecutor.cpp(577) Entering IECommandExecutor::GetCurrentBrowser
T 2018-10-10 17:55:59:119 IECommandExecutor.cpp(583) Entering IECommandExecutor::GetManagedBrowser
T 2018-10-10 17:55:59:119 Browser.cpp(438) Entering Browser::Wait
D 2018-10-10 17:55:59:119 Browser.cpp(448) Navigate Events Completed.
T 2018-10-10 17:55:59:119 Browser.cpp(700) Entering Browser::GetActiveDialogWindowHandle
T 2018-10-10 17:55:59:119 Browser.cpp(206) Entering Browser::GetContentWindowHandle
D 2018-10-10 17:55:59:119 Browser.cpp(464) Browser busy property is true.
T 2018-10-10 17:55:59:119 IECommandExecutor.cpp(377) Entering IECommandExecutor::WaitThreadProc
T 2018-10-10 17:55:59:319 IECommandExecutor.cpp(172) Entering IECommandExecutor::OnWait
T 2018-10-10 17:55:59:319 IECommandExecutor.cpp(577) Entering IECommandExecutor::GetCurrentBrowser
T 2018-10-10 17:55:59:319 IECommandExecutor.cpp(583) Entering IECommandExecutor::GetManagedBrowser
T 2018-10-10 17:55:59:319 Browser.cpp(438) Entering Browser::Wait
D 2018-10-10 17:55:59:319 Browser.cpp(448) Navigate Events Completed.
T 2018-10-10 17:55:59:319 Browser.cpp(700) Entering Browser::GetActiveDialogWindowHandle
T 2018-10-10 17:55:59:319 Browser.cpp(206) Entering Browser::GetContentWindowHandle
D 2018-10-10 17:55:59:319 Browser.cpp(464) Browser busy property is true.
T 2018-10-10 17:55:59:319 IECommandExecutor.cpp(377) Entering IECommandExecutor::WaitThreadProc
T 2018-10-10 17:55:59:519 IECommandExecutor.cpp(172) Entering IECommandExecutor::OnWait
T 2018-10-10 17:55:59:519 IECommandExecutor.cpp(577) Entering IECommandExecutor::GetCurrentBrowser
T 2018-10-10 17:55:59:519 IECommandExecutor.cpp(583) Entering IECommandExecutor::GetManagedBrowser
T 2018-10-10 17:55:59:519 Browser.cpp(438) Entering Browser::Wait
D 2018-10-10 17:55:59:519 Browser.cpp(448) Navigate Events Completed.
T 2018-10-10 17:55:59:519 Browser.cpp(700) Entering Browser::GetActiveDialogWindowHandle
T 2018-10-10 17:55:59:519 Browser.cpp(206) Entering Browser::GetContentWindowHandle
D 2018-10-10 17:55:59:519 Browser.cpp(464) Browser busy property is true.
T 2018-10-10 17:55:59:519 IECommandExecutor.cpp(377) Entering IECommandExecutor::WaitThreadProc
T 2018-10-10 17:55:59:719 IECommandExecutor.cpp(172) Entering IECommandExecutor::OnWait
T 2018-10-10 17:55:59:719 IECommandExecutor.cpp(577) Entering IECommandExecutor::GetCurrentBrowser
T 2018-10-10 17:55:59:719 IECommandExecutor.cpp(583) Entering IECommandExecutor::GetManagedBrowser
T 2018-10-10 17:55:59:719 Browser.cpp(438) Entering Browser::Wait
D 2018-10-10 17:55:59:719 Browser.cpp(448) Navigate Events Completed.
T 2018-10-10 17:55:59:719 Browser.cpp(700) Entering Browser::GetActiveDialogWindowHandle
T 2018-10-10 17:55:59:719 Browser.cpp(206) Entering Browser::GetContentWindowHandle
D 2018-10-10 17:55:59:719 Browser.cpp(464) Browser busy property is true.
T 2018-10-10 17:55:59:719 IECommandExecutor.cpp(377) Entering IECommandExecutor::WaitThreadProc
T 2018-10-10 17:55:59:919 IECommandExecutor.cpp(172) Entering IECommandExecutor::OnWait
T 2018-10-10 17:55:59:919 IECommandExecutor.cpp(577) Entering IECommandExecutor::GetCurrentBrowser
T 2018-10-10 17:55:59:919 IECommandExecutor.cpp(583) Entering IECommandExecutor::GetManagedBrowser
T 2018-10-10 17:55:59:919 Browser.cpp(438) Entering Browser::Wait
D 2018-10-10 17:55:59:919 Browser.cpp(448) Navigate Events Completed.
T 2018-10-10 17:55:59:919 Browser.cpp(700) Entering Browser::GetActiveDialogWindowHandle
T 2018-10-10 17:55:59:919 Browser.cpp(206) Entering Browser::GetContentWindowHandle
D 2018-10-10 17:55:59:919 Browser.cpp(464) Browser busy property is true.
T 2018-10-10 17:55:59:919 IECommandExecutor.cpp(377) Entering IECommandExecutor::WaitThreadProc
T 2018-10-10 17:56:00:119 IECommandExecutor.cpp(172) Entering IECommandExecutor::OnWait
T 2018-10-10 17:56:00:119 IECommandExecutor.cpp(577) Entering IECommandExecutor::GetCurrentBrowser
T 2018-10-10 17:56:00:119 IECommandExecutor.cpp(583) Entering IECommandExecutor::GetManagedBrowser
T 2018-10-10 17:56:00:119 Browser.cpp(438) Entering Browser::Wait
D 2018-10-10 17:56:00:119 Browser.cpp(448) Navigate Events Completed.
T 2018-10-10 17:56:00:119 Browser.cpp(700) Entering Browser::GetActiveDialogWindowHandle
T 2018-10-10 17:56:00:119 Browser.cpp(206) Entering Browser::GetContentWindowHandle
D 2018-10-10 17:56:00:119 Browser.cpp(464) Browser busy property is true.
T 2018-10-10 17:56:00:119 IECommandExecutor.cpp(377) Entering IECommandExecutor::WaitThreadProc
T 2018-10-10 17:56:00:319 IECommandExecutor.cpp(172) Entering IECommandExecutor::OnWait
T 2018-10-10 17:56:00:319 IECommandExecutor.cpp(577) Entering IECommandExecutor::GetCurrentBrowser
T 2018-10-10 17:56:00:319 IECommandExecutor.cpp(583) Entering IECommandExecutor::GetManagedBrowser
T 2018-10-10 17:56:00:319 Browser.cpp(438) Entering Browser::Wait
D 2018-10-10 17:56:00:319 Browser.cpp(448) Navigate Events Completed.
T 2018-10-10 17:56:00:319 Browser.cpp(700) Entering Browser::GetActiveDialogWindowHandle
T 2018-10-10 17:56:00:319 Browser.cpp(206) Entering Browser::GetContentWindowHandle
D 2018-10-10 17:56:00:319 Browser.cpp(464) Browser busy property is true.
T 2018-10-10 17:56:00:319 IECommandExecutor.cpp(377) Entering IECommandExecutor::WaitThreadProc
T 2018-10-10 17:56:00:524 IECommandExecutor.cpp(172) Entering IECommandExecutor::OnWait
T 2018-10-10 17:56:00:524 IECommandExecutor.cpp(577) Entering IECommandExecutor::GetCurrentBrowser
T 2018-10-10 17:56:00:524 IECommandExecutor.cpp(583) Entering IECommandExecutor::GetManagedBrowser
T 2018-10-10 17:56:00:524 Browser.cpp(438) Entering Browser::Wait
D 2018-10-10 17:56:00:524 Browser.cpp(448) Navigate Events Completed.
T 2018-10-10 17:56:00:524 Browser.cpp(700) Entering Browser::GetActiveDialogWindowHandle
T 2018-10-10 17:56:00:524 Browser.cpp(206) Entering Browser::GetContentWindowHandle
D 2018-10-10 17:56:00:524 Browser.cpp(464) Browser busy property is true.
T 2018-10-10 17:56:00:524 IECommandExecutor.cpp(377) Entering IECommandExecutor::WaitThreadProc
T 2018-10-10 17:56:00:725 IECommandExecutor.cpp(172) Entering IECommandExecutor::OnWait
T 2018-10-10 17:56:00:725 IECommandExecutor.cpp(577) Entering IECommandExecutor::GetCurrentBrowser
T 2018-10-10 17:56:00:725 IECommandExecutor.cpp(583) Entering IECommandExecutor::GetManagedBrowser
T 2018-10-10 17:56:00:725 Browser.cpp(438) Entering Browser::Wait
D 2018-10-10 17:56:00:725 Browser.cpp(448) Navigate Events Completed.
T 2018-10-10 17:56:00:725 Browser.cpp(700) Entering Browser::GetActiveDialogWindowHandle
T 2018-10-10 17:56:00:725 Browser.cpp(206) Entering Browser::GetContentWindowHandle
D 2018-10-10 17:56:00:725 Browser.cpp(464) Browser busy property is true.
T 2018-10-10 17:56:00:725 IECommandExecutor.cpp(377) Entering IECommandExecutor::WaitThreadProc
T 2018-10-10 17:56:00:925 IECommandExecutor.cpp(172) Entering IECommandExecutor::OnWait
T 2018-10-10 17:56:00:925 IECommandExecutor.cpp(577) Entering IECommandExecutor::GetCurrentBrowser
T 2018-10-10 17:56:00:925 IECommandExecutor.cpp(583) Entering IECommandExecutor::GetManagedBrowser
T 2018-10-10 17:56:00:925 Browser.cpp(438) Entering Browser::Wait
D 2018-10-10 17:56:00:925 Browser.cpp(448) Navigate Events Completed.
T 2018-10-10 17:56:00:925 Browser.cpp(700) Entering Browser::GetActiveDialogWindowHandle
T 2018-10-10 17:56:00:925 Browser.cpp(206) Entering Browser::GetContentWindowHandle
D 2018-10-10 17:56:01:005 Browser.cpp(464) Browser busy property is true.
T 2018-10-10 17:56:01:005 IECommandExecutor.cpp(377) Entering IECommandExecutor::WaitThreadProc
T 2018-10-10 17:56:01:205 IECommandExecutor.cpp(172) Entering IECommandExecutor::OnWait
T 2018-10-10 17:56:01:205 IECommandExecutor.cpp(577) Entering IECommandExecutor::GetCurrentBrowser
T 2018-10-10 17:56:01:205 IECommandExecutor.cpp(583) Entering IECommandExecutor::GetManagedBrowser
T 2018-10-10 17:56:01:205 Browser.cpp(438) Entering Browser::Wait
D 2018-10-10 17:56:01:205 Browser.cpp(448) Navigate Events Completed.
T 2018-10-10 17:56:01:205 Browser.cpp(700) Entering Browser::GetActiveDialogWindowHandle
T 2018-10-10 17:56:01:205 Browser.cpp(206) Entering Browser::GetContentWindowHandle
D 2018-10-10 17:56:01:747 Browser.cpp(464) Browser busy property is true.
T 2018-10-10 17:56:01:747 IECommandExecutor.cpp(377) Entering IECommandExecutor::WaitThreadProc
T 2018-10-10 17:56:01:947 IECommandExecutor.cpp(172) Entering IECommandExecutor::OnWait
T 2018-10-10 17:56:01:947 IECommandExecutor.cpp(577) Entering IECommandExecutor::GetCurrentBrowser
T 2018-10-10 17:56:01:947 IECommandExecutor.cpp(583) Entering IECommandExecutor::GetManagedBrowser
T 2018-10-10 17:56:01:947 Browser.cpp(438) Entering Browser::Wait
D 2018-10-10 17:56:01:947 Browser.cpp(448) Navigate Events Completed.
T 2018-10-10 17:56:01:947 Browser.cpp(700) Entering Browser::GetActiveDialogWindowHandle
T 2018-10-10 17:56:01:947 Browser.cpp(206) Entering Browser::GetContentWindowHandle
T 2018-10-10 17:56:01:962 Browser.cpp(96) Entering Browser::DocumentComplete
D 2018-10-10 17:56:01:964 Browser.cpp(508) Waiting for document to complete...
T 2018-10-10 17:56:01:964 Browser.cpp(522) Entering Browser::IsDocumentNavigating
D 2018-10-10 17:56:01:969 Browser.cpp(534) DocumentComplete event fired, indicating a new navigation.
T 2018-10-10 17:56:01:969 IECommandExecutor.cpp(377) Entering IECommandExecutor::WaitThreadProc
D 2018-10-10 17:56:01:969 ElementRepository.cpp(113) Refreshing managed element cache. Found 0 to remove from cache.
T 2018-10-10 17:56:02:169 IECommandExecutor.cpp(172) Entering IECommandExecutor::OnWait
T 2018-10-10 17:56:02:169 IECommandExecutor.cpp(577) Entering IECommandExecutor::GetCurrentBrowser
T 2018-10-10 17:56:02:169 IECommandExecutor.cpp(583) Entering IECommandExecutor::GetManagedBrowser
T 2018-10-10 17:56:02:169 Browser.cpp(438) Entering Browser::Wait
D 2018-10-10 17:56:02:169 Browser.cpp(448) Navigate Events Completed.
T 2018-10-10 17:56:02:169 Browser.cpp(700) Entering Browser::GetActiveDialogWindowHandle
T 2018-10-10 17:56:02:169 Browser.cpp(206) Entering Browser::GetContentWindowHandle
D 2018-10-10 17:56:02:179 Browser.cpp(508) Waiting for document to complete...
T 2018-10-10 17:56:02:179 Browser.cpp(522) Entering Browser::IsDocumentNavigating
D 2018-10-10 17:56:02:215 Browser.cpp(513) Not in navigating state
T 2018-10-10 17:56:02:222 IESession.cpp(221) Found non-zero response length
T 2018-10-10 17:56:02:222 IECommandExecutor.cpp(156) Entering IECommandExecutor::OnGetResponse
T 2018-10-10 17:56:02:222 IECommandExecutor.cpp(285) Entering IECommandExecutor::OnIsSessionValid
D 2018-10-10 17:56:02:222 server.cc(338) Response: {"value":null}

T 2018-10-10 17:56:02:222 server.cc(391) Entering Server::SendResponseToClient
T 2018-10-10 17:56:02:222 response.cc(30) Entering Response::Deserialize
T 2018-10-10 17:56:02:222 server.cc(445) Entering Server::SendHttpOk
T 2018-10-11 11:44:38:942 Browser.cpp(54) Entering Browser::OnQuit
T 2018-10-11 11:44:38:942 DocumentHost.cpp(252) Entering DocumentHost::PostQuitMessage
T 2018-10-11 11:44:38:942 IECommandExecutor.cpp(250) Entering IECommandExecutor::OnBrowserQuit
T 2018-10-11 11:44:38:942 IECommandExecutor.cpp(529) Entering IECommandExecutor::IsAlertActive
T 2018-10-11 11:44:38:942 Browser.cpp(700) Entering Browser::GetActiveDialogWindowHandle
T 2018-10-11 11:44:38:942 Browser.cpp(206) Entering Browser::GetContentWindowHandle
D 2018-10-11 11:44:38:942 IECommandExecutor.cpp(543) No alert handle is found
T 2018-10-11 11:44:38:942 Browser.cpp(300) Entering Browser::DetachEvents
